<?xml version="1.0" encoding="UTF-8"?>
<robot generator="Robot 6.1.1 (Python 3.10.12 on win32)" generated="20240806 15:07:12.888" rpa="false" schemaversion="4">
<suite id="s1" name="Tests" source="c:\QA\fx-gui\tests">
<kw name="Suite setup" type="SETUP">
<kw name="New Browser" library="Browser">
<arg>browser=chromium</arg>
<arg>headless=false</arg>
<arg>slowMo=100ms</arg>
<tag>BrowserControl</tag>
<tag>Setter</tag>
<doc>Create a new playwright Browser with specified options.</doc>
<msg timestamp="20240806 15:07:24.716" level="INFO">{"browser": "chromium", "headless": false, "chromiumSandbox": false, "devtools": false, "handleSIGHUP": true, "handleSIGINT": true, "handleSIGTERM": true, "slowMo": 100.0, "timeout": 30000.0, "tracesDir": "C:\\QA\\fx-gui\\browser\\traces\\1a6e6ea2-d2a8-4840-8a5e-c46263c72dbe"}</msg>
<msg timestamp="20240806 15:07:26.225" level="INFO">Successfully created browser with options: {"browser":"chromium","headless":false,"chromiumSandbox":false,"devtools":false,"handleSIGHUP":true,"handleSIGINT":true,"handleSIGTERM":true,"slowMo":100,"timeout":30000,"tracesDir":"C:\\QA\\fx-gui\\browser\\traces\\1a6e6ea2-d2a8-4840-8a5e-c46263c72dbe"}</msg>
<status status="PASS" starttime="20240806 15:07:24.713" endtime="20240806 15:07:26.227"/>
</kw>
<kw name="New Context" library="Browser">
<arg>viewport={'width': 1920, 'height': 1000}</arg>
<arg>screen={'width': 1600, 'height': 900}</arg>
<tag>BrowserControl</tag>
<tag>Setter</tag>
<doc>Create a new BrowserContext with specified options.</doc>
<msg timestamp="20240806 15:07:26.234" level="INFO">{
  "acceptDownloads": true,
  "bypassCSP": false,
  "forcedColors": "none",
  "hideRfBrowser": "",
  "ignoreHTTPSErrors": false,
  "javaScriptEnabled": true,
  "offline": false,
  "reducedMotion": "no-preference",
  "screen": {
    "width": 1600,
    "height": 900
  },
  "serviceWorkers": "allow",
  "viewport": {
    "height": 1000,
    "width": 1920
  }
}</msg>
<msg timestamp="20240806 15:07:26.272" level="INFO">Successfully created context. </msg>
<msg timestamp="20240806 15:07:26.273" level="INFO">{'acceptDownloads': True, 'bypassCSP': False, 'forcedColors': 'none', 'hideRfBrowser': '', 'ignoreHTTPSErrors': False, 'javaScriptEnabled': True, 'offline': False, 'reducedMotion': 'no-preference', 'screen': {'width': 1600, 'height': 900}, 'serviceWorkers': 'allow', 'viewport': {'height': 1000, 'width': 1920}}</msg>
<status status="PASS" starttime="20240806 15:07:26.228" endtime="20240806 15:07:26.274"/>
</kw>
<kw name="Populate environment">
<kw name="Set Global Variable" library="BuiltIn">
<arg>${RESOURCES}</arg>
<arg>c:\\QA\\fx-gui\\tests/../resources</arg>
<doc>Makes a variable available globally in all tests and suites.</doc>
<msg timestamp="20240806 15:07:26.284" level="INFO">${RESOURCES} = c:\QA\fx-gui\tests/../resources</msg>
<status status="PASS" starttime="20240806 15:07:26.278" endtime="20240806 15:07:26.285"/>
</kw>
<kw name="Log To Console" library="BuiltIn">
<arg>Setting global variables from ${target_config}</arg>
<doc>Logs the given message to the console.</doc>
<status status="PASS" starttime="20240806 15:07:26.286" endtime="20240806 15:07:26.288"/>
</kw>
<kw name="Get Variables From File" library="get_variables">
<var>${items}</var>
<arg>c:\\QA\\fx-gui\\tests/../../${target_config}</arg>
<doc>Get variables from the file and return them in dictionary.
Parses string patterns like "TARGET_FRONTEND_IP": "10.78.185.23"</doc>
<msg timestamp="20240806 15:07:26.292" level="FAIL">FileNotFoundError: [Errno 2] No such file or directory: 'c:\\QA\\fx-gui\\tests/../../targetconfig.json'</msg>
<status status="FAIL" starttime="20240806 15:07:26.289" endtime="20240806 15:07:26.295"/>
</kw>
<for flavor="IN">
<var>${key}</var>
<var>${value}</var>
<value>&amp;{items}</value>
<iter>
<var name="${key}"/>
<var name="${value}"/>
<kw name="Set Global Variable" library="BuiltIn">
<arg>${${key}}</arg>
<arg>${value}</arg>
<doc>Makes a variable available globally in all tests and suites.</doc>
<status status="NOT RUN" starttime="20240806 15:07:26.300" endtime="20240806 15:07:26.301"/>
</kw>
<kw name="Log To Console" library="BuiltIn">
<arg>${key} = ${value}</arg>
<doc>Logs the given message to the console.</doc>
<status status="NOT RUN" starttime="20240806 15:07:26.302" endtime="20240806 15:07:26.303"/>
</kw>
<status status="NOT RUN" starttime="20240806 15:07:26.298" endtime="20240806 15:07:26.303"/>
</iter>
<status status="NOT RUN" starttime="20240806 15:07:26.296" endtime="20240806 15:07:26.304"/>
</for>
<status status="FAIL" starttime="20240806 15:07:26.275" endtime="20240806 15:07:26.305"/>
</kw>
<status status="FAIL" starttime="20240806 15:07:24.712" endtime="20240806 15:07:26.306"/>
</kw>
<suite id="s1-s1" name="Activations" source="c:\QA\fx-gui\tests\activations.robot">
<test id="s1-s1-t1" name="Test activations work" line="18">
<status status="FAIL" starttime="20240806 15:07:26.310" endtime="20240806 15:07:26.316">Parent suite setup failed:
FileNotFoundError: [Errno 2] No such file or directory: 'c:\\QA\\fx-gui\\tests/../../targetconfig.json'</status>
</test>
<status status="FAIL" starttime="20240806 15:07:26.306" endtime="20240806 15:07:26.330">Parent suite setup failed:
FileNotFoundError: [Errno 2] No such file or directory: 'c:\\QA\\fx-gui\\tests/../../targetconfig.json'</status>
</suite>
<status status="FAIL" starttime="20240806 15:07:12.927" endtime="20240806 15:07:26.339">Suite setup failed:
FileNotFoundError: [Errno 2] No such file or directory: 'c:\\QA\\fx-gui\\tests/../../targetconfig.json'</status>
</suite>
<statistics>
<total>
<stat pass="0" fail="1" skip="0">All Tests</stat>
</total>
<tag>
</tag>
<suite>
<stat pass="0" fail="1" skip="0" id="s1" name="Tests">Tests</stat>
<stat pass="0" fail="1" skip="0" id="s1-s1" name="Activations">Tests.Activations</stat>
</suite>
</statistics>
<errors>
</errors>
</robot>
