<?xml version="1.0" encoding="UTF-8"?>
<robot generator="Robot 6.1.1 (Python 3.10.12 on win32)" generated="20240807 16:12:13.650" rpa="false" schemaversion="4">
<suite id="s1" name="Tests" source="c:\QA\fx-gui\tests">
<kw name="Suite setup" type="SETUP">
<kw name="New Browser" library="Browser">
<arg>browser=chromium</arg>
<arg>headless=false</arg>
<arg>slowMo=300ms</arg>
<tag>BrowserControl</tag>
<tag>Setter</tag>
<doc>Create a new playwright Browser with specified options.</doc>
<msg timestamp="20240807 16:12:21.440" level="INFO">{"browser": "chromium", "headless": false, "chromiumSandbox": false, "devtools": false, "handleSIGHUP": true, "handleSIGINT": true, "handleSIGTERM": true, "slowMo": 300.0, "timeout": 30000.0, "tracesDir": "C:\\QA\\fx-gui\\results\\browser\\traces\\08766a34-3c96-4b23-bc87-99d566d59ede"}</msg>
<msg timestamp="20240807 16:12:22.334" level="INFO">Successfully created browser with options: {"browser":"chromium","headless":false,"chromiumSandbox":false,"devtools":false,"handleSIGHUP":true,"handleSIGINT":true,"handleSIGTERM":true,"slowMo":300,"timeout":30000,"tracesDir":"C:\\QA\\fx-gui\\results\\browser\\traces\\08766a34-3c96-4b23-bc87-99d566d59ede"}</msg>
<status status="PASS" starttime="20240807 16:12:21.439" endtime="20240807 16:12:22.334"/>
</kw>
<kw name="New Context" library="Browser">
<arg>viewport={'width': 1920, 'height': 1000}</arg>
<arg>screen={'width': 1600, 'height': 900}</arg>
<arg>deviceScaleFactor=0.8</arg>
<tag>BrowserControl</tag>
<tag>Setter</tag>
<doc>Create a new BrowserContext with specified options.</doc>
<msg timestamp="20240807 16:12:22.339" level="INFO">{
  "acceptDownloads": true,
  "bypassCSP": false,
  "deviceScaleFactor": 0.8,
  "forcedColors": "none",
  "hideRfBrowser": "",
  "ignoreHTTPSErrors": false,
  "javaScriptEnabled": true,
  "offline": false,
  "reducedMotion": "no-preference",
  "screen": {
    "width": 1600,
    "height": 900
  },
  "serviceWorkers": "allow",
  "viewport": {
    "width": 1920,
    "height": 1000
  }
}</msg>
<msg timestamp="20240807 16:12:22.360" level="INFO">Successfully created context. </msg>
<msg timestamp="20240807 16:12:22.360" level="INFO">{'acceptDownloads': True, 'bypassCSP': False, 'deviceScaleFactor': 0.8, 'forcedColors': 'none', 'hideRfBrowser': '', 'ignoreHTTPSErrors': False, 'javaScriptEnabled': True, 'offline': False, 'reducedMotion': 'no-preference', 'screen': {'width': 1600, 'height': 900}, 'serviceWorkers': 'allow', 'viewport': {'width': 1920, 'height': 1000}}</msg>
<status status="PASS" starttime="20240807 16:12:22.335" endtime="20240807 16:12:22.361"/>
</kw>
<kw name="Populate environment">
<kw name="Set Global Variable" library="BuiltIn">
<arg>${RESOURCES}</arg>
<arg>c:\\QA\\fx-gui\\tests\\resources</arg>
<doc>Makes a variable available globally in all tests and suites.</doc>
<msg timestamp="20240807 16:12:22.364" level="INFO">${RESOURCES} = c:\QA\fx-gui\tests\resources</msg>
<status status="PASS" starttime="20240807 16:12:22.362" endtime="20240807 16:12:22.364"/>
</kw>
<kw name="Log To Console" library="BuiltIn">
<arg>Setting global variables from c:\\QA\\fx-gui\\tests\\${target_config}</arg>
<doc>Logs the given message to the console.</doc>
<status status="PASS" starttime="20240807 16:12:22.365" endtime="20240807 16:12:22.366"/>
</kw>
<kw name="Get Variables From File" library="get_variables">
<var>${items}</var>
<arg>c:\\QA\\fx-gui\\tests\\${target_config}</arg>
<doc>Get variables from the file and return them in dictionary.
Parses string patterns like "TARGET_FRONTEND_IP": "10.78.185.23"</doc>
<msg timestamp="20240807 16:12:22.378" level="INFO">${items} = {'TARGET_USER': 'system', 'TARGET_USER_PASSWORD': '24680', 'TARGET_FRONTEND_IP': '10.100.1.198', 'TARGET_FRONTEND_PORT': '80'}</msg>
<status status="PASS" starttime="20240807 16:12:22.367" endtime="20240807 16:12:22.379"/>
</kw>
<for flavor="IN">
<var>${key}</var>
<var>${value}</var>
<value>&amp;{items}</value>
<iter>
<var name="${key}">TARGET_USER</var>
<var name="${value}">system</var>
<kw name="Set Global Variable" library="BuiltIn">
<arg>${${key}}</arg>
<arg>${value}</arg>
<doc>Makes a variable available globally in all tests and suites.</doc>
<msg timestamp="20240807 16:12:22.382" level="INFO">${TARGET_USER} = system</msg>
<status status="PASS" starttime="20240807 16:12:22.381" endtime="20240807 16:12:22.382"/>
</kw>
<kw name="Log To Console" library="BuiltIn">
<arg>${key} = ${value}</arg>
<doc>Logs the given message to the console.</doc>
<status status="PASS" starttime="20240807 16:12:22.383" endtime="20240807 16:12:22.384"/>
</kw>
<status status="PASS" starttime="20240807 16:12:22.380" endtime="20240807 16:12:22.384"/>
</iter>
<iter>
<var name="${key}">TARGET_USER_PASSWORD</var>
<var name="${value}">24680</var>
<kw name="Set Global Variable" library="BuiltIn">
<arg>${${key}}</arg>
<arg>${value}</arg>
<doc>Makes a variable available globally in all tests and suites.</doc>
<msg timestamp="20240807 16:12:22.387" level="INFO">${TARGET_USER_PASSWORD} = 24680</msg>
<status status="PASS" starttime="20240807 16:12:22.385" endtime="20240807 16:12:22.387"/>
</kw>
<kw name="Log To Console" library="BuiltIn">
<arg>${key} = ${value}</arg>
<doc>Logs the given message to the console.</doc>
<status status="PASS" starttime="20240807 16:12:22.387" endtime="20240807 16:12:22.388"/>
</kw>
<status status="PASS" starttime="20240807 16:12:22.385" endtime="20240807 16:12:22.389"/>
</iter>
<iter>
<var name="${key}">TARGET_FRONTEND_IP</var>
<var name="${value}">10.100.1.198</var>
<kw name="Set Global Variable" library="BuiltIn">
<arg>${${key}}</arg>
<arg>${value}</arg>
<doc>Makes a variable available globally in all tests and suites.</doc>
<msg timestamp="20240807 16:12:22.392" level="INFO">${TARGET_FRONTEND_IP} = 10.100.1.198</msg>
<status status="PASS" starttime="20240807 16:12:22.390" endtime="20240807 16:12:22.393"/>
</kw>
<kw name="Log To Console" library="BuiltIn">
<arg>${key} = ${value}</arg>
<doc>Logs the given message to the console.</doc>
<status status="PASS" starttime="20240807 16:12:22.393" endtime="20240807 16:12:22.395"/>
</kw>
<status status="PASS" starttime="20240807 16:12:22.389" endtime="20240807 16:12:22.395"/>
</iter>
<iter>
<var name="${key}">TARGET_FRONTEND_PORT</var>
<var name="${value}">80</var>
<kw name="Set Global Variable" library="BuiltIn">
<arg>${${key}}</arg>
<arg>${value}</arg>
<doc>Makes a variable available globally in all tests and suites.</doc>
<msg timestamp="20240807 16:12:22.398" level="INFO">${TARGET_FRONTEND_PORT} = 80</msg>
<status status="PASS" starttime="20240807 16:12:22.396" endtime="20240807 16:12:22.398"/>
</kw>
<kw name="Log To Console" library="BuiltIn">
<arg>${key} = ${value}</arg>
<doc>Logs the given message to the console.</doc>
<status status="PASS" starttime="20240807 16:12:22.398" endtime="20240807 16:12:22.399"/>
</kw>
<status status="PASS" starttime="20240807 16:12:22.395" endtime="20240807 16:12:22.400"/>
</iter>
<status status="PASS" starttime="20240807 16:12:22.379" endtime="20240807 16:12:22.400"/>
</for>
<status status="PASS" starttime="20240807 16:12:22.361" endtime="20240807 16:12:22.400"/>
</kw>
<status status="PASS" starttime="20240807 16:12:21.438" endtime="20240807 16:12:22.401"/>
</kw>
<suite id="s1-s1" name="Automation" source="c:\QA\fx-gui\tests\automation.robot">
<test id="s1-s1-t1" name="Manipulate Good AD Points" line="494">
<kw name="Go to main view" library="navigate" type="SETUP">
<doc>This will make sure we are logged in</doc>
<kw name="Go to login page" library="navigate">
<kw name="Set Browser Timeout" library="Browser">
<arg>10s</arg>
<tag>Config</tag>
<tag>Setter</tag>
<doc>Sets the timeout used by most input and getter keywords.</doc>
<status status="PASS" starttime="20240807 16:12:30.721" endtime="20240807 16:12:30.721"/>
</kw>
<kw name="New Page" library="Browser">
<arg>http://${TARGET_FRONTEND_IP}:${TARGET_FRONTEND_PORT}</arg>
<tag>BrowserControl</tag>
<tag>Setter</tag>
<doc>Open a new Page.</doc>
<msg timestamp="20240807 16:12:32.607" level="INFO">Successfully initialized new page object and opened url: http://10.100.1.198:80</msg>
<status status="PASS" starttime="20240807 16:12:30.721" endtime="20240807 16:12:32.608"/>
</kw>
<status status="PASS" starttime="20240807 16:12:30.720" endtime="20240807 16:12:32.608"/>
</kw>
<kw name="Run Keyword And Return Status" library="BuiltIn">
<var>${login_page}</var>
<arg>Wait For Elements State</arg>
<arg>${selector_dashboard_visible}</arg>
<arg>visible</arg>
<arg>timeout=2s</arg>
<doc>Runs the given keyword with given arguments and returns the status as a Boolean value.</doc>
<kw name="Wait For Elements State" library="Browser">
<arg>${selector_dashboard_visible}</arg>
<arg>visible</arg>
<arg>timeout=2s</arg>
<tag>PageContent</tag>
<tag>Wait</tag>
<doc>Waits for the element found by ``selector`` to satisfy state option.</doc>
<msg timestamp="20240807 16:12:34.778" level="INFO" html="true">&lt;/td&gt;&lt;/tr&gt;&lt;tr&gt;&lt;td colspan="3"&gt;&lt;a href="browser/screenshot/fail-screenshot-1.png" target="_blank"&gt;&lt;img src="browser/screenshot/fail-screenshot-1.png" width="800px"/&gt;&lt;/a&gt;</msg>
<msg timestamp="20240807 16:12:34.778" level="INFO">See also file:///C:/QA/fx-gui/results/playwright-log.txt for additional details.</msg>
<msg timestamp="20240807 16:12:34.779" level="FAIL">TimeoutError: locator.waitFor: Timeout 2000ms exceeded.
=========================== logs ===========================
waiting for locator('xpath=//mat-icon[@title=\'Open dashboard settings\']') to be visible
============================================================
Tip: Use "Set Browser Timeout" for increasing the timeout or double check your locator as the targeted element(s) couldn't be found.</msg>
<status status="FAIL" starttime="20240807 16:12:32.609" endtime="20240807 16:12:34.781"/>
</kw>
<msg timestamp="20240807 16:12:34.782" level="INFO">${login_page} = False</msg>
<status status="PASS" starttime="20240807 16:12:32.609" endtime="20240807 16:12:34.782"/>
</kw>
<kw name="Sleep" library="BuiltIn">
<arg>1s</arg>
<doc>Pauses the test executed for the given time.</doc>
<msg timestamp="20240807 16:12:35.795" level="INFO">Slept 1 second</msg>
<status status="PASS" starttime="20240807 16:12:34.782" endtime="20240807 16:12:35.796"/>
</kw>
<if>
<branch type="IF" condition="${login_page} == ${FALSE}">
<kw name="Login with credentials" library="login">
<arg>${TARGET_USER}</arg>
<arg>${TARGET_USER_PASSWORD}</arg>
<doc>This keyword will login to the application with the given credentials.
This only works if we are in the login page.</doc>
<kw name="Fill text to username field" library="login">
<arg>${username}</arg>
<doc>This keyword will input text to username field</doc>
<kw name="Fill Text" library="Browser">
<arg>${selector_username_field}</arg>
<arg>${username}</arg>
<tag>PageContent</tag>
<tag>Setter</tag>
<doc>Clears and fills the given ``txt`` into the text field found by ``selector``.</doc>
<msg timestamp="20240807 16:12:35.798" level="INFO">Fills the text 'system' in the given field.</msg>
<status status="PASS" starttime="20240807 16:12:35.798" endtime="20240807 16:12:36.129"/>
</kw>
<status status="PASS" starttime="20240807 16:12:35.797" endtime="20240807 16:12:36.130"/>
</kw>
<kw name="Fill text to password field" library="login">
<arg>${password}</arg>
<doc>This keyword will input text to password field</doc>
<kw name="Fill Text" library="Browser">
<arg>${selector_password_field}</arg>
<arg>${password}</arg>
<tag>PageContent</tag>
<tag>Setter</tag>
<doc>Clears and fills the given ``txt`` into the text field found by ``selector``.</doc>
<msg timestamp="20240807 16:12:36.131" level="INFO">Fills the text '24680' in the given field.</msg>
<status status="PASS" starttime="20240807 16:12:36.131" endtime="20240807 16:12:36.451"/>
</kw>
<status status="PASS" starttime="20240807 16:12:36.130" endtime="20240807 16:12:36.451"/>
</kw>
<kw name="Click login button" library="login">
<kw name="Click" library="Browser">
<arg>${selector_login_button}</arg>
<tag>PageContent</tag>
<tag>Setter</tag>
<doc>Simulates mouse click on the element found by ``selector``.</doc>
<status status="PASS" starttime="20240807 16:12:36.452" endtime="20240807 16:12:36.802"/>
</kw>
<status status="PASS" starttime="20240807 16:12:36.452" endtime="20240807 16:12:36.802"/>
</kw>
<kw name="Validate logged in" library="login">
<kw name="Wait For Elements State" library="Browser">
<arg>${selector_topbar}</arg>
<arg>visible</arg>
<arg>2s</arg>
<tag>PageContent</tag>
<tag>Wait</tag>
<doc>Waits for the element found by ``selector`` to satisfy state option.</doc>
<msg timestamp="20240807 16:12:36.810" level="INFO">Waited for Element with selector xpath=//mat-toolbar[@id='header'] at state visible</msg>
<status status="PASS" starttime="20240807 16:12:36.803" endtime="20240807 16:12:36.811"/>
</kw>
<status status="PASS" starttime="20240807 16:12:36.803" endtime="20240807 16:12:36.811"/>
</kw>
<status status="PASS" starttime="20240807 16:12:35.797" endtime="20240807 16:12:36.811"/>
</kw>
<status status="PASS" starttime="20240807 16:12:35.796" endtime="20240807 16:12:36.811"/>
</branch>
<status status="PASS" starttime="20240807 16:12:35.796" endtime="20240807 16:12:36.812"/>
</if>
<kw name="Validate logged in" library="login">
<kw name="Wait For Elements State" library="Browser">
<arg>${selector_topbar}</arg>
<arg>visible</arg>
<arg>2s</arg>
<tag>PageContent</tag>
<tag>Wait</tag>
<doc>Waits for the element found by ``selector`` to satisfy state option.</doc>
<msg timestamp="20240807 16:12:36.819" level="INFO">Waited for Element with selector xpath=//mat-toolbar[@id='header'] at state visible</msg>
<status status="PASS" starttime="20240807 16:12:36.813" endtime="20240807 16:12:36.819"/>
</kw>
<status status="PASS" starttime="20240807 16:12:36.812" endtime="20240807 16:12:36.820"/>
</kw>
<kw name="Run Keyword And Ignore Error" library="BuiltIn">
<arg>Wait Until Network Is Idle</arg>
<doc>Runs the given keyword with the given arguments and ignores possible error.</doc>
<kw name="Wait Until Network Is Idle" library="Browser">
<tag>HTTP</tag>
<tag>Wait</tag>
<doc>Waits until there has been at least one instance of 500 ms of no network traffic on the page after loading.</doc>
<status status="PASS" starttime="20240807 16:12:36.820" endtime="20240807 16:12:36.825"/>
</kw>
<status status="PASS" starttime="20240807 16:12:36.820" endtime="20240807 16:12:36.825"/>
</kw>
<kw name="Wait For Elements State" library="Browser">
<arg>${selector_dashboard_visible}</arg>
<arg>visible</arg>
<tag>PageContent</tag>
<tag>Wait</tag>
<doc>Waits for the element found by ``selector`` to satisfy state option.</doc>
<msg timestamp="20240807 16:12:36.831" level="INFO">Waited for Element with selector xpath=//mat-icon[@title='Open dashboard settings'] at state visible</msg>
<status status="PASS" starttime="20240807 16:12:36.826" endtime="20240807 16:12:36.832"/>
</kw>
<kw name="Change language to english" library="language" sourcename="Change language to ${language}">
<doc>Changes the language to the given language. This will use top right
menu to change the language.</doc>
<kw name="Click" library="Browser">
<arg>${selector_language_usermenu}</arg>
<tag>PageContent</tag>
<tag>Setter</tag>
<doc>Simulates mouse click on the element found by ``selector``.</doc>
<status status="PASS" starttime="20240807 16:12:36.833" endtime="20240807 16:12:37.229"/>
</kw>
<kw name="Run Keyword And Continue On Failure" library="BuiltIn">
<var>${version_info}</var>
<arg>Browser.Get Text</arg>
<arg>xpath=//div[contains(@class, 'version_info')]</arg>
<doc>Runs the keyword and continues execution even if a failure occurs.</doc>
<kw name="Get Text" library="Browser">
<arg>xpath=//div[contains(@class, 'version_info')]</arg>
<tag>Assertion</tag>
<tag>Getter</tag>
<tag>PageContent</tag>
<doc>Returns text attribute of the element found by ``selector``.</doc>
<msg timestamp="20240807 16:12:37.255" level="INFO">Text: '20.0.73 dev'</msg>
<status status="PASS" starttime="20240807 16:12:37.230" endtime="20240807 16:12:37.256"/>
</kw>
<msg timestamp="20240807 16:12:37.256" level="INFO">${version_info} = 20.0.73 dev</msg>
<status status="PASS" starttime="20240807 16:12:37.230" endtime="20240807 16:12:37.256"/>
</kw>
<kw name="Set Global Variable" library="BuiltIn">
<arg>${version_info}</arg>
<arg>${version_info}</arg>
<doc>Makes a variable available globally in all tests and suites.</doc>
<msg timestamp="20240807 16:12:37.258" level="INFO">${version_info} = 20.0.73 dev</msg>
<status status="PASS" starttime="20240807 16:12:37.257" endtime="20240807 16:12:37.259"/>
</kw>
<kw name="Click" library="Browser">
<arg>${selector_language_${language.lower()}}</arg>
<tag>PageContent</tag>
<tag>Setter</tag>
<doc>Simulates mouse click on the element found by ``selector``.</doc>
<status status="PASS" starttime="20240807 16:12:37.259" endtime="20240807 16:12:37.607"/>
</kw>
<status status="PASS" starttime="20240807 16:12:36.832" endtime="20240807 16:12:37.607"/>
</kw>
<status status="PASS" starttime="20240807 16:12:30.719" endtime="20240807 16:12:37.607"/>
</kw>
<kw name="Go to automation alarm devices" library="navigate">
<kw name="Go to automation" library="navigate">
<kw name="Sleep" library="BuiltIn">
<arg>10ms</arg>
<doc>Pauses the test executed for the given time.</doc>
<msg timestamp="20240807 16:12:37.621" level="INFO">Slept 10 milliseconds</msg>
<status status="PASS" starttime="20240807 16:12:37.610" endtime="20240807 16:12:37.621"/>
</kw>
<kw name="Click" library="Browser">
<arg>${selector_navbar_automation}</arg>
<tag>PageContent</tag>
<tag>Setter</tag>
<doc>Simulates mouse click on the element found by ``selector``.</doc>
<status status="PASS" starttime="20240807 16:12:37.622" endtime="20240807 16:12:37.957"/>
</kw>
<kw name="Wait For Elements State" library="Browser">
<arg>${selector_automation_visible}</arg>
<arg>visible</arg>
<tag>PageContent</tag>
<tag>Wait</tag>
<doc>Waits for the element found by ``selector`` to satisfy state option.</doc>
<msg timestamp="20240807 16:12:37.965" level="INFO">Waited for Element with selector xpath=//div[@class='automation-toolbar-header'] | //div[@class='automation-menu'] at state visible</msg>
<status status="PASS" starttime="20240807 16:12:37.957" endtime="20240807 16:12:37.965"/>
</kw>
<status status="PASS" starttime="20240807 16:12:37.609" endtime="20240807 16:12:37.965"/>
</kw>
<kw name="Click" library="Browser">
<arg>${selector_automation_alarm_devices}</arg>
<tag>PageContent</tag>
<tag>Setter</tag>
<doc>Simulates mouse click on the element found by ``selector``.</doc>
<status status="PASS" starttime="20240807 16:12:37.966" endtime="20240807 16:12:38.307"/>
</kw>
<status status="PASS" starttime="20240807 16:12:37.609" endtime="20240807 16:12:38.307"/>
</kw>
<kw name="Generate Random Point Name" library="global_variables">
<var>${random_point}</var>
<arg>first_part=AD</arg>
<arg>last_part=AD</arg>
<arg>delimiter=_</arg>
<kw name="Evaluate" library="BuiltIn">
<var>${random_string}</var>
<arg>''.join(random.choices(string.ascii_uppercase, k=8))</arg>
<doc>Evaluates the given expression in Python and returns the result.</doc>
<msg timestamp="20240807 16:12:38.310" level="INFO">${random_string} = HFWNUAXJ</msg>
<status status="PASS" starttime="20240807 16:12:38.309" endtime="20240807 16:12:38.310"/>
</kw>
<kw name="Evaluate" library="BuiltIn">
<var>${third_part}</var>
<arg>"{:03d}".format(random.randint(0, 999))</arg>
<doc>Evaluates the given expression in Python and returns the result.</doc>
<msg timestamp="20240807 16:12:38.311" level="INFO">${third_part} = 240</msg>
<status status="PASS" starttime="20240807 16:12:38.311" endtime="20240807 16:12:38.311"/>
</kw>
<kw name="Evaluate" library="BuiltIn">
<var>${final_string}</var>
<arg>"${first_part}${delimiter}${random_string}${delimiter}${third_part}${delimiter}${last_part}"</arg>
<doc>Evaluates the given expression in Python and returns the result.</doc>
<msg timestamp="20240807 16:12:38.312" level="INFO">${final_string} = AD_HFWNUAXJ_240_AD</msg>
<status status="PASS" starttime="20240807 16:12:38.311" endtime="20240807 16:12:38.312"/>
</kw>
<return>
<value>${final_string}</value>
<status status="PASS" starttime="20240807 16:12:38.312" endtime="20240807 16:12:38.312"/>
</return>
<msg timestamp="20240807 16:12:38.312" level="INFO">${random_point} = AD_HFWNUAXJ_240_AD</msg>
<status status="PASS" starttime="20240807 16:12:38.308" endtime="20240807 16:12:38.313"/>
</kw>
<kw name="Add Alarm Device" library="alarm_device_id">
<arg>device_name=${random_point}</arg>
<arg>device_type=Email</arg>
<kw name="Wait For Elements State" library="Browser">
<arg>${SELECTOR_AUTOMATION_TOOLBAR_ADD_NEW_BUTTON}</arg>
<arg>visible</arg>
<arg>timeout=2s</arg>
<tag>PageContent</tag>
<tag>Wait</tag>
<doc>Waits for the element found by ``selector`` to satisfy state option.</doc>
<msg timestamp="20240807 16:12:38.319" level="INFO">Waited for Element with selector xpath=//button[@data-qa-id='automation-toolbar-buttons-add-new'] at state visible</msg>
<status status="PASS" starttime="20240807 16:12:38.314" endtime="20240807 16:12:38.320"/>
</kw>
<kw name="Click" library="Browser">
<arg>${SELECTOR_AUTOMATION_TOOLBAR_ADD_NEW_BUTTON}</arg>
<tag>PageContent</tag>
<tag>Setter</tag>
<doc>Simulates mouse click on the element found by ``selector``.</doc>
<status status="PASS" starttime="20240807 16:12:38.321" endtime="20240807 16:12:38.780"/>
</kw>
<kw name="Wait For Elements State" library="Browser">
<arg>${SELECTOR_AUTOMATION_POINT_AD_EDIT_NAME_INPUT}</arg>
<arg>visible</arg>
<arg>timeout=2s</arg>
<tag>PageContent</tag>
<tag>Wait</tag>
<doc>Waits for the element found by ``selector`` to satisfy state option.</doc>
<msg timestamp="20240807 16:12:38.786" level="INFO">Waited for Element with selector xpath=//input[@data-qa-id='automation-alarm-device-edit-device-name'] at state visible</msg>
<status status="PASS" starttime="20240807 16:12:38.780" endtime="20240807 16:12:38.786"/>
</kw>
<kw name="Fill Text" library="Browser">
<arg>${SELECTOR_AUTOMATION_POINT_AD_EDIT_NAME_INPUT}</arg>
<arg>${device_name}</arg>
<tag>PageContent</tag>
<tag>Setter</tag>
<doc>Clears and fills the given ``txt`` into the text field found by ``selector``.</doc>
<msg timestamp="20240807 16:12:38.787" level="INFO">Fills the text 'AD_HFWNUAXJ_240_AD' in the given field.</msg>
<status status="PASS" starttime="20240807 16:12:38.786" endtime="20240807 16:12:39.117"/>
</kw>
<if>
<branch type="IF" condition="$device_type.lower() != &quot;do&quot;">
<kw name="Check Checkbox" library="Browser">
<arg>${SELECTOR_AUTOMATION_POINT_AD_EDIT_EVENTS_STATE0_CHKBX}</arg>
<tag>PageContent</tag>
<tag>Setter</tag>
<doc>Checks the checkbox or selects radio button found by ``selector``.</doc>
<status status="PASS" starttime="20240807 16:12:39.120" endtime="20240807 16:12:39.438"/>
</kw>
<kw name="Check Checkbox" library="Browser">
<arg>${SELECTOR_AUTOMATION_POINT_AD_EDIT_EVENTS_STATE1_CHKBX}</arg>
<tag>PageContent</tag>
<tag>Setter</tag>
<doc>Checks the checkbox or selects radio button found by ``selector``.</doc>
<status status="PASS" starttime="20240807 16:12:39.438" endtime="20240807 16:12:39.756"/>
</kw>
<kw name="Check Checkbox" library="Browser">
<arg>${SELECTOR_AUTOMATION_POINT_AD_EDIT_EVENTS_STATE2_CHKBX}</arg>
<tag>PageContent</tag>
<tag>Setter</tag>
<doc>Checks the checkbox or selects radio button found by ``selector``.</doc>
<status status="PASS" starttime="20240807 16:12:39.756" endtime="20240807 16:12:40.077"/>
</kw>
<kw name="Check Checkbox" library="Browser">
<arg>${SELECTOR_AUTOMATION_POINT_AD_EDIT_EVENTS_STATE3_CHKBX}</arg>
<tag>PageContent</tag>
<tag>Setter</tag>
<doc>Checks the checkbox or selects radio button found by ``selector``.</doc>
<status status="PASS" starttime="20240807 16:12:40.078" endtime="20240807 16:12:40.400"/>
</kw>
<kw name="Check Checkbox" library="Browser">
<arg>${SELECTOR_AUTOMATION_POINT_AD_EDIT_EVENTS_STATE4_CHKBX}</arg>
<tag>PageContent</tag>
<tag>Setter</tag>
<doc>Checks the checkbox or selects radio button found by ``selector``.</doc>
<status status="PASS" starttime="20240807 16:12:40.400" endtime="20240807 16:12:40.716"/>
</kw>
<kw name="Check Checkbox" library="Browser">
<arg>${SELECTOR_AUTOMATION_POINT_AD_EDIT_EVENTS_STATE5_CHKBX}</arg>
<tag>PageContent</tag>
<tag>Setter</tag>
<doc>Checks the checkbox or selects radio button found by ``selector``.</doc>
<status status="PASS" starttime="20240807 16:12:40.716" endtime="20240807 16:12:41.036"/>
</kw>
<kw name="Check Checkbox" library="Browser">
<arg>${SELECTOR_AUTOMATION_POINT_AD_EDIT_EVENTS_STATE6_CHKBX}</arg>
<tag>PageContent</tag>
<tag>Setter</tag>
<doc>Checks the checkbox or selects radio button found by ``selector``.</doc>
<status status="PASS" starttime="20240807 16:12:41.036" endtime="20240807 16:12:41.361"/>
</kw>
<kw name="Check Checkbox" library="Browser">
<arg>${SELECTOR_AUTOMATION_POINT_AD_EDIT_EVENTS_STATE7_CHKBX}</arg>
<tag>PageContent</tag>
<tag>Setter</tag>
<doc>Checks the checkbox or selects radio button found by ``selector``.</doc>
<status status="PASS" starttime="20240807 16:12:41.362" endtime="20240807 16:12:41.685"/>
</kw>
<kw name="Check Checkbox" library="Browser">
<arg>${SELECTOR_AUTOMATION_POINT_AD_EDIT_EVENTS_STATE8_CHKBX}</arg>
<tag>PageContent</tag>
<tag>Setter</tag>
<doc>Checks the checkbox or selects radio button found by ``selector``.</doc>
<status status="PASS" starttime="20240807 16:12:41.685" endtime="20240807 16:12:42.006"/>
</kw>
<kw name="Check Checkbox" library="Browser">
<arg>${SELECTOR_AUTOMATION_POINT_AD_EDIT_EVENTS_STATE9_CHKBX}</arg>
<tag>PageContent</tag>
<tag>Setter</tag>
<doc>Checks the checkbox or selects radio button found by ``selector``.</doc>
<status status="PASS" starttime="20240807 16:12:42.006" endtime="20240807 16:12:42.314"/>
</kw>
<kw name="Check Checkbox" library="Browser">
<arg>${SELECTOR_AUTOMATION_POINT_AD_EDIT_EVENTS_STATE10_CHKBX}</arg>
<tag>PageContent</tag>
<tag>Setter</tag>
<doc>Checks the checkbox or selects radio button found by ``selector``.</doc>
<status status="PASS" starttime="20240807 16:12:42.315" endtime="20240807 16:12:42.636"/>
</kw>
<kw name="Check Checkbox" library="Browser">
<arg>${SELECTOR_AUTOMATION_POINT_AD_EDIT_EVENTS_STATE11_CHKBX}</arg>
<tag>PageContent</tag>
<tag>Setter</tag>
<doc>Checks the checkbox or selects radio button found by ``selector``.</doc>
<status status="PASS" starttime="20240807 16:12:42.636" endtime="20240807 16:12:42.958"/>
</kw>
<kw name="Check Checkbox" library="Browser">
<arg>${SELECTOR_AUTOMATION_POINT_AD_EDIT_EVENTS_ACKNOWLEDGE_CHKBX}</arg>
<tag>PageContent</tag>
<tag>Setter</tag>
<doc>Checks the checkbox or selects radio button found by ``selector``.</doc>
<status status="PASS" starttime="20240807 16:12:42.958" endtime="20240807 16:12:43.307"/>
</kw>
<kw name="Check Checkbox" library="Browser">
<arg>${SELECTOR_AUTOMATION_POINT_AD_EDIT_EVENTS_LOCK_STATE_CHKBX}</arg>
<tag>PageContent</tag>
<tag>Setter</tag>
<doc>Checks the checkbox or selects radio button found by ``selector``.</doc>
<status status="PASS" starttime="20240807 16:12:43.307" endtime="20240807 16:12:43.675"/>
</kw>
<kw name="Uncheck Checkbox" library="Browser">
<arg>${SELECTOR_AUTOMATION_POINT_AD_EDIT_EVENTS_STATE0_CHKBX}</arg>
<tag>PageContent</tag>
<tag>Setter</tag>
<doc>Unchecks the checkbox found by ``selector``.</doc>
<status status="PASS" starttime="20240807 16:12:43.675" endtime="20240807 16:12:44.025"/>
</kw>
<kw name="Uncheck Checkbox" library="Browser">
<arg>${SELECTOR_AUTOMATION_POINT_AD_EDIT_EVENTS_STATE1_CHKBX}</arg>
<tag>PageContent</tag>
<tag>Setter</tag>
<doc>Unchecks the checkbox found by ``selector``.</doc>
<status status="PASS" starttime="20240807 16:12:44.025" endtime="20240807 16:12:44.388"/>
</kw>
<kw name="Uncheck Checkbox" library="Browser">
<arg>${SELECTOR_AUTOMATION_POINT_AD_EDIT_EVENTS_STATE2_CHKBX}</arg>
<tag>PageContent</tag>
<tag>Setter</tag>
<doc>Unchecks the checkbox found by ``selector``.</doc>
<status status="PASS" starttime="20240807 16:12:44.388" endtime="20240807 16:12:44.756"/>
</kw>
<kw name="Uncheck Checkbox" library="Browser">
<arg>${SELECTOR_AUTOMATION_POINT_AD_EDIT_EVENTS_STATE3_CHKBX}</arg>
<tag>PageContent</tag>
<tag>Setter</tag>
<doc>Unchecks the checkbox found by ``selector``.</doc>
<status status="PASS" starttime="20240807 16:12:44.757" endtime="20240807 16:12:45.122"/>
</kw>
<kw name="Uncheck Checkbox" library="Browser">
<arg>${SELECTOR_AUTOMATION_POINT_AD_EDIT_EVENTS_STATE4_CHKBX}</arg>
<tag>PageContent</tag>
<tag>Setter</tag>
<doc>Unchecks the checkbox found by ``selector``.</doc>
<status status="PASS" starttime="20240807 16:12:45.122" endtime="20240807 16:12:45.488"/>
</kw>
<kw name="Uncheck Checkbox" library="Browser">
<arg>${SELECTOR_AUTOMATION_POINT_AD_EDIT_EVENTS_STATE5_CHKBX}</arg>
<tag>PageContent</tag>
<tag>Setter</tag>
<doc>Unchecks the checkbox found by ``selector``.</doc>
<status status="PASS" starttime="20240807 16:12:45.489" endtime="20240807 16:12:45.856"/>
</kw>
<kw name="Uncheck Checkbox" library="Browser">
<arg>${SELECTOR_AUTOMATION_POINT_AD_EDIT_EVENTS_STATE6_CHKBX}</arg>
<tag>PageContent</tag>
<tag>Setter</tag>
<doc>Unchecks the checkbox found by ``selector``.</doc>
<status status="PASS" starttime="20240807 16:12:45.856" endtime="20240807 16:12:46.225"/>
</kw>
<kw name="Uncheck Checkbox" library="Browser">
<arg>${SELECTOR_AUTOMATION_POINT_AD_EDIT_EVENTS_STATE7_CHKBX}</arg>
<tag>PageContent</tag>
<tag>Setter</tag>
<doc>Unchecks the checkbox found by ``selector``.</doc>
<status status="PASS" starttime="20240807 16:12:46.225" endtime="20240807 16:12:46.581"/>
</kw>
<kw name="Uncheck Checkbox" library="Browser">
<arg>${SELECTOR_AUTOMATION_POINT_AD_EDIT_EVENTS_STATE8_CHKBX}</arg>
<tag>PageContent</tag>
<tag>Setter</tag>
<doc>Unchecks the checkbox found by ``selector``.</doc>
<status status="PASS" starttime="20240807 16:12:46.582" endtime="20240807 16:12:46.932"/>
</kw>
<kw name="Uncheck Checkbox" library="Browser">
<arg>${SELECTOR_AUTOMATION_POINT_AD_EDIT_EVENTS_STATE9_CHKBX}</arg>
<tag>PageContent</tag>
<tag>Setter</tag>
<doc>Unchecks the checkbox found by ``selector``.</doc>
<status status="PASS" starttime="20240807 16:12:46.932" endtime="20240807 16:12:47.282"/>
</kw>
<kw name="Uncheck Checkbox" library="Browser">
<arg>${SELECTOR_AUTOMATION_POINT_AD_EDIT_EVENTS_STATE10_CHKBX}</arg>
<tag>PageContent</tag>
<tag>Setter</tag>
<doc>Unchecks the checkbox found by ``selector``.</doc>
<status status="PASS" starttime="20240807 16:12:47.283" endtime="20240807 16:12:47.638"/>
</kw>
<kw name="Uncheck Checkbox" library="Browser">
<arg>${SELECTOR_AUTOMATION_POINT_AD_EDIT_EVENTS_STATE11_CHKBX}</arg>
<tag>PageContent</tag>
<tag>Setter</tag>
<doc>Unchecks the checkbox found by ``selector``.</doc>
<status status="PASS" starttime="20240807 16:12:47.638" endtime="20240807 16:12:47.993"/>
</kw>
<kw name="Uncheck Checkbox" library="Browser">
<arg>${SELECTOR_AUTOMATION_POINT_AD_EDIT_EVENTS_ACKNOWLEDGE_CHKBX}</arg>
<tag>PageContent</tag>
<tag>Setter</tag>
<doc>Unchecks the checkbox found by ``selector``.</doc>
<status status="PASS" starttime="20240807 16:12:47.994" endtime="20240807 16:12:48.349"/>
</kw>
<kw name="Uncheck Checkbox" library="Browser">
<arg>${SELECTOR_AUTOMATION_POINT_AD_EDIT_EVENTS_LOCK_STATE_CHKBX}</arg>
<tag>PageContent</tag>
<tag>Setter</tag>
<doc>Unchecks the checkbox found by ``selector``.</doc>
<status status="PASS" starttime="20240807 16:12:48.349" endtime="20240807 16:12:48.704"/>
</kw>
<kw name="Check Checkbox" library="Browser">
<arg>${SELECTOR_AUTOMATION_POINT_AD_EDIT_EVENTS_STATE0_CHKBX}</arg>
<tag>PageContent</tag>
<tag>Setter</tag>
<doc>Checks the checkbox or selects radio button found by ``selector``.</doc>
<status status="PASS" starttime="20240807 16:12:48.704" endtime="20240807 16:12:49.061"/>
</kw>
<kw name="Check Checkbox" library="Browser">
<arg>${SELECTOR_AUTOMATION_POINT_AD_EDIT_EVENTS_STATE1_CHKBX}</arg>
<tag>PageContent</tag>
<tag>Setter</tag>
<doc>Checks the checkbox or selects radio button found by ``selector``.</doc>
<status status="PASS" starttime="20240807 16:12:49.061" endtime="20240807 16:12:49.417"/>
</kw>
<kw name="Check Checkbox" library="Browser">
<arg>${SELECTOR_AUTOMATION_POINT_AD_EDIT_EVENTS_STATE2_CHKBX}</arg>
<tag>PageContent</tag>
<tag>Setter</tag>
<doc>Checks the checkbox or selects radio button found by ``selector``.</doc>
<status status="PASS" starttime="20240807 16:12:49.418" endtime="20240807 16:12:49.760"/>
</kw>
<kw name="Check Checkbox" library="Browser">
<arg>${SELECTOR_AUTOMATION_POINT_AD_EDIT_EVENTS_STATE3_CHKBX}</arg>
<tag>PageContent</tag>
<tag>Setter</tag>
<doc>Checks the checkbox or selects radio button found by ``selector``.</doc>
<status status="PASS" starttime="20240807 16:12:49.760" endtime="20240807 16:12:50.117"/>
</kw>
<kw name="Check Checkbox" library="Browser">
<arg>${SELECTOR_AUTOMATION_POINT_AD_EDIT_EVENTS_STATE4_CHKBX}</arg>
<tag>PageContent</tag>
<tag>Setter</tag>
<doc>Checks the checkbox or selects radio button found by ``selector``.</doc>
<status status="PASS" starttime="20240807 16:12:50.118" endtime="20240807 16:12:50.473"/>
</kw>
<kw name="Check Checkbox" library="Browser">
<arg>${SELECTOR_AUTOMATION_POINT_AD_EDIT_EVENTS_STATE5_CHKBX}</arg>
<tag>PageContent</tag>
<tag>Setter</tag>
<doc>Checks the checkbox or selects radio button found by ``selector``.</doc>
<status status="PASS" starttime="20240807 16:12:50.473" endtime="20240807 16:12:50.840"/>
</kw>
<kw name="Check Checkbox" library="Browser">
<arg>${SELECTOR_AUTOMATION_POINT_AD_EDIT_EVENTS_STATE6_CHKBX}</arg>
<tag>PageContent</tag>
<tag>Setter</tag>
<doc>Checks the checkbox or selects radio button found by ``selector``.</doc>
<status status="PASS" starttime="20240807 16:12:50.840" endtime="20240807 16:12:51.194"/>
</kw>
<kw name="Check Checkbox" library="Browser">
<arg>${SELECTOR_AUTOMATION_POINT_AD_EDIT_EVENTS_STATE7_CHKBX}</arg>
<tag>PageContent</tag>
<tag>Setter</tag>
<doc>Checks the checkbox or selects radio button found by ``selector``.</doc>
<status status="PASS" starttime="20240807 16:12:51.194" endtime="20240807 16:12:51.548"/>
</kw>
<kw name="Check Checkbox" library="Browser">
<arg>${SELECTOR_AUTOMATION_POINT_AD_EDIT_EVENTS_STATE8_CHKBX}</arg>
<tag>PageContent</tag>
<tag>Setter</tag>
<doc>Checks the checkbox or selects radio button found by ``selector``.</doc>
<status status="PASS" starttime="20240807 16:12:51.552" endtime="20240807 16:12:51.904"/>
</kw>
<kw name="Check Checkbox" library="Browser">
<arg>${SELECTOR_AUTOMATION_POINT_AD_EDIT_EVENTS_STATE9_CHKBX}</arg>
<tag>PageContent</tag>
<tag>Setter</tag>
<doc>Checks the checkbox or selects radio button found by ``selector``.</doc>
<status status="PASS" starttime="20240807 16:12:51.904" endtime="20240807 16:12:52.245"/>
</kw>
<kw name="Check Checkbox" library="Browser">
<arg>${SELECTOR_AUTOMATION_POINT_AD_EDIT_EVENTS_STATE10_CHKBX}</arg>
<tag>PageContent</tag>
<tag>Setter</tag>
<doc>Checks the checkbox or selects radio button found by ``selector``.</doc>
<status status="PASS" starttime="20240807 16:12:52.245" endtime="20240807 16:12:52.616"/>
</kw>
<kw name="Check Checkbox" library="Browser">
<arg>${SELECTOR_AUTOMATION_POINT_AD_EDIT_EVENTS_STATE11_CHKBX}</arg>
<tag>PageContent</tag>
<tag>Setter</tag>
<doc>Checks the checkbox or selects radio button found by ``selector``.</doc>
<status status="PASS" starttime="20240807 16:12:52.616" endtime="20240807 16:12:52.972"/>
</kw>
<kw name="Check Checkbox" library="Browser">
<arg>${SELECTOR_AUTOMATION_POINT_AD_EDIT_EVENTS_ACKNOWLEDGE_CHKBX}</arg>
<tag>PageContent</tag>
<tag>Setter</tag>
<doc>Checks the checkbox or selects radio button found by ``selector``.</doc>
<status status="PASS" starttime="20240807 16:12:52.972" endtime="20240807 16:12:53.313"/>
</kw>
<kw name="Check Checkbox" library="Browser">
<arg>${SELECTOR_AUTOMATION_POINT_AD_EDIT_EVENTS_LOCK_STATE_CHKBX}</arg>
<tag>PageContent</tag>
<tag>Setter</tag>
<doc>Checks the checkbox or selects radio button found by ``selector``.</doc>
<status status="PASS" starttime="20240807 16:12:53.313" endtime="20240807 16:12:53.665"/>
</kw>
<status status="PASS" starttime="20240807 16:12:39.117" endtime="20240807 16:12:53.666"/>
</branch>
<status status="PASS" starttime="20240807 16:12:39.117" endtime="20240807 16:12:53.667"/>
</if>
<kw name="Wait For Elements State" library="Browser">
<arg>${SELECTOR_AUTOMATION_POINT_AD_EDIT_DEVICE_TYPE_SELECT}</arg>
<arg>visible</arg>
<arg>timeout=2s</arg>
<tag>PageContent</tag>
<tag>Wait</tag>
<doc>Waits for the element found by ``selector`` to satisfy state option.</doc>
<msg timestamp="20240807 16:12:53.672" level="INFO">Waited for Element with selector xpath=//mat-select[@data-qa-id="automation-alarm-device-edit-device-type"] at state visible</msg>
<status status="PASS" starttime="20240807 16:12:53.667" endtime="20240807 16:12:53.672"/>
</kw>
<kw name="Click" library="Browser">
<arg>${SELECTOR_AUTOMATION_POINT_AD_EDIT_DEVICE_TYPE_SELECT}</arg>
<tag>PageContent</tag>
<tag>Setter</tag>
<doc>Simulates mouse click on the element found by ``selector``.</doc>
<status status="PASS" starttime="20240807 16:12:53.672" endtime="20240807 16:12:54.022"/>
</kw>
<if>
<branch type="IF" condition="$device_type.lower() == 'webservice'">
<kw name="Wait For Elements State" library="Browser">
<arg>${SELECTOR_AUTOMATION_POINT_AD_EDIT_DEVICE_TYPE_OPTION6}</arg>
<arg>visible</arg>
<arg>timeout=2s</arg>
<tag>PageContent</tag>
<tag>Wait</tag>
<doc>Waits for the element found by ``selector`` to satisfy state option.</doc>
<status status="NOT RUN" starttime="20240807 16:12:54.023" endtime="20240807 16:12:54.023"/>
</kw>
<kw name="Click" library="Browser">
<arg>${SELECTOR_AUTOMATION_POINT_AD_EDIT_DEVICE_TYPE_OPTION6}</arg>
<tag>PageContent</tag>
<tag>Setter</tag>
<doc>Simulates mouse click on the element found by ``selector``.</doc>
<status status="NOT RUN" starttime="20240807 16:12:54.024" endtime="20240807 16:12:54.024"/>
</kw>
<kw name="Wait For Elements State" library="Browser">
<arg>${SELECTOR_AUTOMATION_POINT_AD_EDIT_WEB_SERVICE_TYPE_SELECT}</arg>
<arg>visible</arg>
<arg>timeout=2s</arg>
<tag>PageContent</tag>
<tag>Wait</tag>
<doc>Waits for the element found by ``selector`` to satisfy state option.</doc>
<status status="NOT RUN" starttime="20240807 16:12:54.024" endtime="20240807 16:12:54.024"/>
</kw>
<kw name="Click" library="Browser">
<arg>${SELECTOR_AUTOMATION_POINT_AD_EDIT_WEB_SERVICE_TYPE_SELECT}</arg>
<tag>PageContent</tag>
<tag>Setter</tag>
<doc>Simulates mouse click on the element found by ``selector``.</doc>
<status status="NOT RUN" starttime="20240807 16:12:54.025" endtime="20240807 16:12:54.025"/>
</kw>
<kw name="Wait For Elements State" library="Browser">
<arg>${SELECTOR_AUTOMATION_POINT_AD_EDIT_WEB_SERVICE_TYPE_OPTION1}</arg>
<arg>visible</arg>
<arg>timeout=2s</arg>
<tag>PageContent</tag>
<tag>Wait</tag>
<doc>Waits for the element found by ``selector`` to satisfy state option.</doc>
<status status="NOT RUN" starttime="20240807 16:12:54.025" endtime="20240807 16:12:54.025"/>
</kw>
<kw name="Click" library="Browser">
<arg>${SELECTOR_AUTOMATION_POINT_AD_EDIT_WEB_SERVICE_TYPE_OPTION1}</arg>
<tag>PageContent</tag>
<tag>Setter</tag>
<doc>Simulates mouse click on the element found by ``selector``.</doc>
<status status="NOT RUN" starttime="20240807 16:12:54.026" endtime="20240807 16:12:54.026"/>
</kw>
<kw name="Wait For Elements State" library="Browser">
<arg>${SELECTOR_AUTOMATION_POINT_AD_EDIT_WEB_SERVICE_ADDRESS_INPUT}</arg>
<arg>visible</arg>
<arg>timeout=2s</arg>
<tag>PageContent</tag>
<tag>Wait</tag>
<doc>Waits for the element found by ``selector`` to satisfy state option.</doc>
<status status="NOT RUN" starttime="20240807 16:12:54.026" endtime="20240807 16:12:54.026"/>
</kw>
<kw name="Generate Random IP Address" library="global_variables">
<var>${address_ip}</var>
<status status="NOT RUN" starttime="20240807 16:12:54.026" endtime="20240807 16:12:54.027"/>
</kw>
<kw name="Fill Text" library="Browser">
<arg>${SELECTOR_AUTOMATION_POINT_AD_EDIT_WEB_SERVICE_ADDRESS_INPUT}</arg>
<arg>${address_ip}</arg>
<tag>PageContent</tag>
<tag>Setter</tag>
<doc>Clears and fills the given ``txt`` into the text field found by ``selector``.</doc>
<status status="NOT RUN" starttime="20240807 16:12:54.027" endtime="20240807 16:12:54.027"/>
</kw>
<kw name="Clear Text" library="Browser">
<arg>${SELECTOR_AUTOMATION_POINT_AD_EDIT_WEB_SERVICE_ADDRESS_INPUT}</arg>
<tag>PageContent</tag>
<tag>Setter</tag>
<doc>Clears the text field found by ``selector``.</doc>
<status status="NOT RUN" starttime="20240807 16:12:54.028" endtime="20240807 16:12:54.028"/>
</kw>
<kw name="Generate Random Web Address" library="global_variables">
<var>${address_http}</var>
<arg>2</arg>
<status status="NOT RUN" starttime="20240807 16:12:54.028" endtime="20240807 16:12:54.028"/>
</kw>
<kw name="Fill Text" library="Browser">
<arg>${SELECTOR_AUTOMATION_POINT_AD_EDIT_WEB_SERVICE_ADDRESS_INPUT}</arg>
<arg>${address_http}</arg>
<tag>PageContent</tag>
<tag>Setter</tag>
<doc>Clears and fills the given ``txt`` into the text field found by ``selector``.</doc>
<status status="NOT RUN" starttime="20240807 16:12:54.028" endtime="20240807 16:12:54.029"/>
</kw>
<kw name="Clear Text" library="Browser">
<arg>${SELECTOR_AUTOMATION_POINT_AD_EDIT_WEB_SERVICE_ADDRESS_INPUT}</arg>
<tag>PageContent</tag>
<tag>Setter</tag>
<doc>Clears the text field found by ``selector``.</doc>
<status status="NOT RUN" starttime="20240807 16:12:54.029" endtime="20240807 16:12:54.029"/>
</kw>
<kw name="Generate Random Web Address" library="global_variables">
<var>${address_https}</var>
<arg>1</arg>
<status status="NOT RUN" starttime="20240807 16:12:54.029" endtime="20240807 16:12:54.030"/>
</kw>
<kw name="Fill Text" library="Browser">
<arg>${SELECTOR_AUTOMATION_POINT_AD_EDIT_WEB_SERVICE_ADDRESS_INPUT}</arg>
<arg>${address_https}</arg>
<tag>PageContent</tag>
<tag>Setter</tag>
<doc>Clears and fills the given ``txt`` into the text field found by ``selector``.</doc>
<status status="NOT RUN" starttime="20240807 16:12:54.030" endtime="20240807 16:12:54.030"/>
</kw>
<kw name="Clear Text" library="Browser">
<arg>${SELECTOR_AUTOMATION_POINT_AD_EDIT_WEB_SERVICE_ADDRESS_INPUT}</arg>
<tag>PageContent</tag>
<tag>Setter</tag>
<doc>Clears the text field found by ``selector``.</doc>
<status status="NOT RUN" starttime="20240807 16:12:54.030" endtime="20240807 16:12:54.030"/>
</kw>
<kw name="Generate Random Web Address" library="global_variables">
<var>${address_www}</var>
<arg>3</arg>
<status status="NOT RUN" starttime="20240807 16:12:54.031" endtime="20240807 16:12:54.031"/>
</kw>
<kw name="Fill Text" library="Browser">
<arg>${SELECTOR_AUTOMATION_POINT_AD_EDIT_WEB_SERVICE_ADDRESS_INPUT}</arg>
<arg>${address_www}</arg>
<tag>PageContent</tag>
<tag>Setter</tag>
<doc>Clears and fills the given ``txt`` into the text field found by ``selector``.</doc>
<status status="NOT RUN" starttime="20240807 16:12:54.031" endtime="20240807 16:12:54.031"/>
</kw>
<kw name="Wait For Elements State" library="Browser">
<arg>${SELECTOR_AUTOMATION_POINT_AD_EDIT_WEB_SERVICE_SYSTEM_ID_INPUT}</arg>
<arg>visible</arg>
<arg>timeout=2s</arg>
<tag>PageContent</tag>
<tag>Wait</tag>
<doc>Waits for the element found by ``selector`` to satisfy state option.</doc>
<status status="NOT RUN" starttime="20240807 16:12:54.032" endtime="20240807 16:12:54.032"/>
</kw>
<kw name="Generate Random IP Port" library="global_variables">
<var>${ip_port}</var>
<status status="NOT RUN" starttime="20240807 16:12:54.032" endtime="20240807 16:12:54.032"/>
</kw>
<kw name="Fill Text" library="Browser">
<arg>${SELECTOR_AUTOMATION_POINT_AD_EDIT_WEB_SERVICE_SYSTEM_ID_INPUT}</arg>
<arg>${ip_port}</arg>
<tag>PageContent</tag>
<tag>Setter</tag>
<doc>Clears and fills the given ``txt`` into the text field found by ``selector``.</doc>
<status status="NOT RUN" starttime="20240807 16:12:54.033" endtime="20240807 16:12:54.033"/>
</kw>
<kw name="Wait For Elements State" library="Browser">
<arg>${SELECTOR_AUTOMATION_POINT_AD_EDIT_WEB_SERVICE_PASSWORD_INPUT}</arg>
<arg>visible</arg>
<arg>timeout=2s</arg>
<tag>PageContent</tag>
<tag>Wait</tag>
<doc>Waits for the element found by ``selector`` to satisfy state option.</doc>
<status status="NOT RUN" starttime="20240807 16:12:54.033" endtime="20240807 16:12:54.033"/>
</kw>
<kw name="Generate Random String" library="String">
<var>${password}</var>
<arg>12</arg>
<doc>Generates a string with a desired ``length`` from the given ``chars``.</doc>
<status status="NOT RUN" starttime="20240807 16:12:54.033" endtime="20240807 16:12:54.034"/>
</kw>
<kw name="Fill Text" library="Browser">
<arg>${SELECTOR_AUTOMATION_POINT_AD_EDIT_WEB_SERVICE_PASSWORD_INPUT}</arg>
<arg>${password}</arg>
<tag>PageContent</tag>
<tag>Setter</tag>
<doc>Clears and fills the given ``txt`` into the text field found by ``selector``.</doc>
<status status="NOT RUN" starttime="20240807 16:12:54.034" endtime="20240807 16:12:54.034"/>
</kw>
<kw name="Wait For Elements State" library="Browser">
<arg>${SELECTOR_AUTOMATION_POINT_AD_EDIT_WEB_SERVICE_ORGANIZATION_ID_INPUT}</arg>
<arg>visible</arg>
<arg>timeout=2s</arg>
<tag>PageContent</tag>
<tag>Wait</tag>
<doc>Waits for the element found by ``selector`` to satisfy state option.</doc>
<status status="NOT RUN" starttime="20240807 16:12:54.035" endtime="20240807 16:12:54.035"/>
</kw>
<kw name="Fill Text" library="Browser">
<arg>${SELECTOR_AUTOMATION_POINT_AD_EDIT_WEB_SERVICE_ORGANIZATION_ID_INPUT}</arg>
<arg>${ip_port}</arg>
<tag>PageContent</tag>
<tag>Setter</tag>
<doc>Clears and fills the given ``txt`` into the text field found by ``selector``.</doc>
<status status="NOT RUN" starttime="20240807 16:12:54.035" endtime="20240807 16:12:54.035"/>
</kw>
<status status="NOT RUN" starttime="20240807 16:12:54.022" endtime="20240807 16:12:54.035"/>
</branch>
<branch type="ELSE IF" condition="$device_type.lower() == 'sms'">
<kw name="Wait For Elements State" library="Browser">
<arg>${SELECTOR_AUTOMATION_POINT_AD_EDIT_DEVICE_TYPE_OPTION2}</arg>
<arg>visible</arg>
<arg>timeout=2s</arg>
<tag>PageContent</tag>
<tag>Wait</tag>
<doc>Waits for the element found by ``selector`` to satisfy state option.</doc>
<status status="NOT RUN" starttime="20240807 16:12:54.036" endtime="20240807 16:12:54.036"/>
</kw>
<kw name="Click" library="Browser">
<arg>${SELECTOR_AUTOMATION_POINT_AD_EDIT_DEVICE_TYPE_OPTION2}</arg>
<tag>PageContent</tag>
<tag>Setter</tag>
<doc>Simulates mouse click on the element found by ``selector``.</doc>
<status status="NOT RUN" starttime="20240807 16:12:54.037" endtime="20240807 16:12:54.037"/>
</kw>
<kw name="Generate Random IP Address" library="global_variables">
<var>${ip_address}</var>
<status status="NOT RUN" starttime="20240807 16:12:54.037" endtime="20240807 16:12:54.037"/>
</kw>
<kw name="Wait For Elements State" library="Browser">
<arg>${SELECTOR_AUTOMATION_POINT_AD_EDIT_SMS_IP_ADDRESS_INPUT}</arg>
<arg>visible</arg>
<arg>timeout=2s</arg>
<tag>PageContent</tag>
<tag>Wait</tag>
<doc>Waits for the element found by ``selector`` to satisfy state option.</doc>
<status status="NOT RUN" starttime="20240807 16:12:54.038" endtime="20240807 16:12:54.038"/>
</kw>
<kw name="Fill Text" library="Browser">
<arg>${SELECTOR_AUTOMATION_POINT_AD_EDIT_SMS_IP_ADDRESS_INPUT}</arg>
<arg>${ip_address}</arg>
<tag>PageContent</tag>
<tag>Setter</tag>
<doc>Clears and fills the given ``txt`` into the text field found by ``selector``.</doc>
<status status="NOT RUN" starttime="20240807 16:12:54.038" endtime="20240807 16:12:54.038"/>
</kw>
<kw name="Generate Random IP Port" library="global_variables">
<var>${ip_port}</var>
<status status="NOT RUN" starttime="20240807 16:12:54.038" endtime="20240807 16:12:54.039"/>
</kw>
<kw name="Wait For Elements State" library="Browser">
<arg>${SELECTOR_AUTOMATION_POINT_AD_EDIT_SMS_IP_PORT_INPUT}</arg>
<tag>PageContent</tag>
<tag>Wait</tag>
<doc>Waits for the element found by ``selector`` to satisfy state option.</doc>
<status status="NOT RUN" starttime="20240807 16:12:54.039" endtime="20240807 16:12:54.039"/>
</kw>
<kw name="Fill Text" library="Browser">
<arg>${SELECTOR_AUTOMATION_POINT_AD_EDIT_SMS_IP_PORT_INPUT}</arg>
<arg>${ip_port}</arg>
<tag>PageContent</tag>
<tag>Setter</tag>
<doc>Clears and fills the given ``txt`` into the text field found by ``selector``.</doc>
<status status="NOT RUN" starttime="20240807 16:12:54.039" endtime="20240807 16:12:54.040"/>
</kw>
<kw name="Generate Random Finnish Phone Number International" library="global_variables">
<var>${phone_number}</var>
<status status="NOT RUN" starttime="20240807 16:12:54.040" endtime="20240807 16:12:54.040"/>
</kw>
<kw name="Wait For Elements State" library="Browser">
<arg>${SELECTOR_AUTOMATION_POINT_AD_EDIT_SMS_PHONE_NUMBER_INPUT}</arg>
<arg>visible</arg>
<arg>timeout=2s</arg>
<tag>PageContent</tag>
<tag>Wait</tag>
<doc>Waits for the element found by ``selector`` to satisfy state option.</doc>
<status status="NOT RUN" starttime="20240807 16:12:54.040" endtime="20240807 16:12:54.041"/>
</kw>
<kw name="Fill Text" library="Browser">
<arg>${SELECTOR_AUTOMATION_POINT_AD_EDIT_SMS_PHONE_NUMBER_INPUT}</arg>
<arg>${phone_number}</arg>
<tag>PageContent</tag>
<tag>Setter</tag>
<doc>Clears and fills the given ``txt`` into the text field found by ``selector``.</doc>
<status status="NOT RUN" starttime="20240807 16:12:54.041" endtime="20240807 16:12:54.041"/>
</kw>
<kw name="Generate Random Finnish Phone Number International" library="global_variables">
<var>${phone_number}</var>
<status status="NOT RUN" starttime="20240807 16:12:54.041" endtime="20240807 16:12:54.041"/>
</kw>
<kw name="Wait For Elements State" library="Browser">
<arg>${SELECTOR_AUTOMATION_POINT_AD_EDIT_SMS_BACKUP_NUMBER1_INPUT}</arg>
<arg>visible</arg>
<arg>timeout=2s</arg>
<tag>PageContent</tag>
<tag>Wait</tag>
<doc>Waits for the element found by ``selector`` to satisfy state option.</doc>
<status status="NOT RUN" starttime="20240807 16:12:54.042" endtime="20240807 16:12:54.042"/>
</kw>
<kw name="Fill Text" library="Browser">
<arg>${SELECTOR_AUTOMATION_POINT_AD_EDIT_SMS_BACKUP_NUMBER1_INPUT}</arg>
<arg>${phone_number}</arg>
<tag>PageContent</tag>
<tag>Setter</tag>
<doc>Clears and fills the given ``txt`` into the text field found by ``selector``.</doc>
<status status="NOT RUN" starttime="20240807 16:12:54.042" endtime="20240807 16:12:54.042"/>
</kw>
<kw name="Generate Random Finnish Phone Number Local" library="global_variables">
<var>${phone_number}</var>
<status status="NOT RUN" starttime="20240807 16:12:54.043" endtime="20240807 16:12:54.043"/>
</kw>
<kw name="Wait For Elements State" library="Browser">
<arg>${SELECTOR_AUTOMATION_POINT_AD_EDIT_SMS_BACKUP_NUMBER2_INPUT}</arg>
<arg>visible</arg>
<arg>timeout=2s</arg>
<tag>PageContent</tag>
<tag>Wait</tag>
<doc>Waits for the element found by ``selector`` to satisfy state option.</doc>
<status status="NOT RUN" starttime="20240807 16:12:54.043" endtime="20240807 16:12:54.043"/>
</kw>
<kw name="Fill Text" library="Browser">
<arg>${SELECTOR_AUTOMATION_POINT_AD_EDIT_SMS_BACKUP_NUMBER2_INPUT}</arg>
<arg>${phone_number}</arg>
<tag>PageContent</tag>
<tag>Setter</tag>
<doc>Clears and fills the given ``txt`` into the text field found by ``selector``.</doc>
<status status="NOT RUN" starttime="20240807 16:12:54.043" endtime="20240807 16:12:54.044"/>
</kw>
<kw name="Generate Random Finnish Phone Number Local" library="global_variables">
<var>${phone_number}</var>
<status status="NOT RUN" starttime="20240807 16:12:54.044" endtime="20240807 16:12:54.044"/>
</kw>
<kw name="Wait For Elements State" library="Browser">
<arg>${SELECTOR_AUTOMATION_POINT_AD_EDIT_SMS_BACKUP_NUMBER3_INPUT}</arg>
<arg>visible</arg>
<arg>timeout=2s</arg>
<tag>PageContent</tag>
<tag>Wait</tag>
<doc>Waits for the element found by ``selector`` to satisfy state option.</doc>
<status status="NOT RUN" starttime="20240807 16:12:54.044" endtime="20240807 16:12:54.044"/>
</kw>
<kw name="Fill Text" library="Browser">
<arg>${SELECTOR_AUTOMATION_POINT_AD_EDIT_SMS_BACKUP_NUMBER3_INPUT}</arg>
<arg>${phone_number}</arg>
<tag>PageContent</tag>
<tag>Setter</tag>
<doc>Clears and fills the given ``txt`` into the text field found by ``selector``.</doc>
<status status="NOT RUN" starttime="20240807 16:12:54.045" endtime="20240807 16:12:54.045"/>
</kw>
<kw name="Generate Random Finnish Phone Number International" library="global_variables">
<var>${phone_number}</var>
<status status="NOT RUN" starttime="20240807 16:12:54.045" endtime="20240807 16:12:54.045"/>
</kw>
<kw name="Wait For Elements State" library="Browser">
<arg>${SELECTOR_AUTOMATION_POINT_AD_EDIT_SMS_BACKUP_NUMBER4_INPUT}</arg>
<arg>visible</arg>
<arg>timeout=2s</arg>
<tag>PageContent</tag>
<tag>Wait</tag>
<doc>Waits for the element found by ``selector`` to satisfy state option.</doc>
<status status="NOT RUN" starttime="20240807 16:12:54.046" endtime="20240807 16:12:54.046"/>
</kw>
<kw name="Fill Text" library="Browser">
<arg>${SELECTOR_AUTOMATION_POINT_AD_EDIT_SMS_BACKUP_NUMBER4_INPUT}</arg>
<arg>${phone_number}</arg>
<tag>PageContent</tag>
<tag>Setter</tag>
<doc>Clears and fills the given ``txt`` into the text field found by ``selector``.</doc>
<status status="NOT RUN" starttime="20240807 16:12:54.046" endtime="20240807 16:12:54.046"/>
</kw>
<kw name="Wait For Elements State" library="Browser">
<arg>${SELECTOR_AUTOMATION_POINT_AD_EDIT_TEMPLATE_SELECT}</arg>
<arg>visible</arg>
<arg>timeout=2s</arg>
<tag>PageContent</tag>
<tag>Wait</tag>
<doc>Waits for the element found by ``selector`` to satisfy state option.</doc>
<status status="NOT RUN" starttime="20240807 16:12:54.047" endtime="20240807 16:12:54.047"/>
</kw>
<kw name="Click" library="Browser">
<arg>${SELECTOR_AUTOMATION_POINT_AD_EDIT_TEMPLATE_SELECT}</arg>
<tag>PageContent</tag>
<tag>Setter</tag>
<doc>Simulates mouse click on the element found by ``selector``.</doc>
<status status="NOT RUN" starttime="20240807 16:12:54.047" endtime="20240807 16:12:54.047"/>
</kw>
<kw name="Set Variable" library="BuiltIn">
<var>${template_file_xpath}</var>
<arg>xpath=//mat-option[@data-qa-id='automation-alarm-device-edit-template-option2']</arg>
<doc>Returns the given values which can then be assigned to a variables.</doc>
<status status="NOT RUN" starttime="20240807 16:12:54.047" endtime="20240807 16:12:54.048"/>
</kw>
<kw name="Wait For Elements State" library="Browser">
<arg>${template_file_xpath}</arg>
<arg>visible</arg>
<arg>timeout=2s</arg>
<tag>PageContent</tag>
<tag>Wait</tag>
<doc>Waits for the element found by ``selector`` to satisfy state option.</doc>
<status status="NOT RUN" starttime="20240807 16:12:54.048" endtime="20240807 16:12:54.048"/>
</kw>
<kw name="Click" library="Browser">
<arg>${template_file_xpath}</arg>
<tag>PageContent</tag>
<tag>Setter</tag>
<doc>Simulates mouse click on the element found by ``selector``.</doc>
<status status="NOT RUN" starttime="20240807 16:12:54.048" endtime="20240807 16:12:54.049"/>
</kw>
<for flavor="IN RANGE">
<var>${counter}</var>
<value>2</value>
<value>11</value>
<iter>
<var name="${counter}"/>
<kw name="Wait For Elements State" library="Browser">
<arg>${SELECTOR_AUTOMATION_POINT_AD_EDIT_TEMPLATE_SELECT}</arg>
<arg>visible</arg>
<arg>timeout=2s</arg>
<tag>PageContent</tag>
<tag>Wait</tag>
<doc>Waits for the element found by ``selector`` to satisfy state option.</doc>
<status status="NOT RUN" starttime="20240807 16:12:54.049" endtime="20240807 16:12:54.049"/>
</kw>
<kw name="Click" library="Browser">
<arg>${SELECTOR_AUTOMATION_POINT_AD_EDIT_TEMPLATE_SELECT}</arg>
<tag>PageContent</tag>
<tag>Setter</tag>
<doc>Simulates mouse click on the element found by ``selector``.</doc>
<status status="NOT RUN" starttime="20240807 16:12:54.050" endtime="20240807 16:12:54.050"/>
</kw>
<kw name="Set Variable" library="BuiltIn">
<var>${template_file_xpath}</var>
<arg>xpath=//mat-option[@data-qa-id='automation-alarm-device-edit-template-option${counter}']</arg>
<doc>Returns the given values which can then be assigned to a variables.</doc>
<status status="NOT RUN" starttime="20240807 16:12:54.050" endtime="20240807 16:12:54.050"/>
</kw>
<kw name="Wait For Elements State" library="Browser">
<arg>${template_file_xpath}</arg>
<arg>visible</arg>
<arg>timeout=2s</arg>
<tag>PageContent</tag>
<tag>Wait</tag>
<doc>Waits for the element found by ``selector`` to satisfy state option.</doc>
<status status="NOT RUN" starttime="20240807 16:12:54.050" endtime="20240807 16:12:54.051"/>
</kw>
<kw name="Click" library="Browser">
<arg>${template_file_xpath}</arg>
<tag>PageContent</tag>
<tag>Setter</tag>
<doc>Simulates mouse click on the element found by ``selector``.</doc>
<status status="NOT RUN" starttime="20240807 16:12:54.051" endtime="20240807 16:12:54.052"/>
</kw>
<status status="NOT RUN" starttime="20240807 16:12:54.049" endtime="20240807 16:12:54.052"/>
</iter>
<status status="NOT RUN" starttime="20240807 16:12:54.049" endtime="20240807 16:12:54.052"/>
</for>
<status status="NOT RUN" starttime="20240807 16:12:54.035" endtime="20240807 16:12:54.052"/>
</branch>
<branch type="ELSE IF" condition="$device_type.lower() == 'do'">
<kw name="Wait For Elements State" library="Browser">
<arg>${SELECTOR_AUTOMATION_POINT_AD_EDIT_DEVICE_TYPE_OPTION3}</arg>
<arg>visible</arg>
<arg>timeout=2s</arg>
<tag>PageContent</tag>
<tag>Wait</tag>
<doc>Waits for the element found by ``selector`` to satisfy state option.</doc>
<status status="NOT RUN" starttime="20240807 16:12:54.053" endtime="20240807 16:12:54.053"/>
</kw>
<kw name="Click" library="Browser">
<arg>${SELECTOR_AUTOMATION_POINT_AD_EDIT_DEVICE_TYPE_OPTION3}</arg>
<tag>PageContent</tag>
<tag>Setter</tag>
<doc>Simulates mouse click on the element found by ``selector``.</doc>
<status status="NOT RUN" starttime="20240807 16:12:54.053" endtime="20240807 16:12:54.053"/>
</kw>
<kw name="Wait For Elements State" library="Browser">
<arg>${SELECTOR_AUTOMATION_POINT_AD_EDIT_DO_POINT_NAME_INPUT}</arg>
<arg>visible</arg>
<arg>timeout=2s</arg>
<tag>PageContent</tag>
<tag>Wait</tag>
<doc>Waits for the element found by ``selector`` to satisfy state option.</doc>
<status status="NOT RUN" starttime="20240807 16:12:54.054" endtime="20240807 16:12:54.054"/>
</kw>
<kw name="Generate Random Point Name" library="global_variables">
<var>${do_pointname}</var>
<arg>DO</arg>
<arg>DO</arg>
<arg>_</arg>
<status status="NOT RUN" starttime="20240807 16:12:54.054" endtime="20240807 16:12:54.054"/>
</kw>
<kw name="Fill Text" library="Browser">
<arg>${SELECTOR_AUTOMATION_POINT_AD_EDIT_DO_POINT_NAME_INPUT}</arg>
<arg>${do_pointname}</arg>
<tag>PageContent</tag>
<tag>Setter</tag>
<doc>Clears and fills the given ``txt`` into the text field found by ``selector``.</doc>
<status status="NOT RUN" starttime="20240807 16:12:54.055" endtime="20240807 16:12:54.055"/>
</kw>
<kw name="Wait For Elements State" library="Browser">
<arg>${SELECTOR_AUTOMATION_POINT_AD_EDIT_DO_MODE_UNACKNOWLEDGED}</arg>
<arg>visible</arg>
<arg>timeout=2s</arg>
<tag>PageContent</tag>
<tag>Wait</tag>
<doc>Waits for the element found by ``selector`` to satisfy state option.</doc>
<status status="NOT RUN" starttime="20240807 16:12:54.055" endtime="20240807 16:12:54.055"/>
</kw>
<kw name="Click" library="Browser">
<arg>${SELECTOR_AUTOMATION_POINT_AD_EDIT_DO_MODE_UNACKNOWLEDGED}</arg>
<tag>PageContent</tag>
<tag>Setter</tag>
<doc>Simulates mouse click on the element found by ``selector``.</doc>
<status status="NOT RUN" starttime="20240807 16:12:54.055" endtime="20240807 16:12:54.056"/>
</kw>
<kw name="Wait For Elements State" library="Browser">
<arg>${SELECTOR_AUTOMATION_POINT_AD_EDIT_DO_MODE_ACTIVE}</arg>
<arg>visible</arg>
<arg>timeout=2s</arg>
<tag>PageContent</tag>
<tag>Wait</tag>
<doc>Waits for the element found by ``selector`` to satisfy state option.</doc>
<status status="NOT RUN" starttime="20240807 16:12:54.056" endtime="20240807 16:12:54.056"/>
</kw>
<kw name="Click" library="Browser">
<arg>${SELECTOR_AUTOMATION_POINT_AD_EDIT_DO_MODE_ACTIVE}</arg>
<tag>PageContent</tag>
<tag>Setter</tag>
<doc>Simulates mouse click on the element found by ``selector``.</doc>
<status status="NOT RUN" starttime="20240807 16:12:54.056" endtime="20240807 16:12:54.056"/>
</kw>
<kw name="Wait For Elements State" library="Browser">
<arg>${SELECTOR_AUTOMATION_POINT_AD_EDIT_DO_MODE_BOTH}</arg>
<arg>visible</arg>
<arg>timeout=2s</arg>
<tag>PageContent</tag>
<tag>Wait</tag>
<doc>Waits for the element found by ``selector`` to satisfy state option.</doc>
<status status="NOT RUN" starttime="20240807 16:12:54.057" endtime="20240807 16:12:54.057"/>
</kw>
<kw name="Click" library="Browser">
<arg>${SELECTOR_AUTOMATION_POINT_AD_EDIT_DO_MODE_BOTH}</arg>
<tag>PageContent</tag>
<tag>Setter</tag>
<doc>Simulates mouse click on the element found by ``selector``.</doc>
<status status="NOT RUN" starttime="20240807 16:12:54.057" endtime="20240807 16:12:54.057"/>
</kw>
<kw name="Wait For Elements State" library="Browser">
<arg>${SELECTOR_AUTOMATION_POINT_AD_EDIT_DO_MODE_UNACKNOWLEDGED}</arg>
<arg>visible</arg>
<arg>timeout=2s</arg>
<tag>PageContent</tag>
<tag>Wait</tag>
<doc>Waits for the element found by ``selector`` to satisfy state option.</doc>
<status status="NOT RUN" starttime="20240807 16:12:54.058" endtime="20240807 16:12:54.058"/>
</kw>
<kw name="Click" library="Browser">
<arg>${SELECTOR_AUTOMATION_POINT_AD_EDIT_DO_MODE_UNACKNOWLEDGED}</arg>
<tag>PageContent</tag>
<tag>Setter</tag>
<doc>Simulates mouse click on the element found by ``selector``.</doc>
<status status="NOT RUN" starttime="20240807 16:12:54.058" endtime="20240807 16:12:54.058"/>
</kw>
<status status="NOT RUN" starttime="20240807 16:12:54.052" endtime="20240807 16:12:54.058"/>
</branch>
<branch type="ELSE IF" condition="$device_type.lower() == 'forwarding'">
<kw name="Wait For Elements State" library="Browser">
<arg>${SELECTOR_AUTOMATION_POINT_AD_EDIT_DEVICE_TYPE_OPTION4}</arg>
<arg>visible</arg>
<arg>timeout=2s</arg>
<tag>PageContent</tag>
<tag>Wait</tag>
<doc>Waits for the element found by ``selector`` to satisfy state option.</doc>
<status status="NOT RUN" starttime="20240807 16:12:54.059" endtime="20240807 16:12:54.059"/>
</kw>
<kw name="Click" library="Browser">
<arg>${SELECTOR_AUTOMATION_POINT_AD_EDIT_DEVICE_TYPE_OPTION4}</arg>
<tag>PageContent</tag>
<tag>Setter</tag>
<doc>Simulates mouse click on the element found by ``selector``.</doc>
<status status="NOT RUN" starttime="20240807 16:12:54.059" endtime="20240807 16:12:54.059"/>
</kw>
<kw name="Generate Random IP Address" library="global_variables">
<var>${ip_address}</var>
<status status="NOT RUN" starttime="20240807 16:12:54.060" endtime="20240807 16:12:54.060"/>
</kw>
<kw name="Wait For Elements State" library="Browser">
<arg>${SELECTOR_AUTOMATION_POINT_AD_EDIT_FORWARDING_IP_ADDRESS_INPUT}</arg>
<arg>visible</arg>
<arg>timeout=2s</arg>
<tag>PageContent</tag>
<tag>Wait</tag>
<doc>Waits for the element found by ``selector`` to satisfy state option.</doc>
<status status="NOT RUN" starttime="20240807 16:12:54.060" endtime="20240807 16:12:54.060"/>
</kw>
<kw name="Fill Text" library="Browser">
<arg>${SELECTOR_AUTOMATION_POINT_AD_EDIT_FORWARDING_IP_ADDRESS_INPUT}</arg>
<arg>${ip_address}</arg>
<tag>PageContent</tag>
<tag>Setter</tag>
<doc>Clears and fills the given ``txt`` into the text field found by ``selector``.</doc>
<status status="NOT RUN" starttime="20240807 16:12:54.060" endtime="20240807 16:12:54.061"/>
</kw>
<kw name="Generate Random IP Port" library="global_variables">
<var>${ip_port}</var>
<status status="NOT RUN" starttime="20240807 16:12:54.061" endtime="20240807 16:12:54.061"/>
</kw>
<kw name="Wait For Elements State" library="Browser">
<arg>${SELECTOR_AUTOMATION_POINT_AD_EDIT_FORWARDING_IP_PORT_INPUT}</arg>
<arg>visible</arg>
<arg>timeout=2s</arg>
<tag>PageContent</tag>
<tag>Wait</tag>
<doc>Waits for the element found by ``selector`` to satisfy state option.</doc>
<status status="NOT RUN" starttime="20240807 16:12:54.061" endtime="20240807 16:12:54.061"/>
</kw>
<kw name="Fill Text" library="Browser">
<arg>${SELECTOR_AUTOMATION_POINT_AD_EDIT_FORWARDING_IP_PORT_INPUT}</arg>
<arg>${ip_port}</arg>
<tag>PageContent</tag>
<tag>Setter</tag>
<doc>Clears and fills the given ``txt`` into the text field found by ``selector``.</doc>
<status status="NOT RUN" starttime="20240807 16:12:54.062" endtime="20240807 16:12:54.062"/>
</kw>
<status status="NOT RUN" starttime="20240807 16:12:54.058" endtime="20240807 16:12:54.062"/>
</branch>
<branch type="ELSE IF" condition="$device_type.lower() == 'alerta'">
<kw name="Wait For Elements State" library="Browser">
<arg>${SELECTOR_AUTOMATION_POINT_AD_EDIT_DEVICE_TYPE_OPTION5}</arg>
<arg>visible</arg>
<arg>timeout=2s</arg>
<tag>PageContent</tag>
<tag>Wait</tag>
<doc>Waits for the element found by ``selector`` to satisfy state option.</doc>
<status status="NOT RUN" starttime="20240807 16:12:54.063" endtime="20240807 16:12:54.063"/>
</kw>
<kw name="Click" library="Browser">
<arg>${SELECTOR_AUTOMATION_POINT_AD_EDIT_DEVICE_TYPE_OPTION5}</arg>
<tag>PageContent</tag>
<tag>Setter</tag>
<doc>Simulates mouse click on the element found by ``selector``.</doc>
<status status="NOT RUN" starttime="20240807 16:12:54.063" endtime="20240807 16:12:54.063"/>
</kw>
<kw name="Generate Random IP Address" library="global_variables">
<var>${ip_address}</var>
<status status="NOT RUN" starttime="20240807 16:12:54.064" endtime="20240807 16:12:54.064"/>
</kw>
<kw name="Wait For Elements State" library="Browser">
<arg>${SELECTOR_AUTOMATION_POINT_AD_EDIT_ALERTA_IP_ADDRESS_INPUT}</arg>
<arg>visible</arg>
<arg>timeout=2s</arg>
<tag>PageContent</tag>
<tag>Wait</tag>
<doc>Waits for the element found by ``selector`` to satisfy state option.</doc>
<status status="NOT RUN" starttime="20240807 16:12:54.064" endtime="20240807 16:12:54.064"/>
</kw>
<kw name="Fill Text" library="Browser">
<arg>${SELECTOR_AUTOMATION_POINT_AD_EDIT_ALERTA_IP_ADDRESS_INPUT}</arg>
<arg>${ip_address}</arg>
<tag>PageContent</tag>
<tag>Setter</tag>
<doc>Clears and fills the given ``txt`` into the text field found by ``selector``.</doc>
<status status="NOT RUN" starttime="20240807 16:12:54.064" endtime="20240807 16:12:54.065"/>
</kw>
<kw name="Generate Random IP Port" library="global_variables">
<var>${ip_port}</var>
<status status="NOT RUN" starttime="20240807 16:12:54.065" endtime="20240807 16:12:54.065"/>
</kw>
<kw name="Wait For Elements State" library="Browser">
<arg>${SELECTOR_AUTOMATION_POINT_AD_EDIT_ALERTA_IP_PORT_INPUT}</arg>
<arg>visible</arg>
<arg>timeout=2s</arg>
<tag>PageContent</tag>
<tag>Wait</tag>
<doc>Waits for the element found by ``selector`` to satisfy state option.</doc>
<status status="NOT RUN" starttime="20240807 16:12:54.065" endtime="20240807 16:12:54.065"/>
</kw>
<kw name="Fill Text" library="Browser">
<arg>${SELECTOR_AUTOMATION_POINT_AD_EDIT_ALERTA_IP_PORT_INPUT}</arg>
<arg>${ip_port}</arg>
<tag>PageContent</tag>
<tag>Setter</tag>
<doc>Clears and fills the given ``txt`` into the text field found by ``selector``.</doc>
<status status="NOT RUN" starttime="20240807 16:12:54.066" endtime="20240807 16:12:54.066"/>
</kw>
<status status="NOT RUN" starttime="20240807 16:12:54.062" endtime="20240807 16:12:54.066"/>
</branch>
<branch type="ELSE">
<kw name="Wait For Elements State" library="Browser">
<arg>${SELECTOR_AUTOMATION_POINT_AD_EDIT_DEVICE_TYPE_OPTION1}</arg>
<arg>visible</arg>
<arg>timeout=2s</arg>
<tag>PageContent</tag>
<tag>Wait</tag>
<doc>Waits for the element found by ``selector`` to satisfy state option.</doc>
<msg timestamp="20240807 16:12:54.072" level="INFO">Waited for Element with selector xpath=//mat-option[@data-qa-id='automation-alarm-device-edit-device-type-option1'] at state visible</msg>
<status status="PASS" starttime="20240807 16:12:54.066" endtime="20240807 16:12:54.072"/>
</kw>
<kw name="Click" library="Browser">
<arg>${SELECTOR_AUTOMATION_POINT_AD_EDIT_DEVICE_TYPE_OPTION1}</arg>
<tag>PageContent</tag>
<tag>Setter</tag>
<doc>Simulates mouse click on the element found by ``selector``.</doc>
<status status="PASS" starttime="20240807 16:12:54.072" endtime="20240807 16:12:54.440"/>
</kw>
<kw name="Wait For Elements State" library="Browser">
<arg>${SELECTOR_AUTOMATION_POINT_AD_EDIT_EMAIL_INPUT}</arg>
<arg>visible</arg>
<arg>timeout=2s</arg>
<tag>PageContent</tag>
<tag>Wait</tag>
<doc>Waits for the element found by ``selector`` to satisfy state option.</doc>
<msg timestamp="20240807 16:12:54.445" level="INFO">Waited for Element with selector xpath=//*[@data-qa-id="automation-alarm-device-edit-email-address"] at state visible</msg>
<status status="PASS" starttime="20240807 16:12:54.440" endtime="20240807 16:12:54.445"/>
</kw>
<kw name="Generate Random Email Address" library="global_variables">
<var>${email_address}</var>
<kw name="Evaluate" library="BuiltIn">
<var>${name}</var>
<arg>''.join(random.choices(string.ascii_lowercase, k=8))</arg>
<doc>Evaluates the given expression in Python and returns the result.</doc>
<msg timestamp="20240807 16:12:54.446" level="INFO">${name} = povfowvg</msg>
<status status="PASS" starttime="20240807 16:12:54.446" endtime="20240807 16:12:54.446"/>
</kw>
<kw name="Evaluate" library="BuiltIn">
<var>${site}</var>
<arg>''.join(random.choices(string.ascii_lowercase, k=5))</arg>
<doc>Evaluates the given expression in Python and returns the result.</doc>
<msg timestamp="20240807 16:12:54.447" level="INFO">${site} = dfwgb</msg>
<status status="PASS" starttime="20240807 16:12:54.447" endtime="20240807 16:12:54.447"/>
</kw>
<kw name="Evaluate" library="BuiltIn">
<var>${domain}</var>
<arg>''.join(random.choices(string.ascii_lowercase, k=3))</arg>
<doc>Evaluates the given expression in Python and returns the result.</doc>
<msg timestamp="20240807 16:12:54.448" level="INFO">${domain} = hgz</msg>
<status status="PASS" starttime="20240807 16:12:54.447" endtime="20240807 16:12:54.448"/>
</kw>
<kw name="Set Variable" library="BuiltIn">
<var>${email_address}</var>
<arg>${name}@${site}.${domain}</arg>
<doc>Returns the given values which can then be assigned to a variables.</doc>
<msg timestamp="20240807 16:12:54.448" level="INFO">${email_address} = povfowvg@dfwgb.hgz</msg>
<status status="PASS" starttime="20240807 16:12:54.448" endtime="20240807 16:12:54.448"/>
</kw>
<return>
<value>${email_address}</value>
<status status="PASS" starttime="20240807 16:12:54.449" endtime="20240807 16:12:54.449"/>
</return>
<msg timestamp="20240807 16:12:54.449" level="INFO">${email_address} = povfowvg@dfwgb.hgz</msg>
<status status="PASS" starttime="20240807 16:12:54.445" endtime="20240807 16:12:54.449"/>
</kw>
<kw name="Fill Text" library="Browser">
<arg>${SELECTOR_AUTOMATION_POINT_AD_EDIT_EMAIL_INPUT}</arg>
<arg>${email_address}</arg>
<tag>PageContent</tag>
<tag>Setter</tag>
<doc>Clears and fills the given ``txt`` into the text field found by ``selector``.</doc>
<msg timestamp="20240807 16:12:54.450" level="INFO">Fills the text 'povfowvg@dfwgb.hgz' in the given field.</msg>
<status status="PASS" starttime="20240807 16:12:54.449" endtime="20240807 16:12:54.778"/>
</kw>
<kw name="Wait For Elements State" library="Browser">
<arg>${SELECTOR_AUTOMATION_POINT_AD_EDIT_EMAIL_SERVER_SELECT}</arg>
<arg>visible</arg>
<arg>timeout=2s</arg>
<tag>PageContent</tag>
<tag>Wait</tag>
<doc>Waits for the element found by ``selector`` to satisfy state option.</doc>
<msg timestamp="20240807 16:12:54.786" level="INFO">Waited for Element with selector xpath=//*[@data-qa-id="automation-alarm-device-edit-email-server"] at state visible</msg>
<status status="PASS" starttime="20240807 16:12:54.779" endtime="20240807 16:12:54.788"/>
</kw>
<kw name="Click" library="Browser">
<arg>${SELECTOR_AUTOMATION_POINT_AD_EDIT_EMAIL_SERVER_SELECT}</arg>
<tag>PageContent</tag>
<tag>Setter</tag>
<doc>Simulates mouse click on the element found by ``selector``.</doc>
<status status="PASS" starttime="20240807 16:12:54.788" endtime="20240807 16:12:55.123"/>
</kw>
<kw name="Wait For Elements State" library="Browser">
<arg>${SELECTOR_AUTOMATION_POINT_AD_EDIT_EMAIL_SERVER_OPTION5}</arg>
<arg>visible</arg>
<arg>timeout=2s</arg>
<tag>PageContent</tag>
<tag>Wait</tag>
<doc>Waits for the element found by ``selector`` to satisfy state option.</doc>
<msg timestamp="20240807 16:12:55.128" level="INFO">Waited for Element with selector xpath=//*[@data-qa-id='automation-alarm-device-edit-email-server-option5'] at state visible</msg>
<status status="PASS" starttime="20240807 16:12:55.123" endtime="20240807 16:12:55.128"/>
</kw>
<kw name="Click" library="Browser">
<arg>${SELECTOR_AUTOMATION_POINT_AD_EDIT_EMAIL_SERVER_OPTION5}</arg>
<tag>PageContent</tag>
<tag>Setter</tag>
<doc>Simulates mouse click on the element found by ``selector``.</doc>
<status status="PASS" starttime="20240807 16:12:55.128" endtime="20240807 16:12:55.481"/>
</kw>
<kw name="Wait For Elements State" library="Browser">
<arg>${SELECTOR_AUTOMATION_POINT_AD_EDIT_EMAIL_SERVER_SELECT}</arg>
<arg>visible</arg>
<arg>timeout=2s</arg>
<tag>PageContent</tag>
<tag>Wait</tag>
<doc>Waits for the element found by ``selector`` to satisfy state option.</doc>
<msg timestamp="20240807 16:12:55.486" level="INFO">Waited for Element with selector xpath=//*[@data-qa-id="automation-alarm-device-edit-email-server"] at state visible</msg>
<status status="PASS" starttime="20240807 16:12:55.481" endtime="20240807 16:12:55.486"/>
</kw>
<kw name="Click" library="Browser">
<arg>${SELECTOR_AUTOMATION_POINT_AD_EDIT_EMAIL_SERVER_SELECT}</arg>
<tag>PageContent</tag>
<tag>Setter</tag>
<doc>Simulates mouse click on the element found by ``selector``.</doc>
<status status="PASS" starttime="20240807 16:12:55.487" endtime="20240807 16:12:55.821"/>
</kw>
<kw name="Wait For Elements State" library="Browser">
<arg>${SELECTOR_AUTOMATION_POINT_AD_EDIT_EMAIL_SERVER_OPTION4}</arg>
<arg>visible</arg>
<arg>timeout=2s</arg>
<tag>PageContent</tag>
<tag>Wait</tag>
<doc>Waits for the element found by ``selector`` to satisfy state option.</doc>
<msg timestamp="20240807 16:12:55.826" level="INFO">Waited for Element with selector xpath=//*[@data-qa-id='automation-alarm-device-edit-email-server-option4'] at state visible</msg>
<status status="PASS" starttime="20240807 16:12:55.821" endtime="20240807 16:12:55.827"/>
</kw>
<kw name="Click" library="Browser">
<arg>${SELECTOR_AUTOMATION_POINT_AD_EDIT_EMAIL_SERVER_OPTION4}</arg>
<tag>PageContent</tag>
<tag>Setter</tag>
<doc>Simulates mouse click on the element found by ``selector``.</doc>
<status status="PASS" starttime="20240807 16:12:55.827" endtime="20240807 16:12:56.176"/>
</kw>
<kw name="Wait For Elements State" library="Browser">
<arg>${SELECTOR_AUTOMATION_POINT_AD_EDIT_EMAIL_SERVER_SELECT}</arg>
<arg>visible</arg>
<arg>timeout=2s</arg>
<tag>PageContent</tag>
<tag>Wait</tag>
<doc>Waits for the element found by ``selector`` to satisfy state option.</doc>
<msg timestamp="20240807 16:12:56.181" level="INFO">Waited for Element with selector xpath=//*[@data-qa-id="automation-alarm-device-edit-email-server"] at state visible</msg>
<status status="PASS" starttime="20240807 16:12:56.176" endtime="20240807 16:12:56.181"/>
</kw>
<kw name="Click" library="Browser">
<arg>${SELECTOR_AUTOMATION_POINT_AD_EDIT_EMAIL_SERVER_SELECT}</arg>
<tag>PageContent</tag>
<tag>Setter</tag>
<doc>Simulates mouse click on the element found by ``selector``.</doc>
<status status="PASS" starttime="20240807 16:12:56.182" endtime="20240807 16:12:56.516"/>
</kw>
<kw name="Wait For Elements State" library="Browser">
<arg>${SELECTOR_AUTOMATION_POINT_AD_EDIT_EMAIL_SERVER_OPTION3}</arg>
<arg>visible</arg>
<arg>timeout=2s</arg>
<tag>PageContent</tag>
<tag>Wait</tag>
<doc>Waits for the element found by ``selector`` to satisfy state option.</doc>
<msg timestamp="20240807 16:12:56.522" level="INFO">Waited for Element with selector xpath=//*[@data-qa-id='automation-alarm-device-edit-email-server-option3'] at state visible</msg>
<status status="PASS" starttime="20240807 16:12:56.517" endtime="20240807 16:12:56.522"/>
</kw>
<kw name="Click" library="Browser">
<arg>${SELECTOR_AUTOMATION_POINT_AD_EDIT_EMAIL_SERVER_OPTION3}</arg>
<tag>PageContent</tag>
<tag>Setter</tag>
<doc>Simulates mouse click on the element found by ``selector``.</doc>
<status status="PASS" starttime="20240807 16:12:56.523" endtime="20240807 16:12:56.855"/>
</kw>
<kw name="Wait For Elements State" library="Browser">
<arg>${SELECTOR_AUTOMATION_POINT_AD_EDIT_EMAIL_SERVER_SELECT}</arg>
<arg>visible</arg>
<arg>timeout=2s</arg>
<tag>PageContent</tag>
<tag>Wait</tag>
<doc>Waits for the element found by ``selector`` to satisfy state option.</doc>
<msg timestamp="20240807 16:12:56.860" level="INFO">Waited for Element with selector xpath=//*[@data-qa-id="automation-alarm-device-edit-email-server"] at state visible</msg>
<status status="PASS" starttime="20240807 16:12:56.855" endtime="20240807 16:12:56.860"/>
</kw>
<kw name="Click" library="Browser">
<arg>${SELECTOR_AUTOMATION_POINT_AD_EDIT_EMAIL_SERVER_SELECT}</arg>
<tag>PageContent</tag>
<tag>Setter</tag>
<doc>Simulates mouse click on the element found by ``selector``.</doc>
<status status="PASS" starttime="20240807 16:12:56.861" endtime="20240807 16:12:57.210"/>
</kw>
<kw name="Wait For Elements State" library="Browser">
<arg>${SELECTOR_AUTOMATION_POINT_AD_EDIT_EMAIL_SERVER_OPTION2}</arg>
<arg>visible</arg>
<arg>timeout=2s</arg>
<tag>PageContent</tag>
<tag>Wait</tag>
<doc>Waits for the element found by ``selector`` to satisfy state option.</doc>
<msg timestamp="20240807 16:12:57.215" level="INFO">Waited for Element with selector xpath=//*[@data-qa-id='automation-alarm-device-edit-email-server-option2'] at state visible</msg>
<status status="PASS" starttime="20240807 16:12:57.210" endtime="20240807 16:12:57.215"/>
</kw>
<kw name="Click" library="Browser">
<arg>${SELECTOR_AUTOMATION_POINT_AD_EDIT_EMAIL_SERVER_OPTION2}</arg>
<tag>PageContent</tag>
<tag>Setter</tag>
<doc>Simulates mouse click on the element found by ``selector``.</doc>
<status status="PASS" starttime="20240807 16:12:57.215" endtime="20240807 16:12:57.552"/>
</kw>
<kw name="Wait For Elements State" library="Browser">
<arg>${SELECTOR_AUTOMATION_POINT_AD_EDIT_EMAIL_SERVER_SELECT}</arg>
<arg>visible</arg>
<arg>timeout=2s</arg>
<tag>PageContent</tag>
<tag>Wait</tag>
<doc>Waits for the element found by ``selector`` to satisfy state option.</doc>
<msg timestamp="20240807 16:12:57.557" level="INFO">Waited for Element with selector xpath=//*[@data-qa-id="automation-alarm-device-edit-email-server"] at state visible</msg>
[...]
</kw>
<kw name="Click" library="Browser">
<arg>${template_file_xpath}</arg>
<tag>PageContent</tag>
<tag>Setter</tag>
<doc>Simulates mouse click on the element found by ``selector``.</doc>
<status status="NOT RUN" starttime="20240807 16:15:33.474" endtime="20240807 16:15:33.474"/>
</kw>
<status status="NOT RUN" starttime="20240807 16:15:33.471" endtime="20240807 16:15:33.475"/>
</iter>
<status status="NOT RUN" starttime="20240807 16:15:33.471" endtime="20240807 16:15:33.475"/>
</for>
<status status="NOT RUN" starttime="20240807 16:15:33.453" endtime="20240807 16:15:33.475"/>
</branch>
<status status="PASS" starttime="20240807 16:15:32.350" endtime="20240807 16:15:33.475"/>
</if>
<kw name="Wait For Elements State" library="Browser">
<arg>${SELECTOR_AUTOMATION_POINT_AD_EDIT_SYNCHRONIZE_CHKBX}</arg>
<arg>visible</arg>
<arg>timeout=2s</arg>
<tag>PageContent</tag>
<tag>Wait</tag>
<doc>Waits for the element found by ``selector`` to satisfy state option.</doc>
<msg timestamp="20240807 16:15:33.482" level="INFO">Waited for Element with selector xpath=//input[@id='automation-alarm-device-edit-synchronize-input'] at state visible</msg>
<status status="PASS" starttime="20240807 16:15:33.476" endtime="20240807 16:15:33.482"/>
</kw>
<kw name="Check Checkbox" library="Browser">
<arg>${SELECTOR_AUTOMATION_POINT_AD_EDIT_SYNCHRONIZE_CHKBX}</arg>
<tag>PageContent</tag>
<tag>Setter</tag>
<doc>Checks the checkbox or selects radio button found by ``selector``.</doc>
<status status="PASS" starttime="20240807 16:15:33.483" endtime="20240807 16:15:33.796"/>
</kw>
<kw name="Uncheck Checkbox" library="Browser">
<arg>${SELECTOR_AUTOMATION_POINT_AD_EDIT_SYNCHRONIZE_CHKBX}</arg>
<tag>PageContent</tag>
<tag>Setter</tag>
<doc>Unchecks the checkbox found by ``selector``.</doc>
<status status="PASS" starttime="20240807 16:15:33.797" endtime="20240807 16:15:34.170"/>
</kw>
<kw name="Check Checkbox" library="Browser">
<arg>${SELECTOR_AUTOMATION_POINT_AD_EDIT_SYNCHRONIZE_CHKBX}</arg>
<tag>PageContent</tag>
<tag>Setter</tag>
<doc>Checks the checkbox or selects radio button found by ``selector``.</doc>
<status status="PASS" starttime="20240807 16:15:34.171" endtime="20240807 16:15:34.540"/>
</kw>
<kw name="Wait For Elements State" library="Browser">
<arg>${SELECTOR_AUTOMATION_POINT_AD_EDIT_SAVE_BUTTON}</arg>
<arg>visible</arg>
<arg>timeout=2s</arg>
<tag>PageContent</tag>
<tag>Wait</tag>
<doc>Waits for the element found by ``selector`` to satisfy state option.</doc>
<msg timestamp="20240807 16:15:34.547" level="INFO">Waited for Element with selector xpath=//button[@data-qa-id="automation-alarm-device-edit-save-button"] at state visible</msg>
<status status="PASS" starttime="20240807 16:15:34.541" endtime="20240807 16:15:34.547"/>
</kw>
<kw name="Click" library="Browser">
<arg>${SELECTOR_AUTOMATION_POINT_AD_EDIT_SAVE_BUTTON}</arg>
<tag>PageContent</tag>
<tag>Setter</tag>
<doc>Simulates mouse click on the element found by ``selector``.</doc>
<status status="PASS" starttime="20240807 16:15:34.548" endtime="20240807 16:15:34.899"/>
</kw>
<kw name="Snack-bar Visibility And Content" library="global_variables">
<kw name="Check Xpath Visible" library="global_variables">
<var>${snack-bar_visible}</var>
<arg>xpath=//span[@class='mdc-button__label']</arg>
<kw name="Run Keyword And Return Status" library="BuiltIn">
<var>${xpath_visible}</var>
<arg>Wait For Elements State</arg>
<arg>${xpath}</arg>
<arg>visible</arg>
<arg>timeout=2s</arg>
<doc>Runs the given keyword with given arguments and returns the status as a Boolean value.</doc>
<kw name="Wait For Elements State" library="Browser">
<arg>${xpath}</arg>
<arg>visible</arg>
<arg>timeout=2s</arg>
<tag>PageContent</tag>
<tag>Wait</tag>
<doc>Waits for the element found by ``selector`` to satisfy state option.</doc>
<msg timestamp="20240807 16:15:37.070" level="INFO" html="true">&lt;/td&gt;&lt;/tr&gt;&lt;tr&gt;&lt;td colspan="3"&gt;&lt;a href="browser/screenshot/fail-screenshot-17.png" target="_blank"&gt;&lt;img src="browser/screenshot/fail-screenshot-17.png" width="800px"/&gt;&lt;/a&gt;</msg>
<msg timestamp="20240807 16:15:37.070" level="INFO">See also file:///C:/QA/fx-gui/results/playwright-log.txt for additional details.</msg>
<msg timestamp="20240807 16:15:37.070" level="FAIL">TimeoutError: locator.waitFor: Timeout 2000ms exceeded.
=========================== logs ===========================
waiting for locator('xpath=//span[@class=\'mdc-button__label\']') to be visible
============================================================
Tip: Use "Set Browser Timeout" for increasing the timeout or double check your locator as the targeted element(s) couldn't be found.</msg>
<status status="FAIL" starttime="20240807 16:15:34.901" endtime="20240807 16:15:37.071"/>
</kw>
<msg timestamp="20240807 16:15:37.072" level="INFO">${xpath_visible} = False</msg>
<status status="PASS" starttime="20240807 16:15:34.900" endtime="20240807 16:15:37.072"/>
</kw>
<if>
<branch type="IF" condition="${xpath_visible}">
<kw name="Set Variable" library="BuiltIn">
<var>${visibility}</var>
<arg>${True}</arg>
<doc>Returns the given values which can then be assigned to a variables.</doc>
<status status="NOT RUN" starttime="20240807 16:15:37.073" endtime="20240807 16:15:37.073"/>
</kw>
<status status="NOT RUN" starttime="20240807 16:15:37.072" endtime="20240807 16:15:37.073"/>
</branch>
<branch type="ELSE">
<kw name="Set Variable" library="BuiltIn">
<var>${visibility}</var>
<arg>${False}</arg>
<doc>Returns the given values which can then be assigned to a variables.</doc>
<msg timestamp="20240807 16:15:37.075" level="INFO">${visibility} = False</msg>
<status status="PASS" starttime="20240807 16:15:37.074" endtime="20240807 16:15:37.076"/>
</kw>
<status status="PASS" starttime="20240807 16:15:37.074" endtime="20240807 16:15:37.076"/>
</branch>
<status status="PASS" starttime="20240807 16:15:37.072" endtime="20240807 16:15:37.076"/>
</if>
<return>
<value>${visibility}</value>
<status status="PASS" starttime="20240807 16:15:37.076" endtime="20240807 16:15:37.076"/>
</return>
<msg timestamp="20240807 16:15:37.077" level="INFO">${snack-bar_visible} = False</msg>
<status status="PASS" starttime="20240807 16:15:34.900" endtime="20240807 16:15:37.077"/>
</kw>
<kw name="Log To Console" library="BuiltIn">
<arg>Snack-bar: ${snack-bar_visible}</arg>
<doc>Logs the given message to the console.</doc>
<status status="PASS" starttime="20240807 16:15:37.077" endtime="20240807 16:15:37.078"/>
</kw>
<if>
<branch type="IF" condition="${snack-bar_visible}">
<kw name="Get Text From XPath" library="global_variables">
<var>${snack-bar_text_1}</var>
<arg>xpath=//span[@class='mdc-button__label']</arg>
<status status="NOT RUN" starttime="20240807 16:15:37.079" endtime="20240807 16:15:37.079"/>
</kw>
<kw name="Get Text From XPath" library="global_variables">
<var>${snack-bar_text_2}</var>
<arg>xpath=//div[@class='mat-mdc-snack-bar-actions mdc-snackbar__actions ng-star-inserted']</arg>
<status status="NOT RUN" starttime="20240807 16:15:37.079" endtime="20240807 16:15:37.080"/>
</kw>
<kw name="Log To Console" library="BuiltIn">
<arg>Snack-bar text: ${snack-bar_text_1} : ${snack-bar_text_2}</arg>
<doc>Logs the given message to the console.</doc>
<status status="NOT RUN" starttime="20240807 16:15:37.080" endtime="20240807 16:15:37.080"/>
</kw>
<status status="NOT RUN" starttime="20240807 16:15:37.078" endtime="20240807 16:15:37.080"/>
</branch>
<status status="PASS" starttime="20240807 16:15:37.078" endtime="20240807 16:15:37.080"/>
</if>
<status status="PASS" starttime="20240807 16:15:34.899" endtime="20240807 16:15:37.081"/>
</kw>
<status status="PASS" starttime="20240807 16:15:20.971" endtime="20240807 16:15:37.081"/>
</kw>
<kw name="Delete Alarm Device" library="alarm_device_id">
<arg>device_name=6${random_point}</arg>
<kw name="Set Variable" library="BuiltIn">
<var>${compiled_text}</var>
<arg>xpath=//td[contains(., '${device_name}')]</arg>
<doc>Returns the given values which can then be assigned to a variables.</doc>
<msg timestamp="20240807 16:15:37.083" level="INFO">${compiled_text} = xpath=//td[contains(., '6AD_YYJOSNXS_232_AD')]</msg>
<status status="PASS" starttime="20240807 16:15:37.082" endtime="20240807 16:15:37.083"/>
</kw>
<kw name="Wait For Elements State" library="Browser">
<arg>${compiled_text}</arg>
<arg>visible</arg>
<arg>timeout=2s</arg>
<tag>PageContent</tag>
<tag>Wait</tag>
<doc>Waits for the element found by ``selector`` to satisfy state option.</doc>
<msg timestamp="20240807 16:15:37.088" level="INFO">Waited for Element with selector xpath=//td[contains(., '6AD_YYJOSNXS_232_AD')] at state visible</msg>
<status status="PASS" starttime="20240807 16:15:37.083" endtime="20240807 16:15:37.088"/>
</kw>
<kw name="Click" library="Browser">
<arg>${compiled_text}</arg>
<tag>PageContent</tag>
<tag>Setter</tag>
<doc>Simulates mouse click on the element found by ``selector``.</doc>
<status status="PASS" starttime="20240807 16:15:37.088" endtime="20240807 16:15:37.432"/>
</kw>
<kw name="Wait For Elements State" library="Browser">
<arg>${SELECTOR_AUTOMATION_TOOLBAR_DELETE_BUTTON}</arg>
<arg>visible</arg>
<arg>timeout=2s</arg>
<tag>PageContent</tag>
<tag>Wait</tag>
<doc>Waits for the element found by ``selector`` to satisfy state option.</doc>
<msg timestamp="20240807 16:15:37.439" level="INFO">Waited for Element with selector xpath=//button[@data-qa-id='automation-toolbar-buttons-delete'] at state visible</msg>
<status status="PASS" starttime="20240807 16:15:37.433" endtime="20240807 16:15:37.439"/>
</kw>
<kw name="Click" library="Browser">
<arg>${SELECTOR_AUTOMATION_TOOLBAR_DELETE_BUTTON}</arg>
<tag>PageContent</tag>
<tag>Setter</tag>
<doc>Simulates mouse click on the element found by ``selector``.</doc>
<status status="PASS" starttime="20240807 16:15:37.439" endtime="20240807 16:15:37.775"/>
</kw>
<kw name="Set Variable" library="BuiltIn">
<var>${point_xpath_variable}</var>
<arg>//app-confirm-dialog[@class="ng-star-inserted"]//p[text()='${device_name}']</arg>
<doc>Returns the given values which can then be assigned to a variables.</doc>
<msg timestamp="20240807 16:15:37.776" level="INFO">${point_xpath_variable} = //app-confirm-dialog[@class="ng-star-inserted"]//p[text()='6AD_YYJOSNXS_232_AD']</msg>
<status status="PASS" starttime="20240807 16:15:37.775" endtime="20240807 16:15:37.776"/>
</kw>
<kw name="Wait For Elements State" library="Browser">
<arg>${point_xpath_variable}</arg>
<arg>visible</arg>
<arg>timeout=2s</arg>
<tag>PageContent</tag>
<tag>Wait</tag>
<doc>Waits for the element found by ``selector`` to satisfy state option.</doc>
<msg timestamp="20240807 16:15:37.781" level="INFO">Waited for Element with selector //app-confirm-dialog[@class="ng-star-inserted"]//p[text()='6AD_YYJOSNXS_232_AD'] at state visible</msg>
<status status="PASS" starttime="20240807 16:15:37.776" endtime="20240807 16:15:37.781"/>
</kw>
<kw name="Wait For Elements State" library="Browser">
<arg>${SELECTOR_CONFIRM_DIALOG_CONFIRM_BUTTON}</arg>
<arg>visible</arg>
<arg>timeout=2s</arg>
<tag>PageContent</tag>
<tag>Wait</tag>
<doc>Waits for the element found by ``selector`` to satisfy state option.</doc>
<msg timestamp="20240807 16:15:37.787" level="INFO">Waited for Element with selector xpath=//button[@data-qa-id="confirm-dialog-confirm-button"] at state visible</msg>
<status status="PASS" starttime="20240807 16:15:37.782" endtime="20240807 16:15:37.787"/>
</kw>
<kw name="Click" library="Browser">
<arg>${SELECTOR_CONFIRM_DIALOG_CONFIRM_BUTTON}</arg>
<tag>PageContent</tag>
<tag>Setter</tag>
<doc>Simulates mouse click on the element found by ``selector``.</doc>
<status status="PASS" starttime="20240807 16:15:37.787" endtime="20240807 16:15:38.130"/>
</kw>
<kw name="Snack-bar Visibility And Content" library="global_variables">
<kw name="Check Xpath Visible" library="global_variables">
<var>${snack-bar_visible}</var>
<arg>xpath=//span[@class='mdc-button__label']</arg>
<kw name="Run Keyword And Return Status" library="BuiltIn">
<var>${xpath_visible}</var>
<arg>Wait For Elements State</arg>
<arg>${xpath}</arg>
<arg>visible</arg>
<arg>timeout=2s</arg>
<doc>Runs the given keyword with given arguments and returns the status as a Boolean value.</doc>
<kw name="Wait For Elements State" library="Browser">
<arg>${xpath}</arg>
<arg>visible</arg>
<arg>timeout=2s</arg>
<tag>PageContent</tag>
<tag>Wait</tag>
<doc>Waits for the element found by ``selector`` to satisfy state option.</doc>
<msg timestamp="20240807 16:15:40.280" level="INFO" html="true">&lt;/td&gt;&lt;/tr&gt;&lt;tr&gt;&lt;td colspan="3"&gt;&lt;a href="browser/screenshot/fail-screenshot-18.png" target="_blank"&gt;&lt;img src="browser/screenshot/fail-screenshot-18.png" width="800px"/&gt;&lt;/a&gt;</msg>
<msg timestamp="20240807 16:15:40.281" level="INFO">See also file:///C:/QA/fx-gui/results/playwright-log.txt for additional details.</msg>
<msg timestamp="20240807 16:15:40.281" level="FAIL">TimeoutError: locator.waitFor: Timeout 2000ms exceeded.
=========================== logs ===========================
waiting for locator('xpath=//span[@class=\'mdc-button__label\']') to be visible
============================================================
Tip: Use "Set Browser Timeout" for increasing the timeout or double check your locator as the targeted element(s) couldn't be found.</msg>
<status status="FAIL" starttime="20240807 16:15:38.132" endtime="20240807 16:15:40.282"/>
</kw>
<msg timestamp="20240807 16:15:40.283" level="INFO">${xpath_visible} = False</msg>
<status status="PASS" starttime="20240807 16:15:38.132" endtime="20240807 16:15:40.283"/>
</kw>
<if>
<branch type="IF" condition="${xpath_visible}">
<kw name="Set Variable" library="BuiltIn">
<var>${visibility}</var>
<arg>${True}</arg>
<doc>Returns the given values which can then be assigned to a variables.</doc>
<status status="NOT RUN" starttime="20240807 16:15:40.284" endtime="20240807 16:15:40.284"/>
</kw>
<status status="NOT RUN" starttime="20240807 16:15:40.283" endtime="20240807 16:15:40.284"/>
</branch>
<branch type="ELSE">
<kw name="Set Variable" library="BuiltIn">
<var>${visibility}</var>
<arg>${False}</arg>
<doc>Returns the given values which can then be assigned to a variables.</doc>
<msg timestamp="20240807 16:15:40.285" level="INFO">${visibility} = False</msg>
<status status="PASS" starttime="20240807 16:15:40.284" endtime="20240807 16:15:40.285"/>
</kw>
<status status="PASS" starttime="20240807 16:15:40.284" endtime="20240807 16:15:40.285"/>
</branch>
<status status="PASS" starttime="20240807 16:15:40.283" endtime="20240807 16:15:40.285"/>
</if>
<return>
<value>${visibility}</value>
<status status="PASS" starttime="20240807 16:15:40.285" endtime="20240807 16:15:40.286"/>
</return>
<msg timestamp="20240807 16:15:40.286" level="INFO">${snack-bar_visible} = False</msg>
<status status="PASS" starttime="20240807 16:15:38.131" endtime="20240807 16:15:40.286"/>
</kw>
<kw name="Log To Console" library="BuiltIn">
<arg>Snack-bar: ${snack-bar_visible}</arg>
<doc>Logs the given message to the console.</doc>
<status status="PASS" starttime="20240807 16:15:40.286" endtime="20240807 16:15:40.287"/>
</kw>
<if>
<branch type="IF" condition="${snack-bar_visible}">
<kw name="Get Text From XPath" library="global_variables">
<var>${snack-bar_text_1}</var>
<arg>xpath=//span[@class='mdc-button__label']</arg>
<status status="NOT RUN" starttime="20240807 16:15:40.288" endtime="20240807 16:15:40.288"/>
</kw>
<kw name="Get Text From XPath" library="global_variables">
<var>${snack-bar_text_2}</var>
<arg>xpath=//div[@class='mat-mdc-snack-bar-actions mdc-snackbar__actions ng-star-inserted']</arg>
<status status="NOT RUN" starttime="20240807 16:15:40.288" endtime="20240807 16:15:40.288"/>
</kw>
<kw name="Log To Console" library="BuiltIn">
<arg>Snack-bar text: ${snack-bar_text_1} : ${snack-bar_text_2}</arg>
<doc>Logs the given message to the console.</doc>
<status status="NOT RUN" starttime="20240807 16:15:40.289" endtime="20240807 16:15:40.289"/>
</kw>
<status status="NOT RUN" starttime="20240807 16:15:40.287" endtime="20240807 16:15:40.289"/>
</branch>
<status status="PASS" starttime="20240807 16:15:40.287" endtime="20240807 16:15:40.289"/>
</if>
<status status="PASS" starttime="20240807 16:15:38.131" endtime="20240807 16:15:40.289"/>
</kw>
<kw name="Wait For Elements State" library="Browser">
<arg>${compiled_text}</arg>
<arg>hidden</arg>
<arg>timeout=2s</arg>
<tag>PageContent</tag>
<tag>Wait</tag>
<doc>Waits for the element found by ``selector`` to satisfy state option.</doc>
<msg timestamp="20240807 16:15:40.296" level="INFO">Waited for Element with selector xpath=//td[contains(., '6AD_YYJOSNXS_232_AD')] at state hidden</msg>
<status status="PASS" starttime="20240807 16:15:40.290" endtime="20240807 16:15:40.296"/>
</kw>
<status status="PASS" starttime="20240807 16:15:37.081" endtime="20240807 16:15:40.296"/>
</kw>
<kw name="Print Alarm Devices" library="alarm_device_id">
<kw name="Wait For Elements State" library="Browser">
<arg>${SELECTOR_AUTOMATION_TOOLBAR_PRINT_BUTTON}</arg>
<arg>visible</arg>
<arg>timeout=2s</arg>
<tag>PageContent</tag>
<tag>Wait</tag>
<doc>Waits for the element found by ``selector`` to satisfy state option.</doc>
<msg timestamp="20240807 16:15:40.306" level="INFO">Waited for Element with selector xpath=//button[@data-qa-id='automation-toolbar-buttons-print'] at state visible</msg>
<status status="PASS" starttime="20240807 16:15:40.299" endtime="20240807 16:15:40.307"/>
</kw>
<kw name="Click" library="Browser">
<arg>${SELECTOR_AUTOMATION_TOOLBAR_PRINT_BUTTON}</arg>
<tag>PageContent</tag>
<tag>Setter</tag>
<doc>Simulates mouse click on the element found by ``selector``.</doc>
<status status="PASS" starttime="20240807 16:15:40.308" endtime="20240807 16:15:40.675"/>
</kw>
<kw name="Sleep" library="BuiltIn">
<arg>3s</arg>
<doc>Pauses the test executed for the given time.</doc>
<msg timestamp="20240807 16:15:43.688" level="INFO">Slept 3 seconds</msg>
<status status="PASS" starttime="20240807 16:15:40.676" endtime="20240807 16:15:43.688"/>
</kw>
<kw name="Keyboard Key" library="Browser">
<arg>press</arg>
<arg>Escape</arg>
<tag>PageContent</tag>
<tag>Setter</tag>
<doc>Press a keyboard key on the virtual keyboard or set a key up or down.</doc>
<status status="PASS" starttime="20240807 16:15:43.689" endtime="20240807 16:15:44.012"/>
</kw>
<kw name="Wait For Elements State" library="Browser">
<arg>${SELECTOR_AUTOMATION_TOOLBAR_PRINT_BUTTON}</arg>
<arg>visible</arg>
<arg>timeout=2s</arg>
<tag>PageContent</tag>
<tag>Wait</tag>
<doc>Waits for the element found by ``selector`` to satisfy state option.</doc>
<msg timestamp="20240807 16:15:44.017" level="INFO">Waited for Element with selector xpath=//button[@data-qa-id='automation-toolbar-buttons-print'] at state visible</msg>
<status status="PASS" starttime="20240807 16:15:44.012" endtime="20240807 16:15:44.017"/>
</kw>
<status status="PASS" starttime="20240807 16:15:40.297" endtime="20240807 16:15:44.017"/>
</kw>
<status status="PASS" starttime="20240807 16:12:30.716" endtime="20240807 16:15:44.018"/>
</test>
<status status="PASS" starttime="20240807 16:12:22.401" endtime="20240807 16:15:44.164"/>
</suite>
<status status="PASS" starttime="20240807 16:12:13.675" endtime="20240807 16:15:44.168"/>
</suite>
<statistics>
<total>
<stat pass="1" fail="0" skip="0">All Tests</stat>
</total>
<tag>
</tag>
<suite>
<stat pass="1" fail="0" skip="0" id="s1" name="Tests">Tests</stat>
<stat pass="1" fail="0" skip="0" id="s1-s1" name="Automation">Tests.Automation</stat>
</suite>
</statistics>
<errors>
</errors>
</robot>
