<?xml version="1.0" encoding="UTF-8"?>
<robot generator="Robot 6.1.1 (Python 3.10.12 on win32)" generated="20240906 16:48:26.282" rpa="false" schemaversion="4">
<suite id="s1" name="Tests" source="c:\QA\fx-gui\tests">
<kw name="Suite setup" type="SETUP">
<kw name="New Browser" library="Browser">
<arg>browser=chromium</arg>
<arg>headless=false</arg>
<arg>slowMo=300ms</arg>
<tag>BrowserControl</tag>
<tag>Setter</tag>
<doc>Create a new playwright Browser with specified options.</doc>
<msg timestamp="20240906 16:48:35.955" level="INFO">{"browser": "chromium", "headless": false, "chromiumSandbox": false, "devtools": false, "handleSIGHUP": true, "handleSIGINT": true, "handleSIGTERM": true, "slowMo": 300.0, "timeout": 30000.0, "tracesDir": "C:\\QA\\fx-gui\\results\\browser\\traces\\f4ba336d-a31a-441c-ba79-7f7b26f94677"}</msg>
<msg timestamp="20240906 16:48:37.290" level="INFO">Successfully created browser with options: {"browser":"chromium","headless":false,"chromiumSandbox":false,"devtools":false,"handleSIGHUP":true,"handleSIGINT":true,"handleSIGTERM":true,"slowMo":300,"timeout":30000,"tracesDir":"C:\\QA\\fx-gui\\results\\browser\\traces\\f4ba336d-a31a-441c-ba79-7f7b26f94677"}</msg>
<status status="PASS" starttime="20240906 16:48:35.951" endtime="20240906 16:48:37.291"/>
</kw>
<kw name="New Context" library="Browser">
<arg>viewport={'width': 1920, 'height': 1000}</arg>
<arg>screen={'width': 1600, 'height': 900}</arg>
<arg>deviceScaleFactor=0.8</arg>
<tag>BrowserControl</tag>
<tag>Setter</tag>
<doc>Create a new BrowserContext with specified options.</doc>
<msg timestamp="20240906 16:48:37.302" level="INFO">{
  "acceptDownloads": true,
  "bypassCSP": false,
  "deviceScaleFactor": 0.8,
  "forcedColors": "none",
  "hideRfBrowser": "",
  "ignoreHTTPSErrors": false,
  "javaScriptEnabled": true,
  "offline": false,
  "reducedMotion": "no-preference",
  "screen": {
    "width": 1600,
    "height": 900
  },
  "serviceWorkers": "allow",
  "viewport": {
    "width": 1920,
    "height": 1000
  }
}</msg>
<msg timestamp="20240906 16:48:37.324" level="INFO">Successfully created context. </msg>
<msg timestamp="20240906 16:48:37.325" level="INFO">{'acceptDownloads': True, 'bypassCSP': False, 'deviceScaleFactor': 0.8, 'forcedColors': 'none', 'hideRfBrowser': '', 'ignoreHTTPSErrors': False, 'javaScriptEnabled': True, 'offline': False, 'reducedMotion': 'no-preference', 'screen': {'width': 1600, 'height': 900}, 'serviceWorkers': 'allow', 'viewport': {'width': 1920, 'height': 1000}}</msg>
<status status="PASS" starttime="20240906 16:48:37.293" endtime="20240906 16:48:37.326"/>
</kw>
<kw name="Populate environment">
<kw name="Set Global Variable" library="BuiltIn">
<arg>${RESOURCES}</arg>
<arg>c:\\QA\\fx-gui\\tests\\resources</arg>
<doc>Makes a variable available globally in all tests and suites.</doc>
<msg timestamp="20240906 16:48:37.332" level="INFO">${RESOURCES} = c:\QA\fx-gui\tests\resources</msg>
<status status="PASS" starttime="20240906 16:48:37.329" endtime="20240906 16:48:37.333"/>
</kw>
<kw name="Log To Console" library="BuiltIn">
<arg>Setting global variables from c:\\QA\\fx-gui\\tests\\${target_config}</arg>
<doc>Logs the given message to the console.</doc>
<status status="PASS" starttime="20240906 16:48:37.334" endtime="20240906 16:48:37.336"/>
</kw>
<kw name="Get Variables From File" library="get_variables">
<var>${items}</var>
<arg>c:\\QA\\fx-gui\\tests\\${target_config}</arg>
<doc>Get variables from the file and return them in dictionary.
Parses string patterns like "TARGET_FRONTEND_IP": "10.78.185.23"</doc>
<msg timestamp="20240906 16:48:37.349" level="INFO">${items} = {'TARGET_USER': 'system', 'TARGET_USER_PASSWORD': '24680', 'TARGET_FRONTEND_IP': '10.100.1.199', 'TARGET_FRONTEND_PORT': '80'}</msg>
<status status="PASS" starttime="20240906 16:48:37.337" endtime="20240906 16:48:37.349"/>
</kw>
<for flavor="IN">
<var>${key}</var>
<var>${value}</var>
<value>&amp;{items}</value>
<iter>
<var name="${key}">TARGET_USER</var>
<var name="${value}">system</var>
<kw name="Set Global Variable" library="BuiltIn">
<arg>${${key}}</arg>
<arg>${value}</arg>
<doc>Makes a variable available globally in all tests and suites.</doc>
<msg timestamp="20240906 16:48:37.361" level="INFO">${TARGET_USER} = system</msg>
<status status="PASS" starttime="20240906 16:48:37.355" endtime="20240906 16:48:37.362"/>
</kw>
<kw name="Log To Console" library="BuiltIn">
<arg>${key} = ${value}</arg>
<doc>Logs the given message to the console.</doc>
<status status="PASS" starttime="20240906 16:48:37.363" endtime="20240906 16:48:37.366"/>
</kw>
<status status="PASS" starttime="20240906 16:48:37.353" endtime="20240906 16:48:37.367"/>
</iter>
<iter>
<var name="${key}">TARGET_USER_PASSWORD</var>
<var name="${value}">24680</var>
<kw name="Set Global Variable" library="BuiltIn">
<arg>${${key}}</arg>
<arg>${value}</arg>
<doc>Makes a variable available globally in all tests and suites.</doc>
<msg timestamp="20240906 16:48:37.375" level="INFO">${TARGET_USER_PASSWORD} = 24680</msg>
<status status="PASS" starttime="20240906 16:48:37.370" endtime="20240906 16:48:37.376"/>
</kw>
<kw name="Log To Console" library="BuiltIn">
<arg>${key} = ${value}</arg>
<doc>Logs the given message to the console.</doc>
<status status="PASS" starttime="20240906 16:48:37.377" endtime="20240906 16:48:37.380"/>
</kw>
<status status="PASS" starttime="20240906 16:48:37.368" endtime="20240906 16:48:37.381"/>
</iter>
<iter>
<var name="${key}">TARGET_FRONTEND_IP</var>
<var name="${value}">10.100.1.199</var>
<kw name="Set Global Variable" library="BuiltIn">
<arg>${${key}}</arg>
<arg>${value}</arg>
<doc>Makes a variable available globally in all tests and suites.</doc>
<msg timestamp="20240906 16:48:37.394" level="INFO">${TARGET_FRONTEND_IP} = 10.100.1.199</msg>
<status status="PASS" starttime="20240906 16:48:37.386" endtime="20240906 16:48:37.395"/>
</kw>
<kw name="Log To Console" library="BuiltIn">
<arg>${key} = ${value}</arg>
<doc>Logs the given message to the console.</doc>
<status status="PASS" starttime="20240906 16:48:37.397" endtime="20240906 16:48:37.401"/>
</kw>
<status status="PASS" starttime="20240906 16:48:37.383" endtime="20240906 16:48:37.403"/>
</iter>
<iter>
<var name="${key}">TARGET_FRONTEND_PORT</var>
<var name="${value}">80</var>
<kw name="Set Global Variable" library="BuiltIn">
<arg>${${key}}</arg>
<arg>${value}</arg>
<doc>Makes a variable available globally in all tests and suites.</doc>
<msg timestamp="20240906 16:48:37.417" level="INFO">${TARGET_FRONTEND_PORT} = 80</msg>
<status status="PASS" starttime="20240906 16:48:37.409" endtime="20240906 16:48:37.419"/>
</kw>
<kw name="Log To Console" library="BuiltIn">
<arg>${key} = ${value}</arg>
<doc>Logs the given message to the console.</doc>
<status status="PASS" starttime="20240906 16:48:37.421" endtime="20240906 16:48:37.425"/>
</kw>
<status status="PASS" starttime="20240906 16:48:37.406" endtime="20240906 16:48:37.427"/>
</iter>
<status status="PASS" starttime="20240906 16:48:37.350" endtime="20240906 16:48:37.428"/>
</for>
<status status="PASS" starttime="20240906 16:48:37.327" endtime="20240906 16:48:37.431"/>
</kw>
<status status="PASS" starttime="20240906 16:48:35.947" endtime="20240906 16:48:37.433"/>
</kw>
<suite id="s1-s1" name="Settings" source="c:\QA\fx-gui\tests\settings.robot">
<test id="s1-s1-t1" name="Settings Page Features Walkthrough QA-ID" line="14">
<kw name="Go to main view" library="navigate" type="SETUP">
<doc>This will make sure we are logged in</doc>
<kw name="Go to login page" library="navigate">
<kw name="Set Browser Timeout" library="Browser">
<arg>10s</arg>
<tag>Config</tag>
<tag>Setter</tag>
<doc>Sets the timeout used by most input and getter keywords.</doc>
<status status="PASS" starttime="20240906 16:48:52.722" endtime="20240906 16:48:52.724"/>
</kw>
<kw name="New Page" library="Browser">
<arg>http://${TARGET_FRONTEND_IP}:${TARGET_FRONTEND_PORT}</arg>
<tag>BrowserControl</tag>
<tag>Setter</tag>
<doc>Open a new Page.</doc>
<msg timestamp="20240906 16:48:55.031" level="INFO">Successfully initialized new page object and opened url: http://10.100.1.199:80</msg>
<status status="PASS" starttime="20240906 16:48:52.726" endtime="20240906 16:48:55.032"/>
</kw>
<status status="PASS" starttime="20240906 16:48:52.719" endtime="20240906 16:48:55.033"/>
</kw>
<kw name="Run Keyword And Return Status" library="BuiltIn">
<var>${login_page}</var>
<arg>Wait For Elements State</arg>
<arg>${selector_dashboard_visible}</arg>
<arg>visible</arg>
<arg>timeout=2s</arg>
<doc>Runs the given keyword with given arguments and returns the status as a Boolean value.</doc>
<kw name="Wait For Elements State" library="Browser">
<arg>${selector_dashboard_visible}</arg>
<arg>visible</arg>
<arg>timeout=2s</arg>
<tag>PageContent</tag>
<tag>Wait</tag>
<doc>Waits for the element found by ``selector`` to satisfy state option.</doc>
<msg timestamp="20240906 16:48:57.261" level="INFO" html="true">&lt;/td&gt;&lt;/tr&gt;&lt;tr&gt;&lt;td colspan="3"&gt;&lt;a href="browser/screenshot/fail-screenshot-1.png" target="_blank"&gt;&lt;img src="browser/screenshot/fail-screenshot-1.png" width="800px"/&gt;&lt;/a&gt;</msg>
<msg timestamp="20240906 16:48:57.262" level="INFO">See also file:///C:/QA/fx-gui/results/playwright-log.txt for additional details.</msg>
<msg timestamp="20240906 16:48:57.263" level="FAIL">TimeoutError: locator.waitFor: Timeout 2000ms exceeded.
=========================== logs ===========================
waiting for locator('xpath=//mat-icon[@title=\'Open dashboard settings\']') to be visible
============================================================
Tip: Use "Set Browser Timeout" for increasing the timeout or double check your locator as the targeted element(s) couldn't be found.</msg>
<status status="FAIL" starttime="20240906 16:48:55.038" endtime="20240906 16:48:57.270"/>
</kw>
<msg timestamp="20240906 16:48:57.271" level="INFO">${login_page} = False</msg>
<status status="PASS" starttime="20240906 16:48:55.035" endtime="20240906 16:48:57.272"/>
</kw>
<kw name="Sleep" library="BuiltIn">
<arg>1s</arg>
<doc>Pauses the test executed for the given time.</doc>
<msg timestamp="20240906 16:48:58.285" level="INFO">Slept 1 second</msg>
<status status="PASS" starttime="20240906 16:48:57.273" endtime="20240906 16:48:58.286"/>
</kw>
<if>
<branch type="IF" condition="${login_page} == ${FALSE}">
<kw name="Login with credentials" library="login">
<arg>${TARGET_USER}</arg>
<arg>${TARGET_USER_PASSWORD}</arg>
<doc>This keyword will login to the application with the given credentials.
This only works if we are in the login page.</doc>
<kw name="Fill text to username field" library="login">
<arg>${username}</arg>
<doc>This keyword will input text to username field</doc>
<kw name="Fill Text" library="Browser">
<arg>${selector_username_field}</arg>
<arg>${username}</arg>
<tag>PageContent</tag>
<tag>Setter</tag>
<doc>Clears and fills the given ``txt`` into the text field found by ``selector``.</doc>
<msg timestamp="20240906 16:48:58.299" level="INFO">Fills the text 'system' in the given field.</msg>
<status status="PASS" starttime="20240906 16:48:58.297" endtime="20240906 16:48:58.646"/>
</kw>
<status status="PASS" starttime="20240906 16:48:58.293" endtime="20240906 16:48:58.647"/>
</kw>
<kw name="Fill text to password field" library="login">
<arg>${password}</arg>
<doc>This keyword will input text to password field</doc>
<kw name="Fill Text" library="Browser">
<arg>${selector_password_field}</arg>
<arg>${password}</arg>
<tag>PageContent</tag>
<tag>Setter</tag>
<doc>Clears and fills the given ``txt`` into the text field found by ``selector``.</doc>
<msg timestamp="20240906 16:48:58.654" level="INFO">Fills the text '24680' in the given field.</msg>
<status status="PASS" starttime="20240906 16:48:58.652" endtime="20240906 16:48:58.998"/>
</kw>
<status status="PASS" starttime="20240906 16:48:58.649" endtime="20240906 16:48:58.999"/>
</kw>
<kw name="Click login button" library="login">
<kw name="Click" library="Browser">
<arg>${selector_login_button}</arg>
<tag>PageContent</tag>
<tag>Setter</tag>
<doc>Simulates mouse click on the element found by ``selector``.</doc>
<status status="PASS" starttime="20240906 16:48:59.003" endtime="20240906 16:48:59.354"/>
</kw>
<status status="PASS" starttime="20240906 16:48:59.001" endtime="20240906 16:48:59.357"/>
</kw>
<kw name="Validate logged in" library="login">
<kw name="Wait For Elements State" library="Browser">
<arg>${selector_topbar}</arg>
<arg>visible</arg>
<arg>2s</arg>
<tag>PageContent</tag>
<tag>Wait</tag>
<doc>Waits for the element found by ``selector`` to satisfy state option.</doc>
<msg timestamp="20240906 16:48:59.381" level="INFO">Waited for Element with selector xpath=//mat-toolbar[@id='header'] at state visible</msg>
<status status="PASS" starttime="20240906 16:48:59.362" endtime="20240906 16:48:59.382"/>
</kw>
<status status="PASS" starttime="20240906 16:48:59.359" endtime="20240906 16:48:59.384"/>
</kw>
<status status="PASS" starttime="20240906 16:48:58.290" endtime="20240906 16:48:59.385"/>
</kw>
<status status="PASS" starttime="20240906 16:48:58.288" endtime="20240906 16:48:59.386"/>
</branch>
<status status="PASS" starttime="20240906 16:48:58.287" endtime="20240906 16:48:59.387"/>
</if>
<kw name="Validate logged in" library="login">
<kw name="Wait For Elements State" library="Browser">
<arg>${selector_topbar}</arg>
<arg>visible</arg>
<arg>2s</arg>
<tag>PageContent</tag>
<tag>Wait</tag>
<doc>Waits for the element found by ``selector`` to satisfy state option.</doc>
<msg timestamp="20240906 16:48:59.406" level="INFO">Waited for Element with selector xpath=//mat-toolbar[@id='header'] at state visible</msg>
<status status="PASS" starttime="20240906 16:48:59.391" endtime="20240906 16:48:59.407"/>
</kw>
<status status="PASS" starttime="20240906 16:48:59.388" endtime="20240906 16:48:59.408"/>
</kw>
<kw name="Run Keyword And Ignore Error" library="BuiltIn">
<arg>Wait Until Network Is Idle</arg>
<doc>Runs the given keyword with the given arguments and ignores possible error.</doc>
<kw name="Wait Until Network Is Idle" library="Browser">
<tag>HTTP</tag>
<tag>Wait</tag>
<doc>Waits until there has been at least one instance of 500 ms of no network traffic on the page after loading.</doc>
<status status="PASS" starttime="20240906 16:48:59.412" endtime="20240906 16:48:59.422"/>
</kw>
<status status="PASS" starttime="20240906 16:48:59.410" endtime="20240906 16:48:59.423"/>
</kw>
<kw name="Wait For Elements State" library="Browser">
<arg>${selector_dashboard_visible}</arg>
<arg>visible</arg>
<tag>PageContent</tag>
<tag>Wait</tag>
<doc>Waits for the element found by ``selector`` to satisfy state option.</doc>
<msg timestamp="20240906 16:48:59.442" level="INFO">Waited for Element with selector xpath=//mat-icon[@title='Open dashboard settings'] at state visible</msg>
<status status="PASS" starttime="20240906 16:48:59.425" endtime="20240906 16:48:59.443"/>
</kw>
<kw name="Change language to english" library="language" sourcename="Change language to ${language}">
<doc>Changes the language to the given language. This will use top right
menu to change the language.</doc>
<kw name="Click" library="Browser">
<arg>${selector_language_usermenu}</arg>
<tag>PageContent</tag>
<tag>Setter</tag>
<doc>Simulates mouse click on the element found by ``selector``.</doc>
<status status="PASS" starttime="20240906 16:48:59.448" endtime="20240906 16:48:59.836"/>
</kw>
<kw name="Run Keyword And Continue On Failure" library="BuiltIn">
<var>${version_info}</var>
<arg>Browser.Get Text</arg>
<arg>xpath=//div[contains(@class, 'version_info')]</arg>
<doc>Runs the keyword and continues execution even if a failure occurs.</doc>
<kw name="Get Text" library="Browser">
<arg>xpath=//div[contains(@class, 'version_info')]</arg>
<tag>Assertion</tag>
<tag>Getter</tag>
<tag>PageContent</tag>
<doc>Returns text attribute of the element found by ``selector``.</doc>
<msg timestamp="20240906 16:48:59.884" level="INFO">Text: '20.0.77'</msg>
<status status="PASS" starttime="20240906 16:48:59.841" endtime="20240906 16:48:59.884"/>
</kw>
<msg timestamp="20240906 16:48:59.886" level="INFO">${version_info} = 20.0.77</msg>
<status status="PASS" starttime="20240906 16:48:59.838" endtime="20240906 16:48:59.887"/>
</kw>
<kw name="Set Global Variable" library="BuiltIn">
<arg>${version_info}</arg>
<arg>${version_info}</arg>
<doc>Makes a variable available globally in all tests and suites.</doc>
<msg timestamp="20240906 16:48:59.891" level="INFO">${version_info} = 20.0.77</msg>
<status status="PASS" starttime="20240906 16:48:59.888" endtime="20240906 16:48:59.891"/>
</kw>
<kw name="Click" library="Browser">
<arg>${selector_language_${language.lower()}}</arg>
<tag>PageContent</tag>
<tag>Setter</tag>
<doc>Simulates mouse click on the element found by ``selector``.</doc>
<status status="PASS" starttime="20240906 16:48:59.893" endtime="20240906 16:49:00.356"/>
</kw>
<status status="PASS" starttime="20240906 16:48:59.445" endtime="20240906 16:49:00.357"/>
</kw>
<status status="PASS" starttime="20240906 16:48:52.716" endtime="20240906 16:49:00.358"/>
</kw>
<kw name="Settings Dashboard Elements QA-ID" library="settings_id">
<kw name="Go to settings" library="navigate">
<kw name="Click" library="Browser">
<arg>${selector_navbar_settings}</arg>
<tag>PageContent</tag>
<tag>Setter</tag>
<doc>Simulates mouse click on the element found by ``selector``.</doc>
<status status="PASS" starttime="20240906 16:49:00.366" endtime="20240906 16:49:00.767"/>
</kw>
<kw name="Wait For Elements State" library="Browser">
<arg>${selector_settings_visible}</arg>
<arg>visible</arg>
<tag>PageContent</tag>
<tag>Wait</tag>
<doc>Waits for the element found by ``selector`` to satisfy state option.</doc>
<msg timestamp="20240906 16:49:00.780" level="INFO">Waited for Element with selector xpath=//div[@class='top_menu']//app-settings-top-menu at state visible</msg>
<status status="PASS" starttime="20240906 16:49:00.769" endtime="20240906 16:49:00.781"/>
</kw>
<status status="PASS" starttime="20240906 16:49:00.363" endtime="20240906 16:49:00.782"/>
</kw>
<kw name="Wait For Elements State" library="Browser">
<arg>${SELECTOR_SETTINGS_DASHBOARD_DEVICE_SETTINGS}</arg>
<arg>visible</arg>
<arg>timeout=2s</arg>
<tag>PageContent</tag>
<tag>Wait</tag>
<doc>Waits for the element found by ``selector`` to satisfy state option.</doc>
<msg timestamp="20240906 16:49:00.921" level="INFO">Waited for Element with selector xpath=//div[@class='header' and text()='Device settings'] at state visible</msg>
<status status="PASS" starttime="20240906 16:49:00.783" endtime="20240906 16:49:00.922"/>
</kw>
<kw name="Console Text From Path" library="global_variables">
<arg>Header:</arg>
<arg>${SELECTOR_SETTINGS_DASHBOARD_DEVICE_HEADER}</arg>
<kw name="Get Text" library="Browser">
<var>${text}</var>
<arg>${xpath}</arg>
<tag>Assertion</tag>
<tag>Getter</tag>
<tag>PageContent</tag>
<doc>Returns text attribute of the element found by ``selector``.</doc>
<msg timestamp="20240906 16:49:00.991" level="INFO">Text: 'Device settings'</msg>
<msg timestamp="20240906 16:49:00.992" level="INFO">${text} = Device settings</msg>
<status status="PASS" starttime="20240906 16:49:00.926" endtime="20240906 16:49:00.992"/>
</kw>
<kw name="Log To Console" library="BuiltIn">
<arg>${description} : ${text}</arg>
<doc>Logs the given message to the console.</doc>
<status status="PASS" starttime="20240906 16:49:00.994" endtime="20240906 16:49:00.996"/>
</kw>
<status status="PASS" starttime="20240906 16:49:00.923" endtime="20240906 16:49:00.998"/>
</kw>
<kw name="Console Text From Path" library="global_variables">
<arg>Header:</arg>
<arg>${SELECTOR_SETTINGS_DASHBOARD_CLOCK_HEADER}</arg>
<kw name="Get Text" library="Browser">
<var>${text}</var>
<arg>${xpath}</arg>
<tag>Assertion</tag>
<tag>Getter</tag>
<tag>PageContent</tag>
<doc>Returns text attribute of the element found by ``selector``.</doc>
<msg timestamp="20240906 16:49:01.024" level="INFO">Text: 'Clock settings'</msg>
<msg timestamp="20240906 16:49:01.025" level="INFO">${text} = Clock settings</msg>
<status status="PASS" starttime="20240906 16:49:01.002" endtime="20240906 16:49:01.025"/>
</kw>
<kw name="Log To Console" library="BuiltIn">
<arg>${description} : ${text}</arg>
<doc>Logs the given message to the console.</doc>
<status status="PASS" starttime="20240906 16:49:01.027" endtime="20240906 16:49:01.029"/>
</kw>
<status status="PASS" starttime="20240906 16:49:00.999" endtime="20240906 16:49:01.030"/>
</kw>
<kw name="Console Text From Path" library="global_variables">
<arg>Header:</arg>
<arg>${SELECTOR_SETTINGS_DASHBOARD_ACTIVATIONS_HEADER}</arg>
<kw name="Get Text" library="Browser">
<var>${text}</var>
<arg>${xpath}</arg>
<tag>Assertion</tag>
<tag>Getter</tag>
<tag>PageContent</tag>
<doc>Returns text attribute of the element found by ``selector``.</doc>
<msg timestamp="20240906 16:49:01.058" level="INFO">Text: 'Activations'</msg>
<msg timestamp="20240906 16:49:01.059" level="INFO">${text} = Activations</msg>
<status status="PASS" starttime="20240906 16:49:01.035" endtime="20240906 16:49:01.059"/>
</kw>
<kw name="Log To Console" library="BuiltIn">
<arg>${description} : ${text}</arg>
<doc>Logs the given message to the console.</doc>
<status status="PASS" starttime="20240906 16:49:01.060" endtime="20240906 16:49:01.063"/>
</kw>
<status status="PASS" starttime="20240906 16:49:01.032" endtime="20240906 16:49:01.064"/>
</kw>
<kw name="Console Text From Path" library="global_variables">
<arg>Header:</arg>
<arg>${SELECTOR_SETTINGS_DASHBOARD_GSM_HEADER}</arg>
<kw name="Get Text" library="Browser">
<var>${text}</var>
<arg>${xpath}</arg>
<tag>Assertion</tag>
<tag>Getter</tag>
<tag>PageContent</tag>
<doc>Returns text attribute of the element found by ``selector``.</doc>
<msg timestamp="20240906 16:49:01.098" level="INFO">Text: 'GSM-Settings'</msg>
<msg timestamp="20240906 16:49:01.100" level="INFO">${text} = GSM-Settings</msg>
<status status="PASS" starttime="20240906 16:49:01.069" endtime="20240906 16:49:01.100"/>
</kw>
<kw name="Log To Console" library="BuiltIn">
<arg>${description} : ${text}</arg>
<doc>Logs the given message to the console.</doc>
<status status="PASS" starttime="20240906 16:49:01.103" endtime="20240906 16:49:01.107"/>
</kw>
<status status="PASS" starttime="20240906 16:49:01.065" endtime="20240906 16:49:01.109"/>
</kw>
<kw name="Console Text From Path" library="global_variables">
<arg>Header:</arg>
<arg>${SELECTOR_SETTINGS_DASHBOARD_SYSTEM_HEADER}</arg>
<kw name="Get Text" library="Browser">
<var>${text}</var>
<arg>${xpath}</arg>
<tag>Assertion</tag>
<tag>Getter</tag>
<tag>PageContent</tag>
<doc>Returns text attribute of the element found by ``selector``.</doc>
<msg timestamp="20240906 16:49:01.148" level="INFO">Text: 'SYSTEM'</msg>
<msg timestamp="20240906 16:49:01.149" level="INFO">${text} = SYSTEM</msg>
<status status="PASS" starttime="20240906 16:49:01.116" endtime="20240906 16:49:01.150"/>
</kw>
<kw name="Log To Console" library="BuiltIn">
<arg>${description} : ${text}</arg>
<doc>Logs the given message to the console.</doc>
<status status="PASS" starttime="20240906 16:49:01.152" endtime="20240906 16:49:01.155"/>
</kw>
<status status="PASS" starttime="20240906 16:49:01.112" endtime="20240906 16:49:01.156"/>
</kw>
<kw name="Console Text From Path" library="global_variables">
<arg>Header:</arg>
<arg>${SELECTOR_SETTINGS_DASHBOARD_PORT_HEADER}</arg>
<kw name="Get Text" library="Browser">
<var>${text}</var>
<arg>${xpath}</arg>
<tag>Assertion</tag>
<tag>Getter</tag>
<tag>PageContent</tag>
<doc>Returns text attribute of the element found by ``selector``.</doc>
<msg timestamp="20240906 16:49:01.185" level="INFO">Text: 'Port settings'</msg>
<msg timestamp="20240906 16:49:01.186" level="INFO">${text} = Port settings</msg>
<status status="PASS" starttime="20240906 16:49:01.160" endtime="20240906 16:49:01.186"/>
</kw>
<kw name="Log To Console" library="BuiltIn">
<arg>${description} : ${text}</arg>
<doc>Logs the given message to the console.</doc>
<status status="PASS" starttime="20240906 16:49:01.188" endtime="20240906 16:49:01.191"/>
</kw>
<status status="PASS" starttime="20240906 16:49:01.157" endtime="20240906 16:49:01.192"/>
</kw>
<kw name="Console Text From Path" library="global_variables">
<arg>Header:</arg>
<arg>${SELECTOR_SETTINGS_DASHBOARD_NETWORK_HEADER}</arg>
<kw name="Get Text" library="Browser">
<var>${text}</var>
<arg>${xpath}</arg>
<tag>Assertion</tag>
<tag>Getter</tag>
<tag>PageContent</tag>
<doc>Returns text attribute of the element found by ``selector``.</doc>
<msg timestamp="20240906 16:49:01.220" level="INFO">Text: 'Network settings'</msg>
<msg timestamp="20240906 16:49:01.222" level="INFO">${text} = Network settings</msg>
<status status="PASS" starttime="20240906 16:49:01.196" endtime="20240906 16:49:01.222"/>
</kw>
<kw name="Log To Console" library="BuiltIn">
<arg>${description} : ${text}</arg>
<doc>Logs the given message to the console.</doc>
<status status="PASS" starttime="20240906 16:49:01.224" endtime="20240906 16:49:01.226"/>
</kw>
<status status="PASS" starttime="20240906 16:49:01.193" endtime="20240906 16:49:01.227"/>
</kw>
<kw name="Console Text From Path" library="global_variables">
<arg>Header:</arg>
<arg>${SELECTOR_SETTINGS_DASHBOARD_FIREWALL_HEADER}</arg>
<kw name="Get Text" library="Browser">
<var>${text}</var>
<arg>${xpath}</arg>
<tag>Assertion</tag>
<tag>Getter</tag>
<tag>PageContent</tag>
<doc>Returns text attribute of the element found by ``selector``.</doc>
<msg timestamp="20240906 16:49:01.253" level="INFO">Text: 'Firewall settings'</msg>
<msg timestamp="20240906 16:49:01.254" level="INFO">${text} = Firewall settings</msg>
<status status="PASS" starttime="20240906 16:49:01.231" endtime="20240906 16:49:01.254"/>
</kw>
<kw name="Log To Console" library="BuiltIn">
<arg>${description} : ${text}</arg>
<doc>Logs the given message to the console.</doc>
<status status="PASS" starttime="20240906 16:49:01.256" endtime="20240906 16:49:01.258"/>
</kw>
<status status="PASS" starttime="20240906 16:49:01.229" endtime="20240906 16:49:01.260"/>
</kw>
<kw name="Console Text From Path" library="global_variables">
<arg>Header:</arg>
<arg>${SELECTOR_SETTINGS_DASHBOARD_SYNC_HEADER}</arg>
<kw name="Get Text" library="Browser">
<var>${text}</var>
<arg>${xpath}</arg>
<tag>Assertion</tag>
<tag>Getter</tag>
<tag>PageContent</tag>
<doc>Returns text attribute of the element found by ``selector``.</doc>
<msg timestamp="20240906 16:49:01.285" level="INFO">Text: 'Information synchronization'</msg>
<msg timestamp="20240906 16:49:01.286" level="INFO">${text} = Information synchronization</msg>
<status status="PASS" starttime="20240906 16:49:01.264" endtime="20240906 16:49:01.286"/>
</kw>
<kw name="Log To Console" library="BuiltIn">
<arg>${description} : ${text}</arg>
<doc>Logs the given message to the console.</doc>
<status status="PASS" starttime="20240906 16:49:01.288" endtime="20240906 16:49:01.290"/>
</kw>
<status status="PASS" starttime="20240906 16:49:01.261" endtime="20240906 16:49:01.292"/>
</kw>
<kw name="Console Text From Path" library="global_variables">
<arg>Device Settings card:</arg>
<arg>${SELECTOR_SETTINGS_DASHBOARD_DEVICE_NAME}</arg>
<kw name="Get Text" library="Browser">
<var>${text}</var>
<arg>${xpath}</arg>
<tag>Assertion</tag>
<tag>Getter</tag>
<tag>PageContent</tag>
<doc>Returns text attribute of the element found by ``selector``.</doc>
<msg timestamp="20240906 16:49:01.318" level="INFO">Text: 'X_10_100_1_199'</msg>
<msg timestamp="20240906 16:49:01.320" level="INFO">${text} = X_10_100_1_199</msg>
<status status="PASS" starttime="20240906 16:49:01.296" endtime="20240906 16:49:01.320"/>
</kw>
<kw name="Log To Console" library="BuiltIn">
<arg>${description} : ${text}</arg>
<doc>Logs the given message to the console.</doc>
<status status="PASS" starttime="20240906 16:49:01.322" endtime="20240906 16:49:01.324"/>
</kw>
<status status="PASS" starttime="20240906 16:49:01.293" endtime="20240906 16:49:01.325"/>
</kw>
<kw name="Console Text From Path" library="global_variables">
<arg>Device Settings card:</arg>
<arg>${SELECTOR_SETTINGS_DASHBOARD_SESSION_TIME_LIMIT}</arg>
<kw name="Get Text" library="Browser">
<var>${text}</var>
<arg>${xpath}</arg>
<tag>Assertion</tag>
<tag>Getter</tag>
<tag>PageContent</tag>
<doc>Returns text attribute of the element found by ``selector``.</doc>
<msg timestamp="20240906 16:49:01.352" level="INFO">Text: '15 min'</msg>
<msg timestamp="20240906 16:49:01.353" level="INFO">${text} = 15 min</msg>
<status status="PASS" starttime="20240906 16:49:01.330" endtime="20240906 16:49:01.353"/>
</kw>
<kw name="Log To Console" library="BuiltIn">
<arg>${description} : ${text}</arg>
<doc>Logs the given message to the console.</doc>
<status status="PASS" starttime="20240906 16:49:01.355" endtime="20240906 16:49:01.357"/>
</kw>
<status status="PASS" starttime="20240906 16:49:01.327" endtime="20240906 16:49:01.359"/>
</kw>
<kw name="Console Text From Path" library="global_variables">
<arg>Device Settings card:</arg>
<arg>${SELECTOR_SETTINGS_DASHBOARD_WEBVISION_AUTH}</arg>
<kw name="Get Text" library="Browser">
<var>${text}</var>
<arg>${xpath}</arg>
<tag>Assertion</tag>
<tag>Getter</tag>
<tag>PageContent</tag>
<doc>Returns text attribute of the element found by ``selector``.</doc>
<msg timestamp="20240906 16:49:01.385" level="INFO">Text: 'FdxAuth'</msg>
<msg timestamp="20240906 16:49:01.386" level="INFO">${text} = FdxAuth</msg>
<status status="PASS" starttime="20240906 16:49:01.363" endtime="20240906 16:49:01.387"/>
</kw>
<kw name="Log To Console" library="BuiltIn">
<arg>${description} : ${text}</arg>
<doc>Logs the given message to the console.</doc>
<status status="PASS" starttime="20240906 16:49:01.388" endtime="20240906 16:49:01.391"/>
</kw>
<status status="PASS" starttime="20240906 16:49:01.360" endtime="20240906 16:49:01.392"/>
</kw>
<kw name="Console Text From Path" library="global_variables">
<arg>Device Settings card:</arg>
<arg>${SELECTOR_SETTINGS_DASHBOARD_OS_VERSION}</arg>
<kw name="Get Text" library="Browser">
<var>${text}</var>
<arg>${xpath}</arg>
<tag>Assertion</tag>
<tag>Getter</tag>
<tag>PageContent</tag>
<doc>Returns text attribute of the element found by ``selector``.</doc>
<msg timestamp="20240906 16:49:01.418" level="INFO">Text: '20.0.77'</msg>
<msg timestamp="20240906 16:49:01.419" level="INFO">${text} = 20.0.77</msg>
<status status="PASS" starttime="20240906 16:49:01.397" endtime="20240906 16:49:01.420"/>
</kw>
<kw name="Log To Console" library="BuiltIn">
<arg>${description} : ${text}</arg>
<doc>Logs the given message to the console.</doc>
<status status="PASS" starttime="20240906 16:49:01.422" endtime="20240906 16:49:01.424"/>
</kw>
<status status="PASS" starttime="20240906 16:49:01.393" endtime="20240906 16:49:01.425"/>
</kw>
<kw name="Console Text From Path" library="global_variables">
<arg>Device Settings card:</arg>
<arg>${SELECTOR_SETTINGS_DASHBOARD_IECPROG_POLL_TIME}</arg>
<kw name="Get Text" library="Browser">
<var>${text}</var>
<arg>${xpath}</arg>
<tag>Assertion</tag>
<tag>Getter</tag>
<tag>PageContent</tag>
<doc>Returns text attribute of the element found by ``selector``.</doc>
<msg timestamp="20240906 16:49:01.452" level="INFO">Text: '9'</msg>
<msg timestamp="20240906 16:49:01.453" level="INFO">${text} = 9</msg>
<status status="PASS" starttime="20240906 16:49:01.430" endtime="20240906 16:49:01.454"/>
</kw>
<kw name="Log To Console" library="BuiltIn">
<arg>${description} : ${text}</arg>
<doc>Logs the given message to the console.</doc>
<status status="PASS" starttime="20240906 16:49:01.455" endtime="20240906 16:49:01.458"/>
</kw>
<status status="PASS" starttime="20240906 16:49:01.427" endtime="20240906 16:49:01.459"/>
</kw>
<kw name="Console Text From Path" library="global_variables">
<arg>Clock Settings card:</arg>
<arg>${SELECTOR_SETTINGS_DASHBOARD_SUN_SET}</arg>
<kw name="Get Text" library="Browser">
<var>${text}</var>
<arg>${xpath}</arg>
<tag>Assertion</tag>
<tag>Getter</tag>
<tag>PageContent</tag>
<doc>Returns text attribute of the element found by ``selector``.</doc>
<msg timestamp="20240906 16:49:01.497" level="INFO">Text: 'Rise: 6:27'</msg>
<msg timestamp="20240906 16:49:01.499" level="INFO">${text} = Rise: 6:27</msg>
<status status="PASS" starttime="20240906 16:49:01.463" endtime="20240906 16:49:01.500"/>
</kw>
<kw name="Log To Console" library="BuiltIn">
<arg>${description} : ${text}</arg>
<doc>Logs the given message to the console.</doc>
<status status="PASS" starttime="20240906 16:49:01.502" endtime="20240906 16:49:01.507"/>
</kw>
<status status="PASS" starttime="20240906 16:49:01.460" endtime="20240906 16:49:01.509"/>
</kw>
<kw name="Console Text From Path" library="global_variables">
<arg>Clock Settings card:</arg>
<arg>${SELECTOR_SETTINGS_DASHBOARD_SET_TIME}</arg>
<kw name="Get Text" library="Browser">
<var>${text}</var>
<arg>${xpath}</arg>
<tag>Assertion</tag>
<tag>Getter</tag>
<tag>PageContent</tag>
<doc>Returns text attribute of the element found by ``selector``.</doc>
<msg timestamp="20240906 16:49:01.546" level="INFO">Text: 'Set: 20:8'</msg>
<msg timestamp="20240906 16:49:01.547" level="INFO">${text} = Set: 20:8</msg>
<status status="PASS" starttime="20240906 16:49:01.516" endtime="20240906 16:49:01.547"/>
</kw>
<kw name="Log To Console" library="BuiltIn">
<arg>${description} : ${text}</arg>
<doc>Logs the given message to the console.</doc>
<status status="PASS" starttime="20240906 16:49:01.549" endtime="20240906 16:49:01.552"/>
</kw>
<status status="PASS" starttime="20240906 16:49:01.510" endtime="20240906 16:49:01.554"/>
</kw>
<kw name="Console Text From Path" library="global_variables">
<arg>Clock Settings card:</arg>
<arg>${SELECTOR_SETTINGS_DASHBOARD_DATE}</arg>
<kw name="Get Text" library="Browser">
<var>${text}</var>
<arg>${xpath}</arg>
<tag>Assertion</tag>
<tag>Getter</tag>
<tag>PageContent</tag>
<doc>Returns text attribute of the element found by ``selector``.</doc>
<msg timestamp="20240906 16:49:01.585" level="INFO">Text: '6.9.2024'</msg>
<msg timestamp="20240906 16:49:01.586" level="INFO">${text} = 6.9.2024</msg>
<status status="PASS" starttime="20240906 16:49:01.558" endtime="20240906 16:49:01.587"/>
</kw>
<kw name="Log To Console" library="BuiltIn">
<arg>${description} : ${text}</arg>
<doc>Logs the given message to the console.</doc>
<status status="PASS" starttime="20240906 16:49:01.589" endtime="20240906 16:49:01.591"/>
</kw>
<status status="PASS" starttime="20240906 16:49:01.555" endtime="20240906 16:49:01.592"/>
</kw>
<kw name="Console Text From Path" library="global_variables">
<arg>Clock Settings card:</arg>
<arg>${SELECTOR_SETTINGS_DASHBOARD_TIME_SERVER}</arg>
<kw name="Get Text" library="Browser">
<var>${text}</var>
<arg>${xpath}</arg>
<tag>Assertion</tag>
<tag>Getter</tag>
<tag>PageContent</tag>
<doc>Returns text attribute of the element found by ``selector``.</doc>
<msg timestamp="20240906 16:49:01.619" level="INFO">Text: 'time.fidelix.fi'</msg>
<msg timestamp="20240906 16:49:01.620" level="INFO">${text} = time.fidelix.fi</msg>
<status status="PASS" starttime="20240906 16:49:01.597" endtime="20240906 16:49:01.620"/>
</kw>
<kw name="Log To Console" library="BuiltIn">
<arg>${description} : ${text}</arg>
<doc>Logs the given message to the console.</doc>
<status status="PASS" starttime="20240906 16:49:01.622" endtime="20240906 16:49:01.624"/>
</kw>
<status status="PASS" starttime="20240906 16:49:01.594" endtime="20240906 16:49:01.625"/>
</kw>
<kw name="Console Text From Path" library="global_variables">
<arg>Clock Settings card:</arg>
<arg>${SELECTOR_SETTINGS_DASHBOARD_TIMEZONE}</arg>
<kw name="Get Text" library="Browser">
<var>${text}</var>
<arg>${xpath}</arg>
<tag>Assertion</tag>
<tag>Getter</tag>
<tag>PageContent</tag>
<doc>Returns text attribute of the element found by ``selector``.</doc>
<msg timestamp="20240906 16:49:01.652" level="INFO">Text: 'Europe/Helsinki'</msg>
<msg timestamp="20240906 16:49:01.653" level="INFO">${text} = Europe/Helsinki</msg>
<status status="PASS" starttime="20240906 16:49:01.630" endtime="20240906 16:49:01.654"/>
</kw>
<kw name="Log To Console" library="BuiltIn">
<arg>${description} : ${text}</arg>
<doc>Logs the given message to the console.</doc>
<status status="PASS" starttime="20240906 16:49:01.656" endtime="20240906 16:49:01.658"/>
</kw>
<status status="PASS" starttime="20240906 16:49:01.627" endtime="20240906 16:49:01.659"/>
</kw>
<kw name="Console Text From Path" library="global_variables">
<arg>Activations card:</arg>
<arg>${SELECTOR_SETTINGS_DASHBOARD_ACTIVATIONS_ITEM_FX_BASE}</arg>
<kw name="Get Text" library="Browser">
<var>${text}</var>
<arg>${xpath}</arg>
<tag>Assertion</tag>
<tag>Getter</tag>
<tag>PageContent</tag>
<doc>Returns text attribute of the element found by ``selector``.</doc>
<msg timestamp="20240906 16:49:01.693" level="INFO">Text: 'FX Base'</msg>
<msg timestamp="20240906 16:49:01.694" level="INFO">${text} = FX Base</msg>
<status status="PASS" starttime="20240906 16:49:01.663" endtime="20240906 16:49:01.695"/>
</kw>
<kw name="Log To Console" library="BuiltIn">
<arg>${description} : ${text}</arg>
<doc>Logs the given message to the console.</doc>
<status status="PASS" starttime="20240906 16:49:01.696" endtime="20240906 16:49:01.699"/>
</kw>
<status status="PASS" starttime="20240906 16:49:01.661" endtime="20240906 16:49:01.700"/>
</kw>
<kw name="Console Text From Path" library="global_variables">
<arg>Activations card:</arg>
<arg>${SELECTOR_SETTINGS_DASHBOARD_ACTIVATIONS_ITEM_TOSIBOX}</arg>
<kw name="Get Text" library="Browser">
<var>${text}</var>
<arg>${xpath}</arg>
<tag>Assertion</tag>
<tag>Getter</tag>
<tag>PageContent</tag>
<doc>Returns text attribute of the element found by ``selector``.</doc>
<msg timestamp="20240906 16:49:01.729" level="INFO">Text: 'Tosibox'</msg>
<msg timestamp="20240906 16:49:01.730" level="INFO">${text} = Tosibox</msg>
<status status="PASS" starttime="20240906 16:49:01.705" endtime="20240906 16:49:01.730"/>
</kw>
<kw name="Log To Console" library="BuiltIn">
<arg>${description} : ${text}</arg>
<doc>Logs the given message to the console.</doc>
<status status="PASS" starttime="20240906 16:49:01.732" endtime="20240906 16:49:01.734"/>
</kw>
<status status="PASS" starttime="20240906 16:49:01.701" endtime="20240906 16:49:01.736"/>
</kw>
<kw name="Console Text From Path" library="global_variables">
<arg>Activations card:</arg>
<arg>${SELECTOR_SETTINGS_DASHBOARD_ACTIVATIONS_ITEM_ECO_SMART}</arg>
<kw name="Get Text" library="Browser">
<var>${text}</var>
<arg>${xpath}</arg>
<tag>Assertion</tag>
<tag>Getter</tag>
<tag>PageContent</tag>
<doc>Returns text attribute of the element found by ``selector``.</doc>
<msg timestamp="20240906 16:49:01.766" level="INFO">Text: 'Eco Smart'</msg>
<msg timestamp="20240906 16:49:01.767" level="INFO">${text} = Eco Smart</msg>
<status status="PASS" starttime="20240906 16:49:01.740" endtime="20240906 16:49:01.768"/>
</kw>
<kw name="Log To Console" library="BuiltIn">
<arg>${description} : ${text}</arg>
<doc>Logs the given message to the console.</doc>
<status status="PASS" starttime="20240906 16:49:01.769" endtime="20240906 16:49:01.772"/>
</kw>
<status status="PASS" starttime="20240906 16:49:01.737" endtime="20240906 16:49:01.773"/>
</kw>
<kw name="Console Text From Path" library="global_variables">
<arg>Activations card:</arg>
<arg>${SELECTOR_SETTINGS_DASHBOARD_ACTIVATIONS_ITEM_MODBUS_SERVER}</arg>
<kw name="Get Text" library="Browser">
<var>${text}</var>
<arg>${xpath}</arg>
<tag>Assertion</tag>
<tag>Getter</tag>
<tag>PageContent</tag>
<doc>Returns text attribute of the element found by ``selector``.</doc>
<msg timestamp="20240906 16:49:01.802" level="INFO">Text: 'Modbus Server'</msg>
<msg timestamp="20240906 16:49:01.804" level="INFO">${text} = Modbus Server</msg>
<status status="PASS" starttime="20240906 16:49:01.777" endtime="20240906 16:49:01.804"/>
</kw>
<kw name="Log To Console" library="BuiltIn">
<arg>${description} : ${text}</arg>
<doc>Logs the given message to the console.</doc>
<status status="PASS" starttime="20240906 16:49:01.806" endtime="20240906 16:49:01.808"/>
</kw>
<status status="PASS" starttime="20240906 16:49:01.774" endtime="20240906 16:49:01.810"/>
</kw>
<kw name="Console Text From Path" library="global_variables">
<arg>Activations card:</arg>
<arg>${SELECTOR_SETTINGS_DASHBOARD_ACTIVATIONS_ITEM_INU}</arg>
<kw name="Get Text" library="Browser">
<var>${text}</var>
<arg>${xpath}</arg>
<tag>Assertion</tag>
<tag>Getter</tag>
<tag>PageContent</tag>
<doc>Returns text attribute of the element found by ``selector``.</doc>
<msg timestamp="20240906 16:49:01.844" level="INFO">Text: 'INU'</msg>
<msg timestamp="20240906 16:49:01.845" level="INFO">${text} = INU</msg>
<status status="PASS" starttime="20240906 16:49:01.814" endtime="20240906 16:49:01.845"/>
</kw>
<kw name="Log To Console" library="BuiltIn">
<arg>${description} : ${text}</arg>
<doc>Logs the given message to the console.</doc>
<status status="PASS" starttime="20240906 16:49:01.847" endtime="20240906 16:49:01.849"/>
</kw>
<status status="PASS" starttime="20240906 16:49:01.811" endtime="20240906 16:49:01.850"/>
</kw>
<kw name="Console Text From Path" library="global_variables">
<arg>System card:</arg>
<arg>${SELECTOR_SETTINGS_DASHBOARD_SYSTEM_CPU_WATCHDOG_VERSION}</arg>
<kw name="Get Text" library="Browser">
<var>${text}</var>
<arg>${xpath}</arg>
<tag>Assertion</tag>
<tag>Getter</tag>
<tag>PageContent</tag>
<doc>Returns text attribute of the element found by ``selector``.</doc>
<msg timestamp="20240906 16:49:01.886" level="INFO">Text: '1.11'</msg>
<msg timestamp="20240906 16:49:01.887" level="INFO">${text} = 1.11</msg>
<status status="PASS" starttime="20240906 16:49:01.857" endtime="20240906 16:49:01.887"/>
</kw>
<kw name="Log To Console" library="BuiltIn">
<arg>${description} : ${text}</arg>
<doc>Logs the given message to the console.</doc>
<status status="PASS" starttime="20240906 16:49:01.889" endtime="20240906 16:49:01.891"/>
</kw>
<status status="PASS" starttime="20240906 16:49:01.852" endtime="20240906 16:49:01.892"/>
</kw>
<kw name="Console Text From Path" library="global_variables">
<arg>System card:</arg>
<arg>${SELECTOR_SETTINGS_DASHBOARD_SYSTEM_CPU_BATTERY_VOLTAGE}</arg>
<kw name="Get Text" library="Browser">
<var>${text}</var>
<arg>${xpath}</arg>
<tag>Assertion</tag>
<tag>Getter</tag>
<tag>PageContent</tag>
<doc>Returns text attribute of the element found by ``selector``.</doc>
<msg timestamp="20240906 16:49:01.947" level="INFO">Text: '3.05 VDC'</msg>
<msg timestamp="20240906 16:49:01.948" level="INFO">${text} = 3.05 VDC</msg>
<status status="PASS" starttime="20240906 16:49:01.897" endtime="20240906 16:49:01.948"/>
</kw>
<kw name="Log To Console" library="BuiltIn">
<arg>${description} : ${text}</arg>
<doc>Logs the given message to the console.</doc>
<status status="PASS" starttime="20240906 16:49:01.950" endtime="20240906 16:49:01.954"/>
</kw>
<status status="PASS" starttime="20240906 16:49:01.894" endtime="20240906 16:49:01.956"/>
</kw>
<kw name="Console Text From Path" library="global_variables">
<arg>System card:</arg>
<arg>${SELECTOR_SETTINGS_DASHBOARD_SYSTEM_CPU_MAIN_VOLTAGE}</arg>
<kw name="Get Text" library="Browser">
<var>${text}</var>
<arg>${xpath}</arg>
<tag>Assertion</tag>
<tag>Getter</tag>
<tag>PageContent</tag>
<doc>Returns text attribute of the element found by ``selector``.</doc>
<msg timestamp="20240906 16:49:01.995" level="INFO">Text: '23.65 VDC'</msg>
<msg timestamp="20240906 16:49:01.997" level="INFO">${text} = 23.65 VDC</msg>
<status status="PASS" starttime="20240906 16:49:01.961" endtime="20240906 16:49:01.997"/>
</kw>
<kw name="Log To Console" library="BuiltIn">
<arg>${description} : ${text}</arg>
<doc>Logs the given message to the console.</doc>
<status status="PASS" starttime="20240906 16:49:01.999" endtime="20240906 16:49:02.001"/>
</kw>
<status status="PASS" starttime="20240906 16:49:01.958" endtime="20240906 16:49:02.003"/>
</kw>
<kw name="Console Text From Path" library="global_variables">
<arg>System card:</arg>
<arg>${SELECTOR_SETTINGS_DASHBOARD_SYSTEM_CPU_CONDENSATOR_VOLTAGE}</arg>
<kw name="Get Text" library="Browser">
<var>${text}</var>
<arg>${xpath}</arg>
<tag>Assertion</tag>
<tag>Getter</tag>
<tag>PageContent</tag>
<doc>Returns text attribute of the element found by ``selector``.</doc>
<msg timestamp="20240906 16:49:02.030" level="INFO">Text: '23.35 VDC'</msg>
<msg timestamp="20240906 16:49:02.031" level="INFO">${text} = 23.35 VDC</msg>
<status status="PASS" starttime="20240906 16:49:02.007" endtime="20240906 16:49:02.032"/>
</kw>
<kw name="Log To Console" library="BuiltIn">
<arg>${description} : ${text}</arg>
<doc>Logs the given message to the console.</doc>
<status status="PASS" starttime="20240906 16:49:02.033" endtime="20240906 16:49:02.036"/>
</kw>
<status status="PASS" starttime="20240906 16:49:02.004" endtime="20240906 16:49:02.038"/>
</kw>
<kw name="Console Text From Path" library="global_variables">
<arg>System card:</arg>
<arg>${SELECTOR_SETTINGS_DASHBOARD_SYSTEM_CPU_FREQUENCY}</arg>
<kw name="Get Text" library="Browser">
<var>${text}</var>
<arg>${xpath}</arg>
<tag>Assertion</tag>
<tag>Getter</tag>
<tag>PageContent</tag>
<doc>Returns text attribute of the element found by ``selector``.</doc>
<msg timestamp="20240906 16:49:02.068" level="INFO">Text: '450 MHz'</msg>
<msg timestamp="20240906 16:49:02.070" level="INFO">${text} = 450 MHz</msg>
<status status="PASS" starttime="20240906 16:49:02.044" endtime="20240906 16:49:02.070"/>
</kw>
<kw name="Log To Console" library="BuiltIn">
<arg>${description} : ${text}</arg>
<doc>Logs the given message to the console.</doc>
<status status="PASS" starttime="20240906 16:49:02.072" endtime="20240906 16:49:02.074"/>
</kw>
<status status="PASS" starttime="20240906 16:49:02.041" endtime="20240906 16:49:02.075"/>
</kw>
<kw name="Console Text From Path" library="global_variables">
<arg>System card:</arg>
<arg>${SELECTOR_SETTINGS_DASHBOARD_SYSTEM_CPU_CORE_TEMPERATURE}</arg>
<kw name="Get Text" library="Browser">
<var>${text}</var>
<arg>${xpath}</arg>
<tag>Assertion</tag>
<tag>Getter</tag>
<tag>PageContent</tag>
<doc>Returns text attribute of the element found by ``selector``.</doc>
<msg timestamp="20240906 16:49:02.102" level="INFO">Text: '57 °C'</msg>
<msg timestamp="20240906 16:49:02.103" level="INFO">${text} = 57 °C</msg>
<status status="PASS" starttime="20240906 16:49:02.079" endtime="20240906 16:49:02.103"/>
</kw>
<kw name="Log To Console" library="BuiltIn">
<arg>${description} : ${text}</arg>
<doc>Logs the given message to the console.</doc>
<status status="PASS" starttime="20240906 16:49:02.105" endtime="20240906 16:49:02.108"/>
</kw>
<status status="PASS" starttime="20240906 16:49:02.076" endtime="20240906 16:49:02.108"/>
</kw>
<kw name="Console Text From Path" library="global_variables">
<arg>Port settings:</arg>
<arg>${SELECTOR_SETTINGS_DASHBOARD_PORT_SETTINGS_PORT_3_NAME}</arg>
<kw name="Get Text" library="Browser">
<var>${text}</var>
<arg>${xpath}</arg>
<tag>Assertion</tag>
<tag>Getter</tag>
<tag>PageContent</tag>
<doc>Returns text attribute of the element found by ``selector``.</doc>
<msg timestamp="20240906 16:49:02.134" level="INFO">Text: 'Port 3'</msg>
<msg timestamp="20240906 16:49:02.135" level="INFO">${text} = Port 3</msg>
<status status="PASS" starttime="20240906 16:49:02.112" endtime="20240906 16:49:02.136"/>
</kw>
<kw name="Log To Console" library="BuiltIn">
<arg>${description} : ${text}</arg>
<doc>Logs the given message to the console.</doc>
<status status="PASS" starttime="20240906 16:49:02.138" endtime="20240906 16:49:02.140"/>
</kw>
<status status="PASS" starttime="20240906 16:49:02.109" endtime="20240906 16:49:02.141"/>
</kw>
<kw name="Console Text From Path" library="global_variables">
<arg>Port settings:</arg>
<arg>${SELECTOR_SETTINGS_DASHBOARD_PORT_SETTINGS_PORT_3_TYPE}</arg>
<kw name="Get Text" library="Browser">
<var>${text}</var>
<arg>${xpath}</arg>
<tag>Assertion</tag>
<tag>Getter</tag>
<tag>PageContent</tag>
<doc>Returns text attribute of the element found by ``selector``.</doc>
<msg timestamp="20240906 16:49:02.169" level="INFO">Text: 'Modbus RTU'</msg>
<msg timestamp="20240906 16:49:02.170" level="INFO">${text} = Modbus RTU</msg>
<status status="PASS" starttime="20240906 16:49:02.145" endtime="20240906 16:49:02.170"/>
</kw>
<kw name="Log To Console" library="BuiltIn">
<arg>${description} : ${text}</arg>
<doc>Logs the given message to the console.</doc>
<status status="PASS" starttime="20240906 16:49:02.172" endtime="20240906 16:49:02.175"/>
</kw>
<status status="PASS" starttime="20240906 16:49:02.143" endtime="20240906 16:49:02.176"/>
</kw>
<kw name="Console Text From Path" library="global_variables">
<arg>Port settings:</arg>
<arg>${SELECTOR_SETTINGS_DASHBOARD_PORT_SETTINGS_M_BUS_SEND_DELAY}</arg>
<kw name="Get Text" library="Browser">
<var>${text}</var>
<arg>${xpath}</arg>
<tag>Assertion</tag>
<tag>Getter</tag>
<tag>PageContent</tag>
<doc>Returns text attribute of the element found by ``selector``.</doc>
<msg timestamp="20240906 16:49:02.208" level="INFO">Text: '5550'</msg>
<msg timestamp="20240906 16:49:02.209" level="INFO">${text} = 5550</msg>
<status status="PASS" starttime="20240906 16:49:02.180" endtime="20240906 16:49:02.210"/>
</kw>
<kw name="Log To Console" library="BuiltIn">
<arg>${description} : ${text}</arg>
<doc>Logs the given message to the console.</doc>
<status status="PASS" starttime="20240906 16:49:02.211" endtime="20240906 16:49:02.214"/>
</kw>
<status status="PASS" starttime="20240906 16:49:02.177" endtime="20240906 16:49:02.215"/>
</kw>
<status status="PASS" starttime="20240906 16:49:00.361" endtime="20240906 16:49:02.216"/>
</kw>
<kw name="Settings System Device QA-ID" library="settings_id">
<arg>nosave</arg>
<kw name="Go to settings" library="navigate">
<kw name="Click" library="Browser">
<arg>${selector_navbar_settings}</arg>
<tag>PageContent</tag>
<tag>Setter</tag>
<doc>Simulates mouse click on the element found by ``selector``.</doc>
<status status="PASS" starttime="20240906 16:49:02.223" endtime="20240906 16:49:02.608"/>
</kw>
<kw name="Wait For Elements State" library="Browser">
<arg>${selector_settings_visible}</arg>
<arg>visible</arg>
<tag>PageContent</tag>
<tag>Wait</tag>
<doc>Waits for the element found by ``selector`` to satisfy state option.</doc>
<msg timestamp="20240906 16:49:02.624" level="INFO">Waited for Element with selector xpath=//div[@class='top_menu']//app-settings-top-menu at state visible</msg>
<status status="PASS" starttime="20240906 16:49:02.610" endtime="20240906 16:49:02.625"/>
</kw>
<status status="PASS" starttime="20240906 16:49:02.221" endtime="20240906 16:49:02.626"/>
</kw>
<kw name="Click" library="Browser">
<arg>${selector_settings_system_btn}</arg>
<tag>PageContent</tag>
<tag>Setter</tag>
<doc>Simulates mouse click on the element found by ``selector``.</doc>
<status status="PASS" starttime="20240906 16:49:02.628" endtime="20240906 16:49:03.044"/>
</kw>
<kw name="Fill Text" library="Browser">
<arg>${SELECTOR_SETTINGS_SYSTEM_DEVICE_DEVICE_NAME_INPUT}</arg>
<arg>3KX</arg>
<tag>PageContent</tag>
<tag>Setter</tag>
<doc>Clears and fills the given ``txt`` into the text field found by ``selector``.</doc>
<msg timestamp="20240906 16:49:03.048" level="INFO">Fills the text '3KX' in the given field.</msg>
<status status="PASS" starttime="20240906 16:49:03.046" endtime="20240906 16:49:03.385"/>
</kw>
<kw name="Fill Text" library="Browser">
<arg>${SELECTOR_SETTINGS_SYSTEM_DEVICE_SESSION_TIMEOUT_INPUT}</arg>
<arg>999</arg>
<tag>PageContent</tag>
<tag>Setter</tag>
<doc>Clears and fills the given ``txt`` into the text field found by ``selector``.</doc>
<msg timestamp="20240906 16:49:03.389" level="INFO">Fills the text '999' in the given field.</msg>
<status status="PASS" starttime="20240906 16:49:03.387" endtime="20240906 16:49:03.730"/>
</kw>
<kw name="Fill Text" library="Browser">
<arg>${SELECTOR_SETTINGS_SYSTEM_DEVICE_WEBVISION_AUTH_KEY_INPUT}</arg>
<arg>Authentic</arg>
<tag>PageContent</tag>
<tag>Setter</tag>
<doc>Clears and fills the given ``txt`` into the text field found by ``selector``.</doc>
<msg timestamp="20240906 16:49:03.734" level="INFO">Fills the text 'Authentic' in the given field.</msg>
<status status="PASS" starttime="20240906 16:49:03.732" endtime="20240906 16:49:04.072"/>
</kw>
<kw name="Action Button Or Cancel Button" library="global_variables">
<var>${button_result}</var>
<arg>${SELECTOR_SETTINGS_SYSTEM_DEVICE_SAVE_BUTTON}</arg>
<arg>${SELECTOR_SETTINGS_SYSTEM_DEVICE_CANCEL_BUTTON}</arg>
<arg>${save}</arg>
<if>
<branch type="IF" condition="$save==1 or $save=='save' or $save=='Save'">
<kw name="Run Keyword And Return Status" library="BuiltIn">
<var>${visibility}</var>
<arg>Check Xpath Visible</arg>
<arg>${action_btn}</arg>
<doc>Runs the given keyword with given arguments and returns the status as a Boolean value.</doc>
<status status="NOT RUN" starttime="20240906 16:49:04.101" endtime="20240906 16:49:04.102"/>
</kw>
<if>
<branch type="IF" condition="${visibility}">
<kw name="Click" library="Browser">
<arg>${action_btn}</arg>
<tag>PageContent</tag>
<tag>Setter</tag>
<doc>Simulates mouse click on the element found by ``selector``.</doc>
<status status="NOT RUN" starttime="20240906 16:49:04.106" endtime="20240906 16:49:04.107"/>
</kw>
<kw name="Set Variable" library="BuiltIn">
<var>${return text}</var>
<arg>Action visible and Browser.Clicked</arg>
<doc>Returns the given values which can then be assigned to a variables.</doc>
<status status="NOT RUN" starttime="20240906 16:49:04.108" endtime="20240906 16:49:04.110"/>
</kw>
<status status="NOT RUN" starttime="20240906 16:49:04.104" endtime="20240906 16:49:04.111"/>
</branch>
<branch type="ELSE">
<kw name="Set Variable" library="BuiltIn">
<var>${return text}</var>
<arg>Action not visible and not Browser.Clicked</arg>
<doc>Returns the given values which can then be assigned to a variables.</doc>
<status status="NOT RUN" starttime="20240906 16:49:04.113" endtime="20240906 16:49:04.114"/>
</kw>
<status status="NOT RUN" starttime="20240906 16:49:04.112" endtime="20240906 16:49:04.115"/>
</branch>
<status status="NOT RUN" starttime="20240906 16:49:04.104" endtime="20240906 16:49:04.116"/>
</if>
<kw name="Check Xpath Visible" library="global_variables">
<var>${snack-bar_visible}</var>
<arg>xpath=//span[@class='mdc-button__label']</arg>
<status status="NOT RUN" starttime="20240906 16:49:04.117" endtime="20240906 16:49:04.119"/>
</kw>
<kw name="Log To Console" library="BuiltIn">
<arg>Snack-bar: ${snack-bar_visible}</arg>
<doc>Logs the given message to the console.</doc>
<status status="NOT RUN" starttime="20240906 16:49:04.120" endtime="20240906 16:49:04.122"/>
</kw>
<kw name="Get Text From XPath" library="global_variables">
<var>${snack-bar_text}</var>
<arg>xpath=//span[@class='mdc-button__label']</arg>
<status status="NOT RUN" starttime="20240906 16:49:04.123" endtime="20240906 16:49:04.124"/>
</kw>
<kw name="Log To Console" library="BuiltIn">
<arg>Snack-bar text: ${snack-bar_text}</arg>
<doc>Logs the given message to the console.</doc>
<status status="NOT RUN" starttime="20240906 16:49:04.126" endtime="20240906 16:49:04.127"/>
</kw>
<status status="NOT RUN" starttime="20240906 16:49:04.078" endtime="20240906 16:49:04.127"/>
</branch>
<branch type="ELSE IF" condition="$save==2 or $save=='nosave' or $save=='Nosave'">
<kw name="Run Keyword And Return Status" library="BuiltIn">
<var>${visibility}</var>
<arg>Check Xpath Visible</arg>
<arg>${cancel_btn}</arg>
<doc>Runs the given keyword with given arguments and returns the status as a Boolean value.</doc>
<kw name="Check Xpath Visible" library="global_variables">
<arg>${cancel_btn}</arg>
<kw name="Run Keyword And Return Status" library="BuiltIn">
<var>${xpath_visible}</var>
<arg>Wait For Elements State</arg>
<arg>${xpath}</arg>
<arg>visible</arg>
<arg>timeout=2s</arg>
<doc>Runs the given keyword with given arguments and returns the status as a Boolean value.</doc>
<kw name="Wait For Elements State" library="Browser">
<arg>${xpath}</arg>
<arg>visible</arg>
<arg>timeout=2s</arg>
<tag>PageContent</tag>
<tag>Wait</tag>
<doc>Waits for the element found by ``selector`` to satisfy state option.</doc>
<msg timestamp="20240906 16:49:04.150" level="INFO">Waited for Element with selector xpath=//button[@data-qa-id="settings-system-device-cancel-button"] at state visible</msg>
<status status="PASS" starttime="20240906 16:49:04.138" endtime="20240906 16:49:04.151"/>
</kw>
<msg timestamp="20240906 16:49:04.152" level="INFO">${xpath_visible} = True</msg>
<status status="PASS" starttime="20240906 16:49:04.135" endtime="20240906 16:49:04.152"/>
</kw>
<if>
<branch type="IF" condition="${xpath_visible}">
<kw name="Set Variable" library="BuiltIn">
<var>${visibility}</var>
<arg>${True}</arg>
<doc>Returns the given values which can then be assigned to a variables.</doc>
<msg timestamp="20240906 16:49:04.160" level="INFO">${visibility} = True</msg>
<status status="PASS" starttime="20240906 16:49:04.158" endtime="20240906 16:49:04.161"/>
</kw>
<status status="PASS" starttime="20240906 16:49:04.154" endtime="20240906 16:49:04.162"/>
</branch>
<branch type="ELSE">
<kw name="Set Variable" library="BuiltIn">
<var>${visibility}</var>
<arg>${False}</arg>
<doc>Returns the given values which can then be assigned to a variables.</doc>
<status status="NOT RUN" starttime="20240906 16:49:04.165" endtime="20240906 16:49:04.167"/>
</kw>
<status status="NOT RUN" starttime="20240906 16:49:04.163" endtime="20240906 16:49:04.168"/>
</branch>
<status status="PASS" starttime="20240906 16:49:04.153" endtime="20240906 16:49:04.170"/>
</if>
<return>
<value>${visibility}</value>
<status status="PASS" starttime="20240906 16:49:04.172" endtime="20240906 16:49:04.174"/>
</return>
<status status="PASS" starttime="20240906 16:49:04.132" endtime="20240906 16:49:04.177"/>
</kw>
<msg timestamp="20240906 16:49:04.179" level="INFO">${visibility} = True</msg>
<status status="PASS" starttime="20240906 16:49:04.130" endtime="20240906 16:49:04.180"/>
</kw>
<if>
<branch type="IF" condition="${visibility}">
<kw name="Click" library="Browser">
<arg>${cancel_btn}</arg>
<tag>PageContent</tag>
<tag>Setter</tag>
<doc>Simulates mouse click on the element found by ``selector``.</doc>
<status status="PASS" starttime="20240906 16:49:04.185" endtime="20240906 16:49:04.542"/>
</kw>
<kw name="Set Variable" library="BuiltIn">
<var>${return text}</var>
<arg>Cancel visible and Browser.Clicked</arg>
<doc>Returns the given values which can then be assigned to a variables.</doc>
<msg timestamp="20240906 16:49:04.546" level="INFO">${return text} = Cancel visible and Browser.Clicked</msg>
<status status="PASS" starttime="20240906 16:49:04.544" endtime="20240906 16:49:04.547"/>
</kw>
<status status="PASS" starttime="20240906 16:49:04.181" endtime="20240906 16:49:04.548"/>
</branch>
<branch type="ELSE">
<kw name="Set Variable" library="BuiltIn">
<var>${return text}</var>
<arg>Cancel not visible and not Browser.Clicked</arg>
<doc>Returns the given values which can then be assigned to a variables.</doc>
<status status="NOT RUN" starttime="20240906 16:49:04.550" endtime="20240906 16:49:04.551"/>
</kw>
<status status="NOT RUN" starttime="20240906 16:49:04.548" endtime="20240906 16:49:04.552"/>
</branch>
<status status="PASS" starttime="20240906 16:49:04.181" endtime="20240906 16:49:04.553"/>
</if>
<status status="PASS" starttime="20240906 16:49:04.128" endtime="20240906 16:49:04.553"/>
</branch>
<status status="PASS" starttime="20240906 16:49:04.077" endtime="20240906 16:49:04.554"/>
</if>
<return>
<value>${return text}</value>
<status status="PASS" starttime="20240906 16:49:04.555" endtime="20240906 16:49:04.556"/>
</return>
<msg timestamp="20240906 16:49:04.558" level="INFO">${button_result} = Cancel visible and Browser.Clicked</msg>
<status status="PASS" starttime="20240906 16:49:04.074" endtime="20240906 16:49:04.559"/>
</kw>
<kw name="Log To Console" library="BuiltIn">
<arg>${button_result}</arg>
<doc>Logs the given message to the console.</doc>
<status status="PASS" starttime="20240906 16:49:04.560" endtime="20240906 16:49:04.562"/>
</kw>
<kw name="Fill Text" library="Browser">
<arg>${SELECTOR_SETTINGS_SYSTEM_DEVICE_DEVICE_NAME_INPUT}</arg>
<arg>FX3000XX</arg>
<tag>PageContent</tag>
<tag>Setter</tag>
<doc>Clears and fills the given ``txt`` into the text field found by ``selector``.</doc>
<msg timestamp="20240906 16:49:04.566" level="INFO">Fills the text 'FX3000XX' in the given field.</msg>
<status status="PASS" starttime="20240906 16:49:04.564" endtime="20240906 16:49:04.900"/>
</kw>
<kw name="Fill Text" library="Browser">
<arg>${SELECTOR_SETTINGS_SYSTEM_DEVICE_SESSION_TIMEOUT_INPUT}</arg>
<arg>15</arg>
<tag>PageContent</tag>
<tag>Setter</tag>
<doc>Clears and fills the given ``txt`` into the text field found by ``selector``.</doc>
<msg timestamp="20240906 16:49:04.903" level="INFO">Fills the text '15' in the given field.</msg>
<status status="PASS" starttime="20240906 16:49:04.901" endtime="20240906 16:49:05.227"/>
</kw>
<kw name="Fill Text" library="Browser">
<arg>${SELECTOR_SETTINGS_SYSTEM_DEVICE_WEBVISION_AUTH_KEY_INPUT}</arg>
<arg>FdxAuth</arg>
<tag>PageContent</tag>
<tag>Setter</tag>
<doc>Clears and fills the given ``txt`` into the text field found by ``selector``.</doc>
<msg timestamp="20240906 16:49:05.231" level="INFO">Fills the text 'FdxAuth' in the given field.</msg>
<status status="PASS" starttime="20240906 16:49:05.229" endtime="20240906 16:49:05.568"/>
</kw>
<kw name="Action Button Or Cancel Button" library="global_variables">
<var>${button_result}</var>
<arg>${SELECTOR_SETTINGS_SYSTEM_DEVICE_SAVE_BUTTON}</arg>
<arg>${SELECTOR_SETTINGS_SYSTEM_DEVICE_CANCEL_BUTTON}</arg>
<arg>${save}</arg>
<if>
<branch type="IF" condition="$save==1 or $save=='save' or $save=='Save'">
<kw name="Run Keyword And Return Status" library="BuiltIn">
<var>${visibility}</var>
<arg>Check Xpath Visible</arg>
<arg>${action_btn}</arg>
<doc>Runs the given keyword with given arguments and returns the status as a Boolean value.</doc>
<status status="NOT RUN" starttime="20240906 16:49:05.575" endtime="20240906 16:49:05.576"/>
</kw>
<if>
<branch type="IF" condition="${visibility}">
<kw name="Click" library="Browser">
<arg>${action_btn}</arg>
<tag>PageContent</tag>
<tag>Setter</tag>
<doc>Simulates mouse click on the element found by ``selector``.</doc>
<status status="NOT RUN" starttime="20240906 16:49:05.579" endtime="20240906 16:49:05.580"/>
</kw>
<kw name="Set Variable" library="BuiltIn">
<var>${return text}</var>
<arg>Action visible and Browser.Clicked</arg>
<doc>Returns the given values which can then be assigned to a variables.</doc>
<status status="NOT RUN" starttime="20240906 16:49:05.582" endtime="20240906 16:49:05.583"/>
</kw>
<status status="NOT RUN" starttime="20240906 16:49:05.578" endtime="20240906 16:49:05.584"/>
</branch>
<branch type="ELSE">
<kw name="Set Variable" library="BuiltIn">
<var>${return text}</var>
<arg>Action not visible and not Browser.Clicked</arg>
<doc>Returns the given values which can then be assigned to a variables.</doc>
<status status="NOT RUN" starttime="20240906 16:49:05.587" endtime="20240906 16:49:05.588"/>
</kw>
<status status="NOT RUN" starttime="20240906 16:49:05.585" endtime="20240906 16:49:05.589"/>
</branch>
<status status="NOT RUN" starttime="20240906 16:49:05.577" endtime="20240906 16:49:05.590"/>
</if>
<kw name="Check Xpath Visible" library="global_variables">
<var>${snack-bar_visible}</var>
<arg>xpath=//span[@class='mdc-button__label']</arg>
<status status="NOT RUN" starttime="20240906 16:49:05.591" endtime="20240906 16:49:05.592"/>
</kw>
<kw name="Log To Console" library="BuiltIn">
<arg>Snack-bar: ${snack-bar_visible}</arg>
<doc>Logs the given message to the console.</doc>
<status status="NOT RUN" starttime="20240906 16:49:05.593" endtime="20240906 16:49:05.594"/>
</kw>
<kw name="Get Text From XPath" library="global_variables">
<var>${snack-bar_text}</var>
<arg>xpath=//span[@class='mdc-button__label']</arg>
<status status="NOT RUN" starttime="20240906 16:49:05.595" endtime="20240906 16:49:05.596"/>
</kw>
<kw name="Log To Console" library="BuiltIn">
<arg>Snack-bar text: ${snack-bar_text}</arg>
<doc>Logs the given message to the console.</doc>
<status status="NOT RUN" starttime="20240906 16:49:05.598" endtime="20240906 16:49:05.599"/>
</kw>
<status status="NOT RUN" starttime="20240906 16:49:05.573" endtime="20240906 16:49:05.600"/>
</branch>
<branch type="ELSE IF" condition="$save==2 or $save=='nosave' or $save=='Nosave'">
<kw name="Run Keyword And Return Status" library="BuiltIn">
<var>${visibility}</var>
<arg>Check Xpath Visible</arg>
<arg>${cancel_btn}</arg>
<doc>Runs the given keyword with given arguments and returns the status as a Boolean value.</doc>
<kw name="Check Xpath Visible" library="global_variables">
<arg>${cancel_btn}</arg>
<kw name="Run Keyword And Return Status" library="BuiltIn">
<var>${xpath_visible}</var>
<arg>Wait For Elements State</arg>
<arg>${xpath}</arg>
<arg>visible</arg>
<arg>timeout=2s</arg>
<doc>Runs the given keyword with given arguments and returns the status as a Boolean value.</doc>
<kw name="Wait For Elements State" library="Browser">
<arg>${xpath}</arg>
<arg>visible</arg>
<arg>timeout=2s</arg>
<tag>PageContent</tag>
<tag>Wait</tag>
<doc>Waits for the element found by ``selector`` to satisfy state option.</doc>
<msg timestamp="20240906 16:49:05.624" level="INFO">Waited for Element with selector xpath=//button[@data-qa-id="settings-system-device-cancel-button"] at state visible</msg>
<status status="PASS" starttime="20240906 16:49:05.610" endtime="20240906 16:49:05.625"/>
</kw>
<msg timestamp="20240906 16:49:05.627" level="INFO">${xpath_visible} = True</msg>
<status status="PASS" starttime="20240906 16:49:05.608" endtime="20240906 16:49:05.627"/>
</kw>
<if>
<branch type="IF" condition="${xpath_visible}">
<kw name="Set Variable" library="BuiltIn">
<var>${visibility}</var>
<arg>${True}</arg>
<doc>Returns the given values which can then be assigned to a variables.</doc>
<msg timestamp="20240906 16:49:05.633" level="INFO">${visibility} = True</msg>
<status status="PASS" starttime="20240906 16:49:05.631" endtime="20240906 16:49:05.633"/>
</kw>
<status status="PASS" starttime="20240906 16:49:05.629" endtime="20240906 16:49:05.634"/>
</branch>
<branch type="ELSE">
<kw name="Set Variable" library="BuiltIn">
<var>${visibility}</var>
<arg>${False}</arg>
<doc>Returns the given values which can then be assigned to a variables.</doc>
<status status="NOT RUN" starttime="20240906 16:49:05.637" endtime="20240906 16:49:05.638"/>
</kw>
<status status="NOT RUN" starttime="20240906 16:49:05.635" endtime="20240906 16:49:05.639"/>
</branch>
<status status="PASS" starttime="20240906 16:49:05.628" endtime="20240906 16:49:05.640"/>
</if>
<return>
<value>${visibility}</value>
<status status="PASS" starttime="20240906 16:49:05.640" endtime="20240906 16:49:05.641"/>
</return>
<status status="PASS" starttime="20240906 16:49:05.605" endtime="20240906 16:49:05.643"/>
</kw>
<msg timestamp="20240906 16:49:05.644" level="INFO">${visibility} = True</msg>
<status status="PASS" starttime="20240906 16:49:05.603" endtime="20240906 16:49:05.644"/>
</kw>
<if>
<branch type="IF" condition="${visibility}">
<kw name="Click" library="Browser">
<arg>${cancel_btn}</arg>
<tag>PageContent</tag>
<tag>Setter</tag>
<doc>Simulates mouse click on the element found by ``selector``.</doc>
<status status="PASS" starttime="20240906 16:49:05.647" endtime="20240906 16:49:06.004"/>
</kw>
<kw name="Set Variable" library="BuiltIn">
<var>${return text}</var>
<arg>Cancel visible and Browser.Clicked</arg>
<doc>Returns the given values which can then be assigned to a variables.</doc>
<msg timestamp="20240906 16:49:06.007" level="INFO">${return text} = Cancel visible and Browser.Clicked</msg>
<status status="PASS" starttime="20240906 16:49:06.005" endtime="20240906 16:49:06.008"/>
</kw>
<status status="PASS" starttime="20240906 16:49:05.646" endtime="20240906 16:49:06.009"/>
</branch>
<branch type="ELSE">
<kw name="Set Variable" library="BuiltIn">
<var>${return text}</var>
<arg>Cancel not visible and not Browser.Clicked</arg>
<doc>Returns the given values which can then be assigned to a variables.</doc>
<status status="NOT RUN" starttime="20240906 16:49:06.011" endtime="20240906 16:49:06.012"/>
</kw>
<status status="NOT RUN" starttime="20240906 16:49:06.010" endtime="20240906 16:49:06.013"/>
</branch>
<status status="PASS" starttime="20240906 16:49:05.645" endtime="20240906 16:49:06.014"/>
</if>
<status status="PASS" starttime="20240906 16:49:05.601" endtime="20240906 16:49:06.015"/>
</branch>
<status status="PASS" starttime="20240906 16:49:05.572" endtime="20240906 16:49:06.016"/>
</if>
<return>
<value>${return text}</value>
<status status="PASS" starttime="20240906 16:49:06.017" endtime="20240906 16:49:06.018"/>
</return>
<msg timestamp="20240906 16:49:06.019" level="INFO">${button_result} = Cancel visible and Browser.Clicked</msg>
<status status="PASS" starttime="20240906 16:49:05.569" endtime="20240906 16:49:06.020"/>
</kw>
<kw name="Log To Console" library="BuiltIn">
<arg>${button_result}</arg>
<doc>Logs the given message to the console.</doc>
<status status="PASS" starttime="20240906 16:49:06.021" endtime="20240906 16:49:06.023"/>
</kw>
<status status="PASS" starttime="20240906 16:49:02.218" endtime="20240906 16:49:06.024"/>
</kw>
<kw name="Settings System Status QA-ID" library="settings_id">
<arg>nosave</arg>
<kw name="Go to settings" library="navigate">
<kw name="Click" library="Browser">
<arg>${selector_navbar_settings}</arg>
<tag>PageContent</tag>
<tag>Setter</tag>
<doc>Simulates mouse click on the element found by ``selector``.</doc>
<status status="PASS" starttime="20240906 16:49:06.031" endtime="20240906 16:49:06.422"/>
</kw>
<kw name="Wait For Elements State" library="Browser">
<arg>${selector_settings_visible}</arg>
<arg>visible</arg>
<tag>PageContent</tag>
<tag>Wait</tag>
<doc>Waits for the element found by ``selector`` to satisfy state option.</doc>
<msg timestamp="20240906 16:49:06.435" level="INFO">Waited for Element with selector xpath=//div[@class='top_menu']//app-settings-top-menu at state visible</msg>
<status status="PASS" starttime="20240906 16:49:06.424" endtime="20240906 16:49:06.436"/>
</kw>
<status status="PASS" starttime="20240906 16:49:06.029" endtime="20240906 16:49:06.438"/>
</kw>
<kw name="Click" library="Browser">
<arg>${selector_settings_system_btn}</arg>
<tag>PageContent</tag>
<tag>Setter</tag>
<doc>Simulates mouse click on the element found by ``selector``.</doc>
<status status="PASS" starttime="20240906 16:49:06.439" endtime="20240906 16:49:06.825"/>
</kw>
<kw name="Click" library="Browser">
<arg>${selector_settings_system_status_item}</arg>
<tag>PageContent</tag>
<tag>Setter</tag>
<doc>Simulates mouse click on the element found by ``selector``.</doc>
<status status="PASS" starttime="20240906 16:49:06.827" endtime="20240906 16:49:07.199"/>
</kw>
<kw name="Click" library="Browser">
<arg>${SELECTOR_SETTINGS_SYSTEM_STATUS_REBOOT_DEVICE_BUTTON}</arg>
<tag>PageContent</tag>
<tag>Setter</tag>
<doc>Simulates mouse click on the element found by ``selector``.</doc>
<status status="PASS" starttime="20240906 16:49:07.201" endtime="20240906 16:49:07.587"/>
</kw>
<kw name="Action Button Or Cancel Button" library="global_variables">
<var>${button_result}</var>
<arg>${SELECTOR_SETTINGS_SYSTEM_STATUS_REBOOT_DEVICE_DIALOG_REBOOT_BUTTON}</arg>
<arg>${SELECTOR_SETTINGS_SYSTEM_STATUS_REBOOT_DEVICE_DIALOG_CANCEL_BUTTON}</arg>
<arg>${save}</arg>
<if>
<branch type="IF" condition="$save==1 or $save=='save' or $save=='Save'">
<kw name="Run Keyword And Return Status" library="BuiltIn">
<var>${visibility}</var>
<arg>Check Xpath Visible</arg>
<arg>${action_btn}</arg>
<doc>Runs the given keyword with given arguments and returns the status as a Boolean value.</doc>
<status status="NOT RUN" starttime="20240906 16:49:07.595" endtime="20240906 16:49:07.596"/>
</kw>
<if>
<branch type="IF" condition="${visibility}">
<kw name="Click" library="Browser">
<arg>${action_btn}</arg>
<tag>PageContent</tag>
<tag>Setter</tag>
<doc>Simulates mouse click on the element found by ``selector``.</doc>
<status status="NOT RUN" starttime="20240906 16:49:07.599" endtime="20240906 16:49:07.600"/>
</kw>
<kw name="Set Variable" library="BuiltIn">
<var>${return text}</var>
<arg>Action visible and Browser.Clicked</arg>
<doc>Returns the given values which can then be assigned to a variables.</doc>
<status status="NOT RUN" starttime="20240906 16:49:07.602" endtime="20240906 16:49:07.603"/>
</kw>
<status status="NOT RUN" starttime="20240906 16:49:07.597" endtime="20240906 16:49:07.604"/>
</branch>
<branch type="ELSE">
<kw name="Set Variable" library="BuiltIn">
<var>${return text}</var>
<arg>Action not visible and not Browser.Clicked</arg>
<doc>Returns the given values which can then be assigned to a variables.</doc>
<status status="NOT RUN" starttime="20240906 16:49:07.606" endtime="20240906 16:49:07.608"/>
</kw>
<status status="NOT RUN" starttime="20240906 16:49:07.605" endtime="20240906 16:49:07.609"/>
</branch>
<status status="NOT RUN" starttime="20240906 16:49:07.597" endtime="20240906 16:49:07.610"/>
</if>
<kw name="Check Xpath Visible" library="global_variables">
<var>${snack-bar_visible}</var>
<arg>xpath=//span[@class='mdc-button__label']</arg>
<status status="NOT RUN" starttime="20240906 16:49:07.610" endtime="20240906 16:49:07.611"/>
</kw>
<kw name="Log To Console" library="BuiltIn">
<arg>Snack-bar: ${snack-bar_visible}</arg>
<doc>Logs the given message to the console.</doc>
<status status="NOT RUN" starttime="20240906 16:49:07.613" endtime="20240906 16:49:07.614"/>
</kw>
<kw name="Get Text From XPath" library="global_variables">
<var>${snack-bar_text}</var>
<arg>xpath=//span[@class='mdc-button__label']</arg>
<status status="NOT RUN" starttime="20240906 16:49:07.615" endtime="20240906 16:49:07.617"/>
</kw>
<kw name="Log To Console" library="BuiltIn">
<arg>Snack-bar text: ${snack-bar_text}</arg>
<doc>Logs the given message to the console.</doc>
<status status="NOT RUN" starttime="20240906 16:49:07.619" endtime="20240906 16:49:07.622"/>
</kw>
<status status="NOT RUN" starttime="20240906 16:49:07.592" endtime="20240906 16:49:07.624"/>
</branch>
<branch type="ELSE IF" condition="$save==2 or $save=='nosave' or $save=='Nosave'">
<kw name="Run Keyword And Return Status" library="BuiltIn">
<var>${visibility}</var>
<arg>Check Xpath Visible</arg>
<arg>${cancel_btn}</arg>
<doc>Runs the given keyword with given arguments and returns the status as a Boolean value.</doc>
<kw name="Check Xpath Visible" library="global_variables">
<arg>${cancel_btn}</arg>
<kw name="Run Keyword And Return Status" library="BuiltIn">
<var>${xpath_visible}</var>
<arg>Wait For Elements State</arg>
<arg>${xpath}</arg>
<arg>visible</arg>
<arg>timeout=2s</arg>
<doc>Runs the given keyword with given arguments and returns the status as a Boolean value.</doc>
<kw name="Wait For Elements State" library="Browser">
<arg>${xpath}</arg>
<arg>visible</arg>
<arg>timeout=2s</arg>
<tag>PageContent</tag>
<tag>Wait</tag>
<doc>Waits for the element found by ``selector`` to satisfy state option.</doc>
<msg timestamp="20240906 16:49:07.661" level="INFO">Waited for Element with selector xpath=//app-confirm-dialog//button[@class='form_btn_cancel' and text()=' Cancel '] at state visible</msg>
<status status="PASS" starttime="20240906 16:49:07.638" endtime="20240906 16:49:07.662"/>
</kw>
<msg timestamp="20240906 16:49:07.664" level="INFO">${xpath_visible} = True</msg>
<status status="PASS" starttime="20240906 16:49:07.634" endtime="20240906 16:49:07.665"/>
</kw>
<if>
<branch type="IF" condition="${xpath_visible}">
<kw name="Set Variable" library="BuiltIn">
<var>${visibility}</var>
<arg>${True}</arg>
<doc>Returns the given values which can then be assigned to a variables.</doc>
<msg timestamp="20240906 16:49:07.673" level="INFO">${visibility} = True</msg>
<status status="PASS" starttime="20240906 16:49:07.671" endtime="20240906 16:49:07.673"/>
</kw>
<status status="PASS" starttime="20240906 16:49:07.667" endtime="20240906 16:49:07.674"/>
</branch>
<branch type="ELSE">
<kw name="Set Variable" library="BuiltIn">
<var>${visibility}</var>
<arg>${False}</arg>
<doc>Returns the given values which can then be assigned to a variables.</doc>
<status status="NOT RUN" starttime="20240906 16:49:07.677" endtime="20240906 16:49:07.678"/>
</kw>
<status status="NOT RUN" starttime="20240906 16:49:07.675" endtime="20240906 16:49:07.679"/>
</branch>
<status status="PASS" starttime="20240906 16:49:07.666" endtime="20240906 16:49:07.680"/>
</if>
<return>
<value>${visibility}</value>
<status status="PASS" starttime="20240906 16:49:07.681" endtime="20240906 16:49:07.682"/>
</return>
<status status="PASS" starttime="20240906 16:49:07.630" endtime="20240906 16:49:07.684"/>
</kw>
<msg timestamp="20240906 16:49:07.685" level="INFO">${visibility} = True</msg>
<status status="PASS" starttime="20240906 16:49:07.628" endtime="20240906 16:49:07.685"/>
</kw>
<if>
<branch type="IF" condition="${visibility}">
<kw name="Click" library="Browser">
<arg>${cancel_btn}</arg>
<tag>PageContent</tag>
<tag>Setter</tag>
<doc>Simulates mouse click on the element found by ``selector``.</doc>
<status status="PASS" starttime="20240906 16:49:07.689" endtime="20240906 16:49:08.041"/>
</kw>
<kw name="Set Variable" library="BuiltIn">
<var>${return text}</var>
<arg>Cancel visible and Browser.Clicked</arg>
<doc>Returns the given values which can then be assigned to a variables.</doc>
<msg timestamp="20240906 16:49:08.051" level="INFO">${return text} = Cancel visible and Browser.Clicked</msg>
<status status="PASS" starttime="20240906 16:49:08.048" endtime="20240906 16:49:08.051"/>
</kw>
<status status="PASS" starttime="20240906 16:49:07.687" endtime="20240906 16:49:08.052"/>
</branch>
<branch type="ELSE">
<kw name="Set Variable" library="BuiltIn">
<var>${return text}</var>
<arg>Cancel not visible and not Browser.Clicked</arg>
<doc>Returns the given values which can then be assigned to a variables.</doc>
<status status="NOT RUN" starttime="20240906 16:49:08.056" endtime="20240906 16:49:08.057"/>
</kw>
<status status="NOT RUN" starttime="20240906 16:49:08.053" endtime="20240906 16:49:08.058"/>
</branch>
<status status="PASS" starttime="20240906 16:49:07.686" endtime="20240906 16:49:08.059"/>
</if>
[...]
</kw>
<kw name="Check Checkbox" library="Browser">
<arg>${SELECTOR_SETTINGS_NETWORK_FIREWALL_FTP_ADDRESS3_ENABLE_CHECKBOX}</arg>
<tag>PageContent</tag>
<tag>Setter</tag>
<doc>Checks the checkbox or selects radio button found by ``selector``.</doc>
<status status="PASS" starttime="20240906 16:51:56.297" endtime="20240906 16:51:56.702"/>
</kw>
<kw name="Fill Text" library="Browser">
<arg>${SELECTOR_SETTINGS_NETWORK_FIREWALL_FTP_ADDRESS3_IP_INPUT}</arg>
<arg>${random_ip}</arg>
<tag>PageContent</tag>
<tag>Setter</tag>
<doc>Clears and fills the given ``txt`` into the text field found by ``selector``.</doc>
<msg timestamp="20240906 16:51:56.706" level="INFO">Fills the text '10.10.10.10' in the given field.</msg>
<status status="PASS" starttime="20240906 16:51:56.704" endtime="20240906 16:51:57.065"/>
</kw>
<kw name="Fill Text" library="Browser">
<arg>${SELECTOR_SETTINGS_NETWORK_FIREWALL_FTP_ADDRESS3_MASK_INPUT}</arg>
<arg>${random_mask}</arg>
<tag>PageContent</tag>
<tag>Setter</tag>
<doc>Clears and fills the given ``txt`` into the text field found by ``selector``.</doc>
<msg timestamp="20240906 16:51:57.069" level="INFO">Fills the text '255.255.255.0' in the given field.</msg>
<status status="PASS" starttime="20240906 16:51:57.067" endtime="20240906 16:51:57.426"/>
</kw>
<kw name="Uncheck Checkbox" library="Browser">
<arg>${SELECTOR_SETTINGS_NETWORK_FIREWALL_SNTP_ENABLE_CHECKBOX}</arg>
<tag>PageContent</tag>
<tag>Setter</tag>
<doc>Unchecks the checkbox found by ``selector``.</doc>
<status status="PASS" starttime="20240906 16:51:57.428" endtime="20240906 16:51:57.836"/>
</kw>
<kw name="Check Checkbox" library="Browser">
<arg>${SELECTOR_SETTINGS_NETWORK_FIREWALL_SNTP_ENABLE_CHECKBOX}</arg>
<tag>PageContent</tag>
<tag>Setter</tag>
<doc>Checks the checkbox or selects radio button found by ``selector``.</doc>
<status status="PASS" starttime="20240906 16:51:57.838" endtime="20240906 16:51:58.228"/>
</kw>
<kw name="Fill Text" library="Browser">
<arg>${SELECTOR_SETTINGS_NETWORK_FIREWALL_SNTP_PORT_INPUT}</arg>
<arg>123</arg>
<tag>PageContent</tag>
<tag>Setter</tag>
<doc>Clears and fills the given ``txt`` into the text field found by ``selector``.</doc>
<msg timestamp="20240906 16:51:58.232" level="INFO">Fills the text '123' in the given field.</msg>
<status status="PASS" starttime="20240906 16:51:58.230" endtime="20240906 16:51:58.588"/>
</kw>
<kw name="Uncheck Checkbox" library="Browser">
<arg>${SELECTOR_SETTINGS_NETWORK_FIREWALL_SNTP_PRIVATE_ADDRESS_CHECKBOX}</arg>
<tag>PageContent</tag>
<tag>Setter</tag>
<doc>Unchecks the checkbox found by ``selector``.</doc>
<status status="PASS" starttime="20240906 16:51:58.590" endtime="20240906 16:51:58.992"/>
</kw>
<kw name="Check Checkbox" library="Browser">
<arg>${SELECTOR_SETTINGS_NETWORK_FIREWALL_SNTP_PRIVATE_ADDRESS_CHECKBOX}</arg>
<tag>PageContent</tag>
<tag>Setter</tag>
<doc>Checks the checkbox or selects radio button found by ``selector``.</doc>
<status status="PASS" starttime="20240906 16:51:58.994" endtime="20240906 16:51:59.393"/>
</kw>
<kw name="Check Checkbox" library="Browser">
<arg>${SELECTOR_SETTINGS_NETWORK_FIREWALL_SNTP_ADDRESS1_ENABLE_CHECKBOX}</arg>
<tag>PageContent</tag>
<tag>Setter</tag>
<doc>Checks the checkbox or selects radio button found by ``selector``.</doc>
<status status="PASS" starttime="20240906 16:51:59.395" endtime="20240906 16:51:59.797"/>
</kw>
<kw name="Fill Text" library="Browser">
<arg>${SELECTOR_SETTINGS_NETWORK_FIREWALL_SNTP_ADDRESS1_IP_INPUT}</arg>
<arg>${random_ip}</arg>
<tag>PageContent</tag>
<tag>Setter</tag>
<doc>Clears and fills the given ``txt`` into the text field found by ``selector``.</doc>
<msg timestamp="20240906 16:51:59.801" level="INFO">Fills the text '10.10.10.10' in the given field.</msg>
<status status="PASS" starttime="20240906 16:51:59.799" endtime="20240906 16:52:00.157"/>
</kw>
<kw name="Fill Text" library="Browser">
<arg>${SELECTOR_SETTINGS_NETWORK_FIREWALL_SNTP_ADDRESS1_MASK_INPUT}</arg>
<arg>${random_mask}</arg>
<tag>PageContent</tag>
<tag>Setter</tag>
<doc>Clears and fills the given ``txt`` into the text field found by ``selector``.</doc>
<msg timestamp="20240906 16:52:00.161" level="INFO">Fills the text '255.255.255.0' in the given field.</msg>
<status status="PASS" starttime="20240906 16:52:00.159" endtime="20240906 16:52:00.513"/>
</kw>
<kw name="Check Checkbox" library="Browser">
<arg>${SELECTOR_SETTINGS_NETWORK_FIREWALL_SNTP_ADDRESS2_ENABLE_CHECKBOX}</arg>
<tag>PageContent</tag>
<tag>Setter</tag>
<doc>Checks the checkbox or selects radio button found by ``selector``.</doc>
<status status="PASS" starttime="20240906 16:52:00.515" endtime="20240906 16:52:00.918"/>
</kw>
<kw name="Fill Text" library="Browser">
<arg>${SELECTOR_SETTINGS_NETWORK_FIREWALL_SNTP_ADDRESS2_IP_INPUT}</arg>
<arg>${random_ip}</arg>
<tag>PageContent</tag>
<tag>Setter</tag>
<doc>Clears and fills the given ``txt`` into the text field found by ``selector``.</doc>
<msg timestamp="20240906 16:52:00.922" level="INFO">Fills the text '10.10.10.10' in the given field.</msg>
<status status="PASS" starttime="20240906 16:52:00.920" endtime="20240906 16:52:01.281"/>
</kw>
<kw name="Fill Text" library="Browser">
<arg>${SELECTOR_SETTINGS_NETWORK_FIREWALL_SNTP_ADDRESS2_MASK_INPUT}</arg>
<arg>${random_mask}</arg>
<tag>PageContent</tag>
<tag>Setter</tag>
<doc>Clears and fills the given ``txt`` into the text field found by ``selector``.</doc>
<msg timestamp="20240906 16:52:01.285" level="INFO">Fills the text '255.255.255.0' in the given field.</msg>
<status status="PASS" starttime="20240906 16:52:01.283" endtime="20240906 16:52:01.657"/>
</kw>
<kw name="Check Checkbox" library="Browser">
<arg>${SELECTOR_SETTINGS_NETWORK_FIREWALL_SNTP_ADDRESS3_ENABLE_CHECKBOX}</arg>
<tag>PageContent</tag>
<tag>Setter</tag>
<doc>Checks the checkbox or selects radio button found by ``selector``.</doc>
<status status="PASS" starttime="20240906 16:52:01.659" endtime="20240906 16:52:02.059"/>
</kw>
<kw name="Fill Text" library="Browser">
<arg>${SELECTOR_SETTINGS_NETWORK_FIREWALL_SNTP_ADDRESS3_IP_INPUT}</arg>
<arg>${random_ip}</arg>
<tag>PageContent</tag>
<tag>Setter</tag>
<doc>Clears and fills the given ``txt`` into the text field found by ``selector``.</doc>
<msg timestamp="20240906 16:52:02.063" level="INFO">Fills the text '10.10.10.10' in the given field.</msg>
<status status="PASS" starttime="20240906 16:52:02.061" endtime="20240906 16:52:02.417"/>
</kw>
<kw name="Fill Text" library="Browser">
<arg>${SELECTOR_SETTINGS_NETWORK_FIREWALL_SNTP_ADDRESS3_MASK_INPUT}</arg>
<arg>${random_mask}</arg>
<tag>PageContent</tag>
<tag>Setter</tag>
<doc>Clears and fills the given ``txt`` into the text field found by ``selector``.</doc>
<msg timestamp="20240906 16:52:02.422" level="INFO">Fills the text '255.255.255.0' in the given field.</msg>
<status status="PASS" starttime="20240906 16:52:02.420" endtime="20240906 16:52:02.777"/>
</kw>
<kw name="Uncheck Checkbox" library="Browser">
<arg>${SELECTOR_SETTINGS_NETWORK_FIREWALL_MODBUS_ENABLE_CHECKBOX}</arg>
<tag>PageContent</tag>
<tag>Setter</tag>
<doc>Unchecks the checkbox found by ``selector``.</doc>
<status status="PASS" starttime="20240906 16:52:02.779" endtime="20240906 16:52:03.184"/>
</kw>
<kw name="Check Checkbox" library="Browser">
<arg>${SELECTOR_SETTINGS_NETWORK_FIREWALL_MODBUS_ENABLE_CHECKBOX}</arg>
<tag>PageContent</tag>
<tag>Setter</tag>
<doc>Checks the checkbox or selects radio button found by ``selector``.</doc>
<status status="PASS" starttime="20240906 16:52:03.186" endtime="20240906 16:52:03.589"/>
</kw>
<kw name="Fill Text" library="Browser">
<arg>${SELECTOR_SETTINGS_NETWORK_FIREWALL_MODBUS_PORT_INPUT}</arg>
<arg>502</arg>
<tag>PageContent</tag>
<tag>Setter</tag>
<doc>Clears and fills the given ``txt`` into the text field found by ``selector``.</doc>
<msg timestamp="20240906 16:52:03.593" level="INFO">Fills the text '502' in the given field.</msg>
<status status="PASS" starttime="20240906 16:52:03.591" endtime="20240906 16:52:03.964"/>
</kw>
<kw name="Uncheck Checkbox" library="Browser">
<arg>${SELECTOR_SETTINGS_NETWORK_FIREWALL_MODBUS_PRIVATE_ADDRESS_CHECKBOX}</arg>
<tag>PageContent</tag>
<tag>Setter</tag>
<doc>Unchecks the checkbox found by ``selector``.</doc>
<status status="PASS" starttime="20240906 16:52:03.966" endtime="20240906 16:52:04.369"/>
</kw>
<kw name="Check Checkbox" library="Browser">
<arg>${SELECTOR_SETTINGS_NETWORK_FIREWALL_MODBUS_PRIVATE_ADDRESS_CHECKBOX}</arg>
<tag>PageContent</tag>
<tag>Setter</tag>
<doc>Checks the checkbox or selects radio button found by ``selector``.</doc>
<status status="PASS" starttime="20240906 16:52:04.371" endtime="20240906 16:52:04.758"/>
</kw>
<kw name="Check Checkbox" library="Browser">
<arg>${SELECTOR_SETTINGS_NETWORK_FIREWALL_MODBUS_ADDRESS1_ENABLE_CHECKBOX}</arg>
<tag>PageContent</tag>
<tag>Setter</tag>
<doc>Checks the checkbox or selects radio button found by ``selector``.</doc>
<status status="PASS" starttime="20240906 16:52:04.760" endtime="20240906 16:52:05.149"/>
</kw>
<kw name="Fill Text" library="Browser">
<arg>${SELECTOR_SETTINGS_NETWORK_FIREWALL_MODBUS_ADDRESS1_IP_INPUT}</arg>
<arg>${random_ip}</arg>
<tag>PageContent</tag>
<tag>Setter</tag>
<doc>Clears and fills the given ``txt`` into the text field found by ``selector``.</doc>
<msg timestamp="20240906 16:52:05.153" level="INFO">Fills the text '10.10.10.10' in the given field.</msg>
<status status="PASS" starttime="20240906 16:52:05.151" endtime="20240906 16:52:05.519"/>
</kw>
<kw name="Fill Text" library="Browser">
<arg>${SELECTOR_SETTINGS_NETWORK_FIREWALL_MODBUS_ADDRESS1_MASK_INPUT}</arg>
<arg>${random_mask}</arg>
<tag>PageContent</tag>
<tag>Setter</tag>
<doc>Clears and fills the given ``txt`` into the text field found by ``selector``.</doc>
<msg timestamp="20240906 16:52:05.523" level="INFO">Fills the text '255.255.255.0' in the given field.</msg>
<status status="PASS" starttime="20240906 16:52:05.521" endtime="20240906 16:52:05.877"/>
</kw>
<kw name="Check Checkbox" library="Browser">
<arg>${SELECTOR_SETTINGS_NETWORK_FIREWALL_MODBUS_ADDRESS2_ENABLE_CHECKBOX}</arg>
<tag>PageContent</tag>
<tag>Setter</tag>
<doc>Checks the checkbox or selects radio button found by ``selector``.</doc>
<status status="PASS" starttime="20240906 16:52:05.879" endtime="20240906 16:52:06.269"/>
</kw>
<kw name="Fill Text" library="Browser">
<arg>${SELECTOR_SETTINGS_NETWORK_FIREWALL_MODBUS_ADDRESS2_IP_INPUT}</arg>
<arg>${random_ip}</arg>
<tag>PageContent</tag>
<tag>Setter</tag>
<doc>Clears and fills the given ``txt`` into the text field found by ``selector``.</doc>
<msg timestamp="20240906 16:52:06.273" level="INFO">Fills the text '10.10.10.10' in the given field.</msg>
<status status="PASS" starttime="20240906 16:52:06.270" endtime="20240906 16:52:06.632"/>
</kw>
<kw name="Fill Text" library="Browser">
<arg>${SELECTOR_SETTINGS_NETWORK_FIREWALL_MODBUS_ADDRESS2_MASK_INPUT}</arg>
<arg>${random_mask}</arg>
<tag>PageContent</tag>
<tag>Setter</tag>
<doc>Clears and fills the given ``txt`` into the text field found by ``selector``.</doc>
<msg timestamp="20240906 16:52:06.636" level="INFO">Fills the text '255.255.255.0' in the given field.</msg>
<status status="PASS" starttime="20240906 16:52:06.634" endtime="20240906 16:52:07.010"/>
</kw>
<kw name="Check Checkbox" library="Browser">
<arg>${SELECTOR_SETTINGS_NETWORK_FIREWALL_MODBUS_ADDRESS3_ENABLE_CHECKBOX}</arg>
<tag>PageContent</tag>
<tag>Setter</tag>
<doc>Checks the checkbox or selects radio button found by ``selector``.</doc>
<status status="PASS" starttime="20240906 16:52:07.012" endtime="20240906 16:52:07.412"/>
</kw>
<kw name="Fill Text" library="Browser">
<arg>${SELECTOR_SETTINGS_NETWORK_FIREWALL_MODBUS_ADDRESS3_IP_INPUT}</arg>
<arg>${random_ip}</arg>
<tag>PageContent</tag>
<tag>Setter</tag>
<doc>Clears and fills the given ``txt`` into the text field found by ``selector``.</doc>
<msg timestamp="20240906 16:52:07.415" level="INFO">Fills the text '10.10.10.10' in the given field.</msg>
<status status="PASS" starttime="20240906 16:52:07.414" endtime="20240906 16:52:07.784"/>
</kw>
<kw name="Fill Text" library="Browser">
<arg>${SELECTOR_SETTINGS_NETWORK_FIREWALL_MODBUS_ADDRESS3_MASK_INPUT}</arg>
<arg>${random_mask}</arg>
<tag>PageContent</tag>
<tag>Setter</tag>
<doc>Clears and fills the given ``txt`` into the text field found by ``selector``.</doc>
<msg timestamp="20240906 16:52:07.788" level="INFO">Fills the text '255.255.255.0' in the given field.</msg>
<status status="PASS" starttime="20240906 16:52:07.786" endtime="20240906 16:52:08.144"/>
</kw>
<kw name="Action Button Or Cancel Button" library="global_variables">
<var>${button_result}</var>
<arg>${SELECTOR_SETTINGS_NETWORK_FIREWALL_SAVE_BUTTON}</arg>
<arg>${SELECTOR_SETTINGS_NETWORK_FIREWALL_CANCEL_BUTTON}</arg>
<arg>${save}</arg>
<if>
<branch type="IF" condition="$save==1 or $save=='save' or $save=='Save'">
<kw name="Run Keyword And Return Status" library="BuiltIn">
<var>${visibility}</var>
<arg>Check Xpath Visible</arg>
<arg>${action_btn}</arg>
<doc>Runs the given keyword with given arguments and returns the status as a Boolean value.</doc>
<status status="NOT RUN" starttime="20240906 16:52:08.152" endtime="20240906 16:52:08.153"/>
</kw>
<if>
<branch type="IF" condition="${visibility}">
<kw name="Click" library="Browser">
<arg>${action_btn}</arg>
<tag>PageContent</tag>
<tag>Setter</tag>
<doc>Simulates mouse click on the element found by ``selector``.</doc>
<status status="NOT RUN" starttime="20240906 16:52:08.156" endtime="20240906 16:52:08.157"/>
</kw>
<kw name="Set Variable" library="BuiltIn">
<var>${return text}</var>
<arg>Action visible and Browser.Clicked</arg>
<doc>Returns the given values which can then be assigned to a variables.</doc>
<status status="NOT RUN" starttime="20240906 16:52:08.159" endtime="20240906 16:52:08.160"/>
</kw>
<status status="NOT RUN" starttime="20240906 16:52:08.155" endtime="20240906 16:52:08.161"/>
</branch>
<branch type="ELSE">
<kw name="Set Variable" library="BuiltIn">
<var>${return text}</var>
<arg>Action not visible and not Browser.Clicked</arg>
<doc>Returns the given values which can then be assigned to a variables.</doc>
<status status="NOT RUN" starttime="20240906 16:52:08.163" endtime="20240906 16:52:08.164"/>
</kw>
<status status="NOT RUN" starttime="20240906 16:52:08.162" endtime="20240906 16:52:08.165"/>
</branch>
<status status="NOT RUN" starttime="20240906 16:52:08.154" endtime="20240906 16:52:08.166"/>
</if>
<kw name="Check Xpath Visible" library="global_variables">
<var>${snack-bar_visible}</var>
<arg>xpath=//span[@class='mdc-button__label']</arg>
<status status="NOT RUN" starttime="20240906 16:52:08.167" endtime="20240906 16:52:08.168"/>
</kw>
<kw name="Log To Console" library="BuiltIn">
<arg>Snack-bar: ${snack-bar_visible}</arg>
<doc>Logs the given message to the console.</doc>
<status status="NOT RUN" starttime="20240906 16:52:08.170" endtime="20240906 16:52:08.171"/>
</kw>
<kw name="Get Text From XPath" library="global_variables">
<var>${snack-bar_text}</var>
<arg>xpath=//span[@class='mdc-button__label']</arg>
<status status="NOT RUN" starttime="20240906 16:52:08.172" endtime="20240906 16:52:08.173"/>
</kw>
<kw name="Log To Console" library="BuiltIn">
<arg>Snack-bar text: ${snack-bar_text}</arg>
<doc>Logs the given message to the console.</doc>
<status status="NOT RUN" starttime="20240906 16:52:08.174" endtime="20240906 16:52:08.175"/>
</kw>
<status status="NOT RUN" starttime="20240906 16:52:08.150" endtime="20240906 16:52:08.176"/>
</branch>
<branch type="ELSE IF" condition="$save==2 or $save=='nosave' or $save=='Nosave'">
<kw name="Run Keyword And Return Status" library="BuiltIn">
<var>${visibility}</var>
<arg>Check Xpath Visible</arg>
<arg>${cancel_btn}</arg>
<doc>Runs the given keyword with given arguments and returns the status as a Boolean value.</doc>
<kw name="Check Xpath Visible" library="global_variables">
<arg>${cancel_btn}</arg>
<kw name="Run Keyword And Return Status" library="BuiltIn">
<var>${xpath_visible}</var>
<arg>Wait For Elements State</arg>
<arg>${xpath}</arg>
<arg>visible</arg>
<arg>timeout=2s</arg>
<doc>Runs the given keyword with given arguments and returns the status as a Boolean value.</doc>
<kw name="Wait For Elements State" library="Browser">
<arg>${xpath}</arg>
<arg>visible</arg>
<arg>timeout=2s</arg>
<tag>PageContent</tag>
<tag>Wait</tag>
<doc>Waits for the element found by ``selector`` to satisfy state option.</doc>
<msg timestamp="20240906 16:52:08.205" level="INFO">Waited for Element with selector xpath=//button[@data-qa-id='settings-network-firewall-cancel-button'] at state visible</msg>
<status status="PASS" starttime="20240906 16:52:08.188" endtime="20240906 16:52:08.206"/>
</kw>
<msg timestamp="20240906 16:52:08.208" level="INFO">${xpath_visible} = True</msg>
<status status="PASS" starttime="20240906 16:52:08.186" endtime="20240906 16:52:08.208"/>
</kw>
<if>
<branch type="IF" condition="${xpath_visible}">
<kw name="Set Variable" library="BuiltIn">
<var>${visibility}</var>
<arg>${True}</arg>
<doc>Returns the given values which can then be assigned to a variables.</doc>
<msg timestamp="20240906 16:52:08.213" level="INFO">${visibility} = True</msg>
<status status="PASS" starttime="20240906 16:52:08.211" endtime="20240906 16:52:08.214"/>
</kw>
<status status="PASS" starttime="20240906 16:52:08.210" endtime="20240906 16:52:08.215"/>
</branch>
<branch type="ELSE">
<kw name="Set Variable" library="BuiltIn">
<var>${visibility}</var>
<arg>${False}</arg>
<doc>Returns the given values which can then be assigned to a variables.</doc>
<status status="NOT RUN" starttime="20240906 16:52:08.217" endtime="20240906 16:52:08.219"/>
</kw>
<status status="NOT RUN" starttime="20240906 16:52:08.216" endtime="20240906 16:52:08.219"/>
</branch>
<status status="PASS" starttime="20240906 16:52:08.209" endtime="20240906 16:52:08.221"/>
</if>
<return>
<value>${visibility}</value>
<status status="PASS" starttime="20240906 16:52:08.221" endtime="20240906 16:52:08.223"/>
</return>
<status status="PASS" starttime="20240906 16:52:08.182" endtime="20240906 16:52:08.224"/>
</kw>
<msg timestamp="20240906 16:52:08.225" level="INFO">${visibility} = True</msg>
<status status="PASS" starttime="20240906 16:52:08.180" endtime="20240906 16:52:08.225"/>
</kw>
<if>
<branch type="IF" condition="${visibility}">
<kw name="Click" library="Browser">
<arg>${cancel_btn}</arg>
<tag>PageContent</tag>
<tag>Setter</tag>
<doc>Simulates mouse click on the element found by ``selector``.</doc>
<status status="PASS" starttime="20240906 16:52:08.229" endtime="20240906 16:52:08.658"/>
</kw>
<kw name="Set Variable" library="BuiltIn">
<var>${return text}</var>
<arg>Cancel visible and Browser.Clicked</arg>
<doc>Returns the given values which can then be assigned to a variables.</doc>
<msg timestamp="20240906 16:52:08.662" level="INFO">${return text} = Cancel visible and Browser.Clicked</msg>
<status status="PASS" starttime="20240906 16:52:08.660" endtime="20240906 16:52:08.662"/>
</kw>
<status status="PASS" starttime="20240906 16:52:08.227" endtime="20240906 16:52:08.663"/>
</branch>
<branch type="ELSE">
<kw name="Set Variable" library="BuiltIn">
<var>${return text}</var>
<arg>Cancel not visible and not Browser.Clicked</arg>
<doc>Returns the given values which can then be assigned to a variables.</doc>
<status status="NOT RUN" starttime="20240906 16:52:08.666" endtime="20240906 16:52:08.667"/>
</kw>
<status status="NOT RUN" starttime="20240906 16:52:08.664" endtime="20240906 16:52:08.668"/>
</branch>
<status status="PASS" starttime="20240906 16:52:08.226" endtime="20240906 16:52:08.669"/>
</if>
